Optimizer:
Adam (
Parameter Group 0
    amsgrad: False
    betas: (0.9, 0.999)
    eps: 1e-08
    lr: 0.001
    weight_decay: 0
)
Criterion:
CrossEntropyLoss()
Model:
FeedForwardNet(
  (layers): ModuleList(
    (0): Linear(in_features=2379, out_features=128, bias=True)
    (1): ReLU()
    (2): Linear(in_features=128, out_features=128, bias=True)
    (3): ReLU()
    (4): BatchNorm1d(128, eps=1e-05, momentum=0.1, affine=True, track_running_stats=True)
    (5): Dropout(p=0.25, inplace=False)
    (6): Linear(in_features=128, out_features=128, bias=True)
    (7): ReLU()
    (8): BatchNorm1d(128, eps=1e-05, momentum=0.1, affine=True, track_running_stats=True)
    (9): Dropout(p=0.25, inplace=False)
    (10): Linear(in_features=128, out_features=128, bias=True)
    (11): ReLU()
    (12): BatchNorm1d(128, eps=1e-05, momentum=0.1, affine=True, track_running_stats=True)
    (13): Dropout(p=0.25, inplace=False)
    (14): Linear(in_features=128, out_features=4, bias=True)
  )
)
N epochs:  30
Batch size:  256
Left margin:  30
Right margin:  30
------------------------------------------------------------------------------------
     epoch      |      name      |      loss      |   acc_frames   |  acc_samples   
------------------------------------------------------------------------------------
       1        | trénovací sada |     0.922      |     0.579      |
       1        | validační sada |     0.821      |     0.622      |     0.817      
       1        | testovací sada |     0.812      |     0.635      |     0.832      
------------------------------------------------------------------------------------
       2        | trénovací sada |     0.774      |     0.652      |
       2        | validační sada |     0.767      |     0.654      |     0.842      
       2        | testovací sada |     0.763      |     0.661      |     0.857      
------------------------------------------------------------------------------------
       3        | trénovací sada |     0.722      |     0.678      |
       3        | validační sada |     0.743      |     0.667      |     0.859      
       3        | testovací sada |     0.732      |     0.679      |     0.872      
------------------------------------------------------------------------------------
       4        | trénovací sada |     0.687      |     0.696      |
       4        | validační sada |     0.722      |     0.678      |     0.864      
       4        | testovací sada |     0.715      |     0.683      |     0.874      
------------------------------------------------------------------------------------
       5        | trénovací sada |     0.664      |     0.707      |
       5        | validační sada |     0.709      |     0.679      |     0.878      
       5        | testovací sada |     0.712      |     0.688      |     0.887      
------------------------------------------------------------------------------------
       6        | trénovací sada |     0.645      |     0.717      |
       6        | validační sada |     0.711      |     0.682      |     0.878      
       6        | testovací sada |     0.703      |     0.693      |     0.883      
------------------------------------------------------------------------------------
       7        | trénovací sada |     0.631      |     0.725      |
       7        | validační sada |     0.703      |     0.689      |     0.870      
       7        | testovací sada |     0.701      |     0.698      |     0.900      
------------------------------------------------------------------------------------
       8        | trénovací sada |     0.619      |     0.730      |
       8        | validační sada |     0.699      |     0.692      |     0.889      
       8        | testovací sada |     0.699      |     0.698      |     0.908      
------------------------------------------------------------------------------------
       9        | trénovací sada |     0.609      |     0.736      |
       9        | validační sada |     0.698      |     0.692      |     0.883      
       9        | testovací sada |     0.698      |     0.700      |     0.906      
------------------------------------------------------------------------------------
       10       | trénovací sada |     0.601      |     0.739      |
       10       | validační sada |     0.700      |     0.692      |     0.887      
       10       | testovací sada |     0.692      |     0.701      |     0.911      
------------------------------------------------------------------------------------
       11       | trénovací sada |     0.594      |     0.743      |
       11       | validační sada |     0.698      |     0.697      |     0.891      
       11       | testovací sada |     0.691      |     0.704      |     0.908      
------------------------------------------------------------------------------------
       12       | trénovací sada |     0.587      |     0.746      |
       12       | validační sada |     0.695      |     0.702      |     0.896      
       12       | testovací sada |     0.693      |     0.704      |     0.911      
------------------------------------------------------------------------------------
       13       | trénovací sada |     0.582      |     0.749      |
       13       | validační sada |     0.693      |     0.703      |     0.895      
       13       | testovací sada |     0.695      |     0.704      |     0.908      
------------------------------------------------------------------------------------
       14       | trénovací sada |     0.576      |     0.752      |
       14       | validační sada |     0.698      |     0.698      |     0.902      
       14       | testovací sada |     0.695      |     0.702      |     0.915      
------------------------------------------------------------------------------------
       15       | trénovací sada |     0.572      |     0.754      |
       15       | validační sada |     0.692      |     0.699      |     0.893      
       15       | testovací sada |     0.690      |     0.705      |     0.923      
------------------------------------------------------------------------------------
       16       | trénovací sada |     0.567      |     0.756      |
       16       | validační sada |     0.703      |     0.697      |     0.891      
       16       | testovací sada |     0.703      |     0.703      |     0.908      
------------------------------------------------------------------------------------
       17       | trénovací sada |     0.564      |     0.757      |
       17       | validační sada |     0.697      |     0.700      |     0.887      
       17       | testovací sada |     0.689      |     0.707      |     0.919      
------------------------------------------------------------------------------------
       18       | trénovací sada |     0.560      |     0.760      |
       18       | validační sada |     0.691      |     0.702      |     0.889      
       18       | testovací sada |     0.688      |     0.706      |     0.910      
------------------------------------------------------------------------------------
       19       | trénovací sada |     0.557      |     0.761      |
       19       | validační sada |     0.707      |     0.698      |     0.889      
       19       | testovací sada |     0.695      |     0.709      |     0.913      
------------------------------------------------------------------------------------
       20       | trénovací sada |     0.553      |     0.763      |
       20       | validační sada |     0.690      |     0.703      |     0.902      
       20       | testovací sada |     0.692      |     0.709      |     0.923      
------------------------------------------------------------------------------------
       21       | trénovací sada |     0.550      |     0.764      |
       21       | validační sada |     0.704      |     0.704      |     0.887      
       21       | testovací sada |     0.699      |     0.711      |     0.925      
------------------------------------------------------------------------------------
       22       | trénovací sada |     0.548      |     0.766      |
       22       | validační sada |     0.703      |     0.705      |     0.908      
       22       | testovací sada |     0.707      |     0.706      |     0.921      
------------------------------------------------------------------------------------
       23       | trénovací sada |     0.544      |     0.767      |
       23       | validační sada |     0.702      |     0.703      |     0.902      
       23       | testovací sada |     0.703      |     0.707      |     0.928      
------------------------------------------------------------------------------------
       24       | trénovací sada |     0.544      |     0.768      |
       24       | validační sada |     0.700      |     0.703      |     0.900      
       24       | testovací sada |     0.702      |     0.706      |     0.917      
------------------------------------------------------------------------------------
       25       | trénovací sada |     0.541      |     0.769      |
       25       | validační sada |     0.702      |     0.704      |     0.910      
       25       | testovací sada |     0.698      |     0.710      |     0.915      
------------------------------------------------------------------------------------
       26       | trénovací sada |     0.539      |     0.771      |
       26       | validační sada |     0.699      |     0.703      |     0.913      
       26       | testovací sada |     0.698      |     0.710      |     0.923      
------------------------------------------------------------------------------------
       27       | trénovací sada |     0.537      |     0.771      |
       27       | validační sada |     0.699      |     0.707      |     0.898      
       27       | testovací sada |     0.698      |     0.710      |     0.921      
------------------------------------------------------------------------------------
       28       | trénovací sada |     0.535      |     0.773      |
       28       | validační sada |     0.698      |     0.706      |     0.902      
       28       | testovací sada |     0.704      |     0.709      |     0.928      
------------------------------------------------------------------------------------
       29       | trénovací sada |     0.533      |     0.773      |
       29       | validační sada |     0.697      |     0.705      |     0.900      
       29       | testovací sada |     0.703      |     0.708      |     0.927      
------------------------------------------------------------------------------------
       30       | trénovací sada |     0.531      |     0.774      |
       30       | validační sada |     0.697      |     0.708      |     0.910      
       30       | testovací sada |     0.700      |     0.710      |     0.930      
------------------------------------------------------------------------------------
