Optimizer:
Adam (
Parameter Group 0
    amsgrad: False
    betas: (0.9, 0.999)
    eps: 1e-08
    lr: 0.001
    weight_decay: 0
)
Criterion:
CrossEntropyLoss()
Model:
FeedForwardNet(
  (layers): ModuleList(
    (0): Linear(in_features=1989, out_features=128, bias=True)
    (1): ReLU()
    (2): Linear(in_features=128, out_features=128, bias=True)
    (3): ReLU()
    (4): Linear(in_features=128, out_features=128, bias=True)
    (5): ReLU()
    (6): Linear(in_features=128, out_features=128, bias=True)
    (7): ReLU()
    (8): Linear(in_features=128, out_features=128, bias=True)
    (9): ReLU()
    (10): Linear(in_features=128, out_features=7, bias=True)
  )
)
N epochs:  10
Batch size:  256
Left margin:  25
Right margin:  25
------------------------------------------------------------------------------------
     epoch      |      name      |      loss      |   acc_frames   |  acc_samples   
------------------------------------------------------------------------------------
       1        | trénovací sada |     1.052      |     0.597      |
       1        | validační sada |     1.137      |     0.588      |     0.861      
       1        | testovací sada |     1.179      |     0.574      |     0.847      
------------------------------------------------------------------------------------
       2        | trénovací sada |     0.759      |     0.714      |
       2        | validační sada |     1.266      |     0.585      |     0.855      
       2        | testovací sada |     1.312      |     0.580      |     0.857      
------------------------------------------------------------------------------------
       3        | trénovací sada |     0.643      |     0.759      |
       3        | validační sada |     1.345      |     0.596      |     0.874      
       3        | testovací sada |     1.455      |     0.584      |     0.868      
------------------------------------------------------------------------------------
       4        | trénovací sada |     0.575      |     0.786      |
       4        | validační sada |     1.426      |     0.597      |     0.889      
       4        | testovací sada |     1.507      |     0.585      |     0.861      
------------------------------------------------------------------------------------
       5        | trénovací sada |     0.529      |     0.803      |
       5        | validační sada |     1.537      |     0.593      |     0.872      
       5        | testovací sada |     1.645      |     0.582      |     0.861      
------------------------------------------------------------------------------------
       6        | trénovací sada |     0.497      |     0.816      |
       6        | validační sada |     1.578      |     0.596      |     0.876      
       6        | testovací sada |     1.744      |     0.579      |     0.868      
------------------------------------------------------------------------------------
       7        | trénovací sada |     0.472      |     0.826      |
       7        | validační sada |     1.653      |     0.593      |     0.878      
       7        | testovací sada |     1.761      |     0.583      |     0.863      
------------------------------------------------------------------------------------
       8        | trénovací sada |     0.455      |     0.833      |
       8        | validační sada |     1.748      |     0.591      |     0.893      
       8        | testovací sada |     1.867      |     0.586      |     0.859      
------------------------------------------------------------------------------------
       9        | trénovací sada |     0.439      |     0.840      |
       9        | validační sada |     1.808      |     0.588      |     0.889      
       9        | testovací sada |     1.962      |     0.576      |     0.863      
------------------------------------------------------------------------------------
       10       | trénovací sada |     0.427      |     0.844      |
       10       | validační sada |     1.857      |     0.595      |     0.887      
       10       | testovací sada |     1.997      |     0.583      |     0.866      
------------------------------------------------------------------------------------
