Optimizer:  Adam (
Parameter Group 0
    amsgrad: False
    betas: (0.9, 0.999)
    eps: 1e-08
    lr: 0.001
    weight_decay: 0
)
Criterion:  CrossEntropyLoss()
Model:  FeedForwardNet(
  (layers): ModuleList(
    (0): Linear(in_features=1989, out_features=128, bias=True)
    (1): ReLU()
    (2): Linear(in_features=128, out_features=128, bias=True)
    (3): ReLU()
    (4): Linear(in_features=128, out_features=128, bias=True)
    (5): ReLU()
    (6): Linear(in_features=128, out_features=128, bias=True)
    (7): ReLU()
    (8): Linear(in_features=128, out_features=128, bias=True)
    (9): ReLU()
    (10): Linear(in_features=128, out_features=128, bias=True)
    (11): ReLU()
    (12): Linear(in_features=128, out_features=7, bias=True)
  )
)
N epochs: 10
Batch size:  32
Left margin:  25
Right margin:  25
------------------------------------------------------------------------------------
     epoch      |      name      |      loss      |   acc_frames   |  acc_samples   
------------------------------------------------------------------------------------
       1        |train: anglický |     1.090      |     0.581      |
       1        | val: anglický  |     1.167      |     0.576      |     0.833      
       1        | test: italský  |     2.832      |     0.189      |     0.204      
------------------------------------------------------------------------------------
       2        |train: anglický |     0.872      |     0.672      |
       2        | val: anglický  |     1.121      |     0.603      |     0.871      
       2        | test: italský  |     2.951      |     0.189      |     0.187      
------------------------------------------------------------------------------------
       3        |train: anglický |     0.782      |     0.710      |
       3        | val: anglický  |     1.168      |     0.608      |     0.862      
       3        | test: italský  |     3.072      |     0.191      |     0.209      
------------------------------------------------------------------------------------
       4        |train: anglický |     0.725      |     0.734      |
       4        | val: anglický  |     1.182      |     0.621      |     0.877      
       4        | test: italský  |     3.415      |     0.190      |     0.231      
------------------------------------------------------------------------------------
       5        |train: anglický |     0.681      |     0.753      |
       5        | val: anglický  |     1.257      |     0.616      |     0.871      
       5        | test: italský  |     3.594      |     0.185      |     0.236      
------------------------------------------------------------------------------------
       6        |train: anglický |     0.653      |     0.765      |
       6        | val: anglický  |     1.210      |     0.612      |     0.886      
       6        | test: italský  |     3.593      |     0.179      |     0.209      
------------------------------------------------------------------------------------
       7        |train: anglický |     0.629      |     0.775      |
       7        | val: anglický  |     1.305      |     0.609      |     0.875      
       7        | test: italský  |     3.779      |     0.177      |     0.209      
------------------------------------------------------------------------------------
       8        |train: anglický |     0.614      |     0.784      |
       8        | val: anglický  |     1.365      |     0.625      |     0.883      
       8        | test: italský  |     4.077      |     0.176      |     0.213      
------------------------------------------------------------------------------------
       9        |train: anglický |     0.588      |     0.794      |
       9        | val: anglický  |     1.332      |     0.617      |     0.883      
       9        | test: italský  |     3.792      |     0.178      |     0.207      
------------------------------------------------------------------------------------
       10       |train: anglický |     0.575      |     0.800      |
       10       | val: anglický  |     1.320      |     0.611      |     0.888      
       10       | test: italský  |     3.445      |     0.168      |     0.197      
------------------------------------------------------------------------------------
