Optimizer:
Adam (
Parameter Group 0
    amsgrad: False
    betas: (0.9, 0.999)
    eps: 1e-08
    lr: 0.001
    weight_decay: 0
)
Criterion:
CrossEntropyLoss()
Model:
FeedForwardNet(
  (layers): ModuleList(
    (0): Linear(in_features=1989, out_features=64, bias=True)
    (1): ReLU()
    (2): Linear(in_features=64, out_features=64, bias=True)
    (3): ReLU()
    (4): Linear(in_features=64, out_features=64, bias=True)
    (5): ReLU()
    (6): Linear(in_features=64, out_features=64, bias=True)
    (7): ReLU()
    (8): Linear(in_features=64, out_features=7, bias=True)
  )
)
N epochs:  10
Batch size:  256
Left margin:  25
Right margin:  25
------------------------------------------------------------------------------------
     epoch      |      name      |      loss      |   acc_frames   |  acc_samples   
------------------------------------------------------------------------------------
       1        | trénovací sada |     1.202      |     0.538      |
       1        | validační sada |     1.191      |     0.544      |     0.804      
       1        | testovací sada |     1.214      |     0.540      |     0.789      
------------------------------------------------------------------------------------
       2        | trénovací sada |     1.005      |     0.618      |
       2        | validační sada |     1.171      |     0.555      |     0.827      
       2        | testovací sada |     1.200      |     0.552      |     0.819      
------------------------------------------------------------------------------------
       3        | trénovací sada |     0.940      |     0.644      |
       3        | validační sada |     1.159      |     0.568      |     0.827      
       3        | testovací sada |     1.202      |     0.559      |     0.823      
------------------------------------------------------------------------------------
       4        | trénovací sada |     0.904      |     0.658      |
       4        | validační sada |     1.175      |     0.571      |     0.846      
       4        | testovací sada |     1.217      |     0.563      |     0.832      
------------------------------------------------------------------------------------
       5        | trénovací sada |     0.877      |     0.669      |
       5        | validační sada |     1.193      |     0.562      |     0.855      
       5        | testovací sada |     1.247      |     0.562      |     0.831      
------------------------------------------------------------------------------------
       6        | trénovací sada |     0.857      |     0.677      |
       6        | validační sada |     1.197      |     0.567      |     0.847      
       6        | testovací sada |     1.262      |     0.558      |     0.832      
------------------------------------------------------------------------------------
       7        | trénovací sada |     0.843      |     0.682      |
       7        | validační sada |     1.231      |     0.559      |     0.847      
       7        | testovací sada |     1.256      |     0.562      |     0.840      
------------------------------------------------------------------------------------
       8        | trénovací sada |     0.831      |     0.687      |
       8        | validační sada |     1.227      |     0.565      |     0.846      
       8        | testovací sada |     1.292      |     0.559      |     0.836      
------------------------------------------------------------------------------------
       9        | trénovací sada |     0.822      |     0.690      |
       9        | validační sada |     1.237      |     0.570      |     0.855      
       9        | testovací sada |     1.304      |     0.564      |     0.829      
------------------------------------------------------------------------------------
       10       | trénovací sada |     0.814      |     0.693      |
       10       | validační sada |     1.223      |     0.568      |     0.849      
       10       | testovací sada |     1.299      |     0.560      |     0.836      
------------------------------------------------------------------------------------
