Runs on device: cpu
Neural Network Architecture:
Sequential(
  (0): Linear(in_features=1989, out_features=128, bias=True)
  (1): ReLU()
  (2): Linear(in_features=128, out_features=128, bias=True)
  (3): ReLU()
  (4): Linear(in_features=128, out_features=128, bias=True)
  (5): ReLU()
  (6): Linear(in_features=128, out_features=7, bias=True)
)
Batch size: 512
Learning rate: 0.0001
------------------------------------------------------------------------------------
     epoch      |      name      |      loss      |   acc_frames   |  acc_samples   
------------------------------------------------------------------------------------
------------------------------------------------------------------------------------
       1        | train: RAVDESS |     1.654      |     0.356      |
       1        |  val: RAVDESS  |     1.616      |     0.372      |     0.576      
       1        | test: italský  |     2.368      |     0.195      |     0.245      
       1        |  test: český   |     4.556      |     0.065      |     0.111      
------------------------------------------------------------------------------------
       2        | train: RAVDESS |     1.445      |     0.446      |
       2        |  val: RAVDESS  |     1.543      |     0.406      |     0.722      
       2        | test: italský  |     2.659      |     0.194      |     0.219      
       2        |  test: český   |     5.848      |     0.050      |     0.032      
------------------------------------------------------------------------------------
       3        | train: RAVDESS |     1.339      |     0.490      |
       3        |  val: RAVDESS  |     1.531      |     0.413      |     0.750      
       3        | test: italský  |     2.852      |     0.194      |     0.235      
       3        |  test: český   |     6.887      |     0.054      |     0.063      
------------------------------------------------------------------------------------
       4        | train: RAVDESS |     1.266      |     0.520      |
       4        |  val: RAVDESS  |     1.522      |     0.421      |     0.799      
       4        | test: italský  |     3.149      |     0.188      |     0.224      
       4        |  test: český   |     8.333      |     0.043      |     0.016      
------------------------------------------------------------------------------------
       5        | train: RAVDESS |     1.210      |     0.543      |
       5        |  val: RAVDESS  |     1.528      |     0.420      |     0.847      
       5        | test: italský  |     3.307      |     0.190      |     0.221      
       5        |  test: český   |     9.092      |     0.033      |     0.000      
------------------------------------------------------------------------------------
       6        | train: RAVDESS |     1.164      |     0.561      |
       6        |  val: RAVDESS  |     1.528      |     0.430      |     0.799      
       6        | test: italský  |     3.488      |     0.192      |     0.235      
       6        |  test: český   |     9.158      |     0.046      |     0.000      
------------------------------------------------------------------------------------
       7        | train: RAVDESS |     1.124      |     0.577      |
       7        |  val: RAVDESS  |     1.528      |     0.438      |     0.847      
       7        | test: italský  |     3.571      |     0.187      |     0.214      
       7        |  test: český   |     10.621     |     0.048      |     0.079      
------------------------------------------------------------------------------------
       8        | train: RAVDESS |     1.087      |     0.591      |
       8        |  val: RAVDESS  |     1.542      |     0.442      |     0.806      
       8        | test: italský  |     3.755      |     0.188      |     0.233      
       8        |  test: český   |     10.736     |     0.041      |     0.016      
------------------------------------------------------------------------------------
       9        | train: RAVDESS |     1.055      |     0.603      |
       9        |  val: RAVDESS  |     1.547      |     0.445      |     0.819      
       9        | test: italský  |     3.863      |     0.185      |     0.223      
       9        |  test: český   |     11.828     |     0.040      |     0.016      
------------------------------------------------------------------------------------
       10       | train: RAVDESS |     1.026      |     0.615      |
       10       |  val: RAVDESS  |     1.563      |     0.435      |     0.861      
       10       | test: italský  |     4.198      |     0.184      |     0.219      
       10       |  test: český   |     12.246     |     0.039      |     0.016      
Finished Training
