Optimizer:  Adam (
Parameter Group 0
    amsgrad: False
    betas: (0.9, 0.999)
    eps: 1e-08
    lr: 0.001
    weight_decay: 0
)
Criterion:  CrossEntropyLoss()
Model:  FeedForwardNet(
  (layers): ModuleList(
    (0): Linear(in_features=1989, out_features=16, bias=True)
    (1): ReLU()
    (2): Linear(in_features=16, out_features=16, bias=True)
    (3): ReLU()
    (4): Linear(in_features=16, out_features=16, bias=True)
    (5): ReLU()
    (6): Linear(in_features=16, out_features=16, bias=True)
    (7): ReLU()
    (8): Linear(in_features=16, out_features=7, bias=True)
  )
)
N epochs: 10
Batch size:  32
Left margin:  25
Right margin:  25
------------------------------------------------------------------------------------
     epoch      |      name      |      loss      |   acc_frames   |  acc_samples   
------------------------------------------------------------------------------------
       1        |train: anglický |     1.485      |     0.418      |
       1        | val: anglický  |     1.414      |     0.450      |     0.708      
       1        | test: italský  |     2.096      |     0.192      |     0.187      
------------------------------------------------------------------------------------
       2        |train: anglický |     1.341      |     0.477      |
       2        | val: anglický  |     1.363      |     0.461      |     0.727      
       2        | test: italský  |     2.129      |     0.195      |     0.197      
------------------------------------------------------------------------------------
       3        |train: anglický |     1.295      |     0.496      |
       3        | val: anglický  |     1.314      |     0.490      |     0.758      
       3        | test: italský  |     2.090      |     0.204      |     0.231      
------------------------------------------------------------------------------------
       4        |train: anglický |     1.271      |     0.507      |
       4        | val: anglický  |     1.300      |     0.500      |     0.758      
       4        | test: italský  |     2.077      |     0.203      |     0.236      
------------------------------------------------------------------------------------
       5        |train: anglický |     1.254      |     0.513      |
       5        | val: anglický  |     1.280      |     0.502      |     0.769      
       5        | test: italský  |     2.182      |     0.195      |     0.184      
------------------------------------------------------------------------------------
       6        |train: anglický |     1.241      |     0.518      |
       6        | val: anglický  |     1.277      |     0.509      |     0.765      
       6        | test: italský  |     2.165      |     0.199      |     0.204      
------------------------------------------------------------------------------------
       7        |train: anglický |     1.233      |     0.521      |
       7        | val: anglický  |     1.280      |     0.502      |     0.748      
       7        | test: italský  |     2.150      |     0.213      |     0.240      
------------------------------------------------------------------------------------
       8        |train: anglický |     1.226      |     0.524      |
       8        | val: anglický  |     1.308      |     0.490      |     0.748      
       8        | test: italský  |     2.202      |     0.195      |     0.221      
------------------------------------------------------------------------------------
       9        |train: anglický |     1.220      |     0.526      |
       9        | val: anglický  |     1.259      |     0.517      |     0.782      
       9        | test: italský  |     2.274      |     0.215      |     0.226      
------------------------------------------------------------------------------------
       10       |train: anglický |     1.215      |     0.528      |
       10       | val: anglický  |     1.284      |     0.503      |     0.746      
       10       | test: italský  |     2.277      |     0.194      |     0.204      
------------------------------------------------------------------------------------
