Optimizer:
Adam (
Parameter Group 0
    amsgrad: False
    betas: (0.9, 0.999)
    eps: 1e-08
    lr: 0.001
    weight_decay: 0
)
Criterion:
CrossEntropyLoss()
Model:
FeedForwardNet(
  (layers): ModuleList(
    (0): Linear(in_features=1989, out_features=256, bias=True)
    (1): ReLU()
    (2): Linear(in_features=256, out_features=256, bias=True)
    (3): ReLU()
    (4): Linear(in_features=256, out_features=256, bias=True)
    (5): ReLU()
    (6): Linear(in_features=256, out_features=256, bias=True)
    (7): ReLU()
    (8): Linear(in_features=256, out_features=7, bias=True)
  )
)
N epochs:  10
Batch size:  256
Left margin:  25
Right margin:  25
------------------------------------------------------------------------------------
     epoch      |      name      |      loss      |   acc_frames   |  acc_samples   
------------------------------------------------------------------------------------
       1        | trénovací sada |     0.910      |     0.654      |
       1        | validační sada |     1.183      |     0.605      |     0.887      
       1        | testovací sada |     1.257      |     0.595      |     0.859      
------------------------------------------------------------------------------------
       2        | trénovací sada |     0.539      |     0.801      |
       2        | validační sada |     1.483      |     0.617      |     0.896      
       2        | testovací sada |     1.651      |     0.596      |     0.874      
------------------------------------------------------------------------------------
       3        | trénovací sada |     0.410      |     0.850      |
       3        | validační sada |     1.756      |     0.612      |     0.902      
       3        | testovací sada |     1.889      |     0.598      |     0.879      
------------------------------------------------------------------------------------
       4        | trénovací sada |     0.346      |     0.876      |
       4        | validační sada |     2.051      |     0.615      |     0.893      
       4        | testovací sada |     2.214      |     0.599      |     0.870      
------------------------------------------------------------------------------------
       5        | trénovací sada |     0.308      |     0.891      |
       5        | validační sada |     2.185      |     0.610      |     0.900      
       5        | testovací sada |     2.414      |     0.597      |     0.878      
------------------------------------------------------------------------------------
       6        | trénovací sada |     0.282      |     0.901      |
       6        | validační sada |     2.449      |     0.612      |     0.900      
       6        | testovací sada |     2.641      |     0.600      |     0.883      
------------------------------------------------------------------------------------
       7        | trénovací sada |     0.265      |     0.909      |
       7        | validační sada |     2.574      |     0.613      |     0.883      
       7        | testovací sada |     2.826      |     0.599      |     0.868      
------------------------------------------------------------------------------------
       8        | trénovací sada |     0.255      |     0.914      |
       8        | validační sada |     2.719      |     0.612      |     0.891      
       8        | testovací sada |     3.015      |     0.593      |     0.885      
------------------------------------------------------------------------------------
       9        | trénovací sada |     0.244      |     0.918      |
       9        | validační sada |     2.870      |     0.608      |     0.895      
       9        | testovací sada |     3.123      |     0.593      |     0.868      
------------------------------------------------------------------------------------
       10       | trénovací sada |     0.237      |     0.922      |
       10       | validační sada |     3.007      |     0.615      |     0.896      
       10       | testovací sada |     3.334      |     0.597      |     0.868      
------------------------------------------------------------------------------------
