Optimizer:
Adam (
Parameter Group 0
    amsgrad: False
    betas: (0.9, 0.999)
    eps: 1e-08
    lr: 0.001
    weight_decay: 0
)
Criterion:
CrossEntropyLoss()
Model:
FeedForwardNet(
  (layers): ModuleList(
    (0): Linear(in_features=3939, out_features=128, bias=True)
    (1): ReLU()
    (2): Linear(in_features=128, out_features=128, bias=True)
    (3): ReLU()
    (4): BatchNorm1d(128, eps=1e-05, momentum=0.1, affine=True, track_running_stats=True)
    (5): Dropout(p=0.25, inplace=False)
    (6): Linear(in_features=128, out_features=128, bias=True)
    (7): ReLU()
    (8): BatchNorm1d(128, eps=1e-05, momentum=0.1, affine=True, track_running_stats=True)
    (9): Dropout(p=0.25, inplace=False)
    (10): Linear(in_features=128, out_features=128, bias=True)
    (11): ReLU()
    (12): BatchNorm1d(128, eps=1e-05, momentum=0.1, affine=True, track_running_stats=True)
    (13): Dropout(p=0.25, inplace=False)
    (14): Linear(in_features=128, out_features=4, bias=True)
  )
)
N epochs:  50
Batch size:  256
Left margin:  50
Right margin:  50
------------------------------------------------------------------------------------
     epoch      |      name      |      loss      |   acc_frames   |  acc_samples   
------------------------------------------------------------------------------------
       1        | trénovací sada |     0.841      |     0.620      |
       1        | validační sada |     0.727      |     0.676      |     0.844      
       1        | testovací sada |     0.740      |     0.672      |     0.842      
------------------------------------------------------------------------------------
       2        | trénovací sada |     0.669      |     0.707      |
       2        | validační sada |     0.679      |     0.694      |     0.878      
       2        | testovací sada |     0.684      |     0.699      |     0.870      
------------------------------------------------------------------------------------
       3        | trénovací sada |     0.613      |     0.734      |
       3        | validační sada |     0.654      |     0.713      |     0.883      
       3        | testovací sada |     0.656      |     0.714      |     0.881      
------------------------------------------------------------------------------------
       4        | trénovací sada |     0.578      |     0.752      |
       4        | validační sada |     0.655      |     0.716      |     0.893      
       4        | testovací sada |     0.641      |     0.721      |     0.896      
------------------------------------------------------------------------------------
       5        | trénovací sada |     0.552      |     0.764      |
       5        | validační sada |     0.654      |     0.721      |     0.885      
       5        | testovací sada |     0.659      |     0.719      |     0.902      
------------------------------------------------------------------------------------
       6        | trénovací sada |     0.533      |     0.773      |
       6        | validační sada |     0.641      |     0.727      |     0.891      
       6        | testovací sada |     0.646      |     0.727      |     0.910      
------------------------------------------------------------------------------------
       7        | trénovací sada |     0.517      |     0.781      |
       7        | validační sada |     0.638      |     0.730      |     0.906      
       7        | testovací sada |     0.634      |     0.735      |     0.910      
------------------------------------------------------------------------------------
       8        | trénovací sada |     0.501      |     0.788      |
       8        | validační sada |     0.650      |     0.730      |     0.910      
       8        | testovací sada |     0.645      |     0.734      |     0.917      
------------------------------------------------------------------------------------
       9        | trénovací sada |     0.490      |     0.794      |
       9        | validační sada |     0.650      |     0.728      |     0.910      
       9        | testovací sada |     0.648      |     0.734      |     0.915      
------------------------------------------------------------------------------------
       10       | trénovací sada |     0.479      |     0.799      |
       10       | validační sada |     0.646      |     0.734      |     0.906      
       10       | testovací sada |     0.653      |     0.733      |     0.913      
------------------------------------------------------------------------------------
       11       | trénovací sada |     0.470      |     0.803      |
       11       | validační sada |     0.648      |     0.733      |     0.910      
       11       | testovací sada |     0.652      |     0.735      |     0.913      
------------------------------------------------------------------------------------
       12       | trénovací sada |     0.462      |     0.807      |
       12       | validační sada |     0.654      |     0.732      |     0.904      
       12       | testovací sada |     0.660      |     0.735      |     0.911      
------------------------------------------------------------------------------------
       13       | trénovací sada |     0.455      |     0.810      |
       13       | validační sada |     0.648      |     0.736      |     0.904      
       13       | testovací sada |     0.643      |     0.740      |     0.919      
------------------------------------------------------------------------------------
       14       | trénovací sada |     0.448      |     0.814      |
       14       | validační sada |     0.663      |     0.736      |     0.906      
       14       | testovací sada |     0.664      |     0.741      |     0.913      
------------------------------------------------------------------------------------
       15       | trénovací sada |     0.443      |     0.816      |
       15       | validační sada |     0.654      |     0.738      |     0.904      
       15       | testovací sada |     0.664      |     0.736      |     0.925      
------------------------------------------------------------------------------------
       16       | trénovací sada |     0.438      |     0.818      |
       16       | validační sada |     0.652      |     0.739      |     0.908      
       16       | testovací sada |     0.664      |     0.738      |     0.911      
------------------------------------------------------------------------------------
       17       | trénovací sada |     0.433      |     0.820      |
       17       | validační sada |     0.656      |     0.737      |     0.910      
       17       | testovací sada |     0.666      |     0.741      |     0.927      
------------------------------------------------------------------------------------
       18       | trénovací sada |     0.429      |     0.822      |
       18       | validační sada |     0.656      |     0.739      |     0.906      
       18       | testovací sada |     0.671      |     0.736      |     0.917      
------------------------------------------------------------------------------------
       19       | trénovací sada |     0.425      |     0.824      |
       19       | validační sada |     0.664      |     0.739      |     0.908      
       19       | testovací sada |     0.687      |     0.734      |     0.913      
------------------------------------------------------------------------------------
       20       | trénovací sada |     0.422      |     0.826      |
       20       | validační sada |     0.672      |     0.736      |     0.910      
       20       | testovací sada |     0.687      |     0.732      |     0.910      
------------------------------------------------------------------------------------
       21       | trénovací sada |     0.418      |     0.828      |
       21       | validační sada |     0.682      |     0.735      |     0.911      
       21       | testovací sada |     0.693      |     0.736      |     0.915      
------------------------------------------------------------------------------------
       22       | trénovací sada |     0.414      |     0.829      |
       22       | validační sada |     0.670      |     0.740      |     0.910      
       22       | testovací sada |     0.678      |     0.739      |     0.915      
------------------------------------------------------------------------------------
       23       | trénovací sada |     0.412      |     0.830      |
       23       | validační sada |     0.660      |     0.741      |     0.917      
       23       | testovací sada |     0.673      |     0.736      |     0.923      
------------------------------------------------------------------------------------
       24       | trénovací sada |     0.409      |     0.832      |
       24       | validační sada |     0.675      |     0.741      |     0.917      
       24       | testovací sada |     0.695      |     0.735      |     0.919      
------------------------------------------------------------------------------------
       25       | trénovací sada |     0.406      |     0.833      |
       25       | validační sada |     0.673      |     0.742      |     0.911      
       25       | testovací sada |     0.689      |     0.739      |     0.919      
------------------------------------------------------------------------------------
       26       | trénovací sada |     0.403      |     0.834      |
       26       | validační sada |     0.678      |     0.742      |     0.913      
       26       | testovací sada |     0.695      |     0.736      |     0.923      
------------------------------------------------------------------------------------
       27       | trénovací sada |     0.401      |     0.835      |
       27       | validační sada |     0.670      |     0.742      |     0.925      
       27       | testovací sada |     0.688      |     0.738      |     0.928      
------------------------------------------------------------------------------------
       28       | trénovací sada |     0.399      |     0.836      |
       28       | validační sada |     0.676      |     0.744      |     0.919      
       28       | testovací sada |     0.696      |     0.739      |     0.921      
------------------------------------------------------------------------------------
       29       | trénovací sada |     0.397      |     0.837      |
       29       | validační sada |     0.681      |     0.742      |     0.915      
       29       | testovací sada |     0.705      |     0.736      |     0.917      
------------------------------------------------------------------------------------
       30       | trénovací sada |     0.395      |     0.838      |
       30       | validační sada |     0.683      |     0.742      |     0.913      
       30       | testovací sada |     0.699      |     0.737      |     0.921      
------------------------------------------------------------------------------------
