Runs on device: cpu
Neural Network Architecture:
Sequential(
  (0): Linear(in_features=1209, out_features=128, bias=True)
  (1): ReLU()
  (2): Linear(in_features=128, out_features=64, bias=True)
  (3): ReLU()
  (4): Linear(in_features=64, out_features=7, bias=True)
)
Batch size: 128
------------------------------------------------------------------------------------
     epoch      |      name      |      loss      |   acc_frames   |  acc_samples   
------------------------------------------------------------------------------------
------------------------------------------------------------------------------------
       1        |train: anglický |     1.230      |     0.527      |
       1        | val: anglický  |     1.244      |     0.532      |     0.803      
       1        | test: italský  |     2.383      |     0.203      |     0.260      
------------------------------------------------------------------------------------
       2        |train: anglický |     1.100      |     0.578      |
       2        | val: anglický  |     1.214      |     0.545      |     0.837      
       2        | test: italský  |     2.411      |     0.183      |     0.247      
------------------------------------------------------------------------------------
       3        |train: anglický |     1.070      |     0.591      |
       3        | val: anglický  |     1.190      |     0.552      |     0.850      
       3        | test: italský  |     2.494      |     0.184      |     0.236      
------------------------------------------------------------------------------------
       4        |train: anglický |     1.056      |     0.596      |
       4        | val: anglický  |     1.192      |     0.551      |     0.845      
       4        | test: italský  |     2.496      |     0.186      |     0.245      
------------------------------------------------------------------------------------
       5        |train: anglický |     1.046      |     0.600      |
       5        | val: anglický  |     1.179      |     0.559      |     0.860      
       5        | test: italský  |     2.544      |     0.186      |     0.230      
------------------------------------------------------------------------------------
       6        |train: anglický |     1.037      |     0.603      |
       6        | val: anglický  |     1.187      |     0.557      |     0.856      
       6        | test: italský  |     2.635      |     0.188      |     0.204      
------------------------------------------------------------------------------------
       7        |train: anglický |     1.031      |     0.605      |
       7        | val: anglický  |     1.192      |     0.553      |     0.847      
       7        | test: italský  |     2.583      |     0.195      |     0.235      
------------------------------------------------------------------------------------
       8        |train: anglický |     1.026      |     0.608      |
       8        | val: anglický  |     1.180      |     0.562      |     0.850      
       8        | test: italský  |     2.609      |     0.185      |     0.221      
------------------------------------------------------------------------------------
       9        |train: anglický |     1.022      |     0.610      |
       9        | val: anglický  |     1.189      |     0.557      |     0.854      
       9        | test: italský  |     2.593      |     0.186      |     0.231      
------------------------------------------------------------------------------------
       10       |train: anglický |     1.018      |     0.611      |
       10       | val: anglický  |     1.181      |     0.558      |     0.847      
       10       | test: italský  |     2.699      |     0.186      |     0.226      
Finished Training
