Optimizer:
Adam (
Parameter Group 0
    amsgrad: False
    betas: (0.9, 0.999)
    eps: 1e-08
    lr: 0.001
    weight_decay: 0
)
Criterion:
CrossEntropyLoss()
Model:
FeedForwardNet(
  (layers): ModuleList(
    (0): Linear(in_features=2379, out_features=128, bias=True)
    (1): ReLU()
    (2): Linear(in_features=128, out_features=128, bias=True)
    (3): ReLU()
    (4): Linear(in_features=128, out_features=128, bias=True)
    (5): ReLU()
    (6): Linear(in_features=128, out_features=128, bias=True)
    (7): ReLU()
    (8): Linear(in_features=128, out_features=7, bias=True)
  )
)
N epochs:  10
Batch size:  256
Left margin:  30
Right margin:  30
------------------------------------------------------------------------------------
     epoch      |      name      |      loss      |   acc_frames   |  acc_samples   
------------------------------------------------------------------------------------
       1        | trénovací sada |     0.996      |     0.620      |
       1        | validační sada |     1.135      |     0.594      |     0.842      
       1        | testovací sada |     1.181      |     0.587      |     0.834      
------------------------------------------------------------------------------------
       2        | trénovací sada |     0.705      |     0.736      |
       2        | validační sada |     1.247      |     0.599      |     0.874      
       2        | testovací sada |     1.304      |     0.590      |     0.851      
------------------------------------------------------------------------------------
       3        | trénovací sada |     0.596      |     0.778      |
       3        | validační sada |     1.404      |     0.602      |     0.872      
       3        | testovací sada |     1.460      |     0.595      |     0.859      
------------------------------------------------------------------------------------
       4        | trénovací sada |     0.536      |     0.801      |
       4        | validační sada |     1.499      |     0.601      |     0.866      
       4        | testovací sada |     1.591      |     0.592      |     0.857      
------------------------------------------------------------------------------------
       5        | trénovací sada |     0.494      |     0.817      |
       5        | validační sada |     1.593      |     0.602      |     0.879      
       5        | testovací sada |     1.673      |     0.591      |     0.855      
------------------------------------------------------------------------------------
       6        | trénovací sada |     0.466      |     0.828      |
       6        | validační sada |     1.718      |     0.598      |     0.879      
       6        | testovací sada |     1.764      |     0.593      |     0.847      
------------------------------------------------------------------------------------
       7        | trénovací sada |     0.444      |     0.837      |
       7        | validační sada |     1.710      |     0.604      |     0.891      
       7        | testovací sada |     1.851      |     0.598      |     0.861      
------------------------------------------------------------------------------------
       8        | trénovací sada |     0.427      |     0.844      |
       8        | validační sada |     1.832      |     0.603      |     0.881      
       8        | testovací sada |     1.937      |     0.591      |     0.851      
------------------------------------------------------------------------------------
       9        | trénovací sada |     0.415      |     0.849      |
       9        | validační sada |     1.920      |     0.596      |     0.895      
       9        | testovací sada |     2.059      |     0.583      |     0.849      
------------------------------------------------------------------------------------
       10       | trénovací sada |     0.403      |     0.854      |
       10       | validační sada |     1.953      |     0.604      |     0.876      
       10       | testovací sada |     2.131      |     0.588      |     0.846      
------------------------------------------------------------------------------------
