Runs on device: cpu
Neural Network Architecture:
Sequential(
  (0): Linear(in_features=1989, out_features=128, bias=True)
  (1): ReLU()
  (2): Linear(in_features=128, out_features=128, bias=True)
  (3): ReLU()
  (4): Linear(in_features=128, out_features=128, bias=True)
  (5): ReLU()
  (6): Linear(in_features=128, out_features=3, bias=True)
)
Batch size: 512
Learning rate: 0.0001
------------------------------------------------------------------------------------
     epoch      |      name      |      loss      |   acc_frames   |  acc_samples   
------------------------------------------------------------------------------------
------------------------------------------------------------------------------------
       1        |train: anglický |     0.635      |     0.711      |
       1        | val: anglický  |     0.591      |     0.729      |     0.843      
       1        | test: italský  |     1.209      |     0.539      |     0.575      
       1        |  test: český   |     2.866      |     0.291      |     0.317      
------------------------------------------------------------------------------------
       2        |train: anglický |     0.501      |     0.774      |
       2        | val: anglický  |     0.558      |     0.744      |     0.867      
       2        | test: italský  |     1.365      |     0.529      |     0.573      
       2        |  test: český   |     3.246      |     0.309      |     0.365      
------------------------------------------------------------------------------------
       3        |train: anglický |     0.455      |     0.796      |
       3        | val: anglický  |     0.553      |     0.748      |     0.911      
       3        | test: italský  |     1.457      |     0.513      |     0.554      
       3        |  test: český   |     3.490      |     0.301      |     0.349      
------------------------------------------------------------------------------------
       4        |train: anglický |     0.425      |     0.811      |
       4        | val: anglický  |     0.555      |     0.751      |     0.911      
       4        | test: italský  |     1.540      |     0.520      |     0.561      
       4        |  test: český   |     4.043      |     0.292      |     0.365      
------------------------------------------------------------------------------------
       5        |train: anglický |     0.401      |     0.823      |
       5        | val: anglický  |     0.564      |     0.756      |     0.903      
       5        | test: italský  |     1.662      |     0.520      |     0.549      
       5        |  test: český   |     4.344      |     0.298      |     0.317      
------------------------------------------------------------------------------------
       6        |train: anglický |     0.382      |     0.832      |
       6        | val: anglický  |     0.577      |     0.753      |     0.900      
       6        | test: italský  |     1.779      |     0.515      |     0.551      
       6        |  test: český   |     4.678      |     0.312      |     0.365      
------------------------------------------------------------------------------------
       7        |train: anglický |     0.365      |     0.840      |
       7        | val: anglický  |     0.574      |     0.755      |     0.905      
       7        | test: italský  |     1.800      |     0.516      |     0.568      
       7        |  test: český   |     4.925      |     0.298      |     0.365      
------------------------------------------------------------------------------------
       8        |train: anglický |     0.351      |     0.847      |
       8        | val: anglický  |     0.591      |     0.754      |     0.909      
       8        | test: italský  |     1.934      |     0.524      |     0.568      
       8        |  test: český   |     5.241      |     0.303      |     0.397      
------------------------------------------------------------------------------------
       9        |train: anglický |     0.337      |     0.853      |
       9        | val: anglický  |     0.594      |     0.756      |     0.924      
       9        | test: italský  |     1.989      |     0.514      |     0.548      
       9        |  test: český   |     5.407      |     0.276      |     0.333      
------------------------------------------------------------------------------------
       10       |train: anglický |     0.326      |     0.859      |
       10       | val: anglický  |     0.613      |     0.758      |     0.898      
       10       | test: italský  |     2.061      |     0.522      |     0.568      
       10       |  test: český   |     5.150      |     0.314      |     0.381      
------------------------------------------------------------------------------------
       11       |train: anglický |     0.315      |     0.864      |
       11       | val: anglický  |     0.611      |     0.753      |     0.936      
       11       | test: italský  |     2.139      |     0.505      |     0.556      
       11       |  test: český   |     5.573      |     0.307      |     0.365      
------------------------------------------------------------------------------------
       12       |train: anglický |     0.305      |     0.868      |
       12       | val: anglický  |     0.633      |     0.748      |     0.941      
       12       | test: italský  |     2.247      |     0.505      |     0.549      
       12       |  test: český   |     6.695      |     0.273      |     0.317      
------------------------------------------------------------------------------------
       13       |train: anglický |     0.296      |     0.873      |
       13       | val: anglický  |     0.640      |     0.758      |     0.924      
       13       | test: italský  |     2.359      |     0.517      |     0.554      
       13       |  test: český   |     6.359      |     0.295      |     0.349      
------------------------------------------------------------------------------------
       14       |train: anglický |     0.287      |     0.877      |
       14       | val: anglický  |     0.652      |     0.755      |     0.926      
       14       | test: italský  |     2.372      |     0.514      |     0.561      
       14       |  test: český   |     6.877      |     0.278      |     0.349      
------------------------------------------------------------------------------------
       15       |train: anglický |     0.279      |     0.880      |
       15       | val: anglický  |     0.669      |     0.751      |     0.930      
       15       | test: italský  |     2.432      |     0.508      |     0.554      
       15       |  test: český   |     6.704      |     0.281      |     0.302      
------------------------------------------------------------------------------------
       16       |train: anglický |     0.271      |     0.884      |
       16       | val: anglický  |     0.682      |     0.755      |     0.932      
       16       | test: italský  |     2.525      |     0.506      |     0.553      
       16       |  test: český   |     7.013      |     0.283      |     0.317      
------------------------------------------------------------------------------------
       17       |train: anglický |     0.265      |     0.887      |
       17       | val: anglický  |     0.690      |     0.753      |     0.939      
       17       | test: italský  |     2.560      |     0.503      |     0.549      
       17       |  test: český   |     7.154      |     0.283      |     0.317      
------------------------------------------------------------------------------------
       18       |train: anglický |     0.258      |     0.890      |
       18       | val: anglický  |     0.700      |     0.754      |     0.945      
       18       | test: italský  |     2.714      |     0.510      |     0.553      
       18       |  test: český   |     7.375      |     0.284      |     0.333      
------------------------------------------------------------------------------------
       19       |train: anglický |     0.252      |     0.893      |
       19       | val: anglický  |     0.724      |     0.757      |     0.917      
       19       | test: italský  |     2.907      |     0.518      |     0.566      
       19       |  test: český   |     7.432      |     0.307      |     0.381      
------------------------------------------------------------------------------------
       20       |train: anglický |     0.246      |     0.896      |
       20       | val: anglický  |     0.732      |     0.751      |     0.943      
       20       | test: italský  |     2.840      |     0.500      |     0.546      
       20       |  test: český   |     8.283      |     0.281      |     0.365      
------------------------------------------------------------------------------------
       21       |train: anglický |     0.240      |     0.898      |
       21       | val: anglický  |     0.756      |     0.754      |     0.926      
       21       | test: italský  |     2.951      |     0.510      |     0.553      
       21       |  test: český   |     8.808      |     0.279      |     0.302      
------------------------------------------------------------------------------------
       22       |train: anglický |     0.235      |     0.901      |
       22       | val: anglický  |     0.757      |     0.753      |     0.939      
       22       | test: italský  |     3.024      |     0.498      |     0.554      
       22       |  test: český   |     8.887      |     0.277      |     0.317      
------------------------------------------------------------------------------------
       23       |train: anglický |     0.229      |     0.903      |
       23       | val: anglický  |     0.766      |     0.752      |     0.945      
       23       | test: italský  |     3.050      |     0.493      |     0.548      
       23       |  test: český   |     8.637      |     0.288      |     0.349      
------------------------------------------------------------------------------------
       24       |train: anglický |     0.225      |     0.905      |
       24       | val: anglický  |     0.804      |     0.752      |     0.930      
       24       | test: italský  |     3.218      |     0.523      |     0.571      
       24       |  test: český   |     9.476      |     0.283      |     0.333      
------------------------------------------------------------------------------------
       25       |train: anglický |     0.220      |     0.907      |
       25       | val: anglický  |     0.793      |     0.753      |     0.949      
       25       | test: italský  |     3.222      |     0.500      |     0.549      
       25       |  test: český   |     9.211      |     0.288      |     0.365      
------------------------------------------------------------------------------------
       26       |train: anglický |     0.216      |     0.909      |
       26       | val: anglický  |     0.822      |     0.755      |     0.945      
       26       | test: italský  |     3.314      |     0.508      |     0.558      
       26       |  test: český   |     9.516      |     0.293      |     0.349      
------------------------------------------------------------------------------------
       27       |train: anglický |     0.211      |     0.911      |
       27       | val: anglický  |     0.820      |     0.756      |     0.936      
       27       | test: italský  |     3.450      |     0.512      |     0.561      
       27       |  test: český   |     9.872      |     0.285      |     0.333      
------------------------------------------------------------------------------------
       28       |train: anglický |     0.207      |     0.913      |
       28       | val: anglický  |     0.856      |     0.752      |     0.947      
       28       | test: italský  |     3.512      |     0.496      |     0.556      
       28       |  test: český   |     11.120     |     0.264      |     0.317      
------------------------------------------------------------------------------------
       29       |train: anglický |     0.203      |     0.915      |
       29       | val: anglický  |     0.866      |     0.750      |     0.941      
       29       | test: italský  |     3.482      |     0.500      |     0.546      
       29       |  test: český   |     10.553     |     0.277      |     0.349      
------------------------------------------------------------------------------------
       30       |train: anglický |     0.199      |     0.917      |
       30       | val: anglický  |     0.876      |     0.752      |     0.945      
       30       | test: italský  |     3.609      |     0.493      |     0.543      
       30       |  test: český   |     10.615     |     0.278      |     0.333      
Finished Training
