Optimizer:
Adam (
Parameter Group 0
    amsgrad: False
    betas: (0.9, 0.999)
    eps: 1e-08
    lr: 0.001
    weight_decay: 0
)
Criterion:
CrossEntropyLoss()
Model:
FeedForwardNet(
  (layers): ModuleList(
    (0): Linear(in_features=2379, out_features=128, bias=True)
    (1): ReLU()
    (2): Linear(in_features=128, out_features=128, bias=True)
    (3): ReLU()
    (4): BatchNorm1d(128, eps=1e-05, momentum=0.1, affine=True, track_running_stats=True)
    (5): Dropout(p=0.25, inplace=False)
    (6): Linear(in_features=128, out_features=128, bias=True)
    (7): ReLU()
    (8): BatchNorm1d(128, eps=1e-05, momentum=0.1, affine=True, track_running_stats=True)
    (9): Dropout(p=0.25, inplace=False)
    (10): Linear(in_features=128, out_features=7, bias=True)
  )
)
N epochs:  30
Batch size:  256
Left margin:  30
Right margin:  30
------------------------------------------------------------------------------------
     epoch      |      name      |      loss      |   acc_frames   |  acc_samples   
------------------------------------------------------------------------------------
       1        | trénovací sada |     1.253      |     0.517      |
       1        | validační sada |     1.073      |     0.580      |     0.810      
       1        | testovací sada |     1.095      |     0.580      |     0.789      
------------------------------------------------------------------------------------
       2        | trénovací sada |     1.049      |     0.599      |
       2        | validační sada |     1.004      |     0.611      |     0.840      
       2        | testovací sada |     1.027      |     0.606      |     0.825      
------------------------------------------------------------------------------------
       3        | trénovací sada |     0.985      |     0.624      |
       3        | validační sada |     0.987      |     0.618      |     0.847      
       3        | testovací sada |     1.008      |     0.616      |     0.831      
------------------------------------------------------------------------------------
       4        | trénovací sada |     0.947      |     0.640      |
       4        | validační sada |     0.967      |     0.627      |     0.853      
       4        | testovací sada |     0.990      |     0.620      |     0.851      
------------------------------------------------------------------------------------
       5        | trénovací sada |     0.921      |     0.650      |
       5        | validační sada |     0.971      |     0.629      |     0.847      
       5        | testovací sada |     0.984      |     0.623      |     0.846      
------------------------------------------------------------------------------------
       6        | trénovací sada |     0.901      |     0.658      |
       6        | validační sada |     0.957      |     0.630      |     0.851      
       6        | testovací sada |     0.982      |     0.625      |     0.853      
------------------------------------------------------------------------------------
       7        | trénovací sada |     0.884      |     0.664      |
       7        | validační sada |     0.962      |     0.629      |     0.855      
       7        | testovací sada |     0.989      |     0.624      |     0.851      
------------------------------------------------------------------------------------
       8        | trénovací sada |     0.875      |     0.668      |
       8        | validační sada |     0.948      |     0.636      |     0.861      
       8        | testovací sada |     0.972      |     0.631      |     0.859      
------------------------------------------------------------------------------------
       9        | trénovací sada |     0.863      |     0.673      |
       9        | validační sada |     0.971      |     0.635      |     0.846      
       9        | testovací sada |     0.971      |     0.633      |     0.853      
------------------------------------------------------------------------------------
       10       | trénovací sada |     0.856      |     0.675      |
       10       | validační sada |     0.947      |     0.639      |     0.870      
       10       | testovací sada |     0.978      |     0.628      |     0.861      
------------------------------------------------------------------------------------
       11       | trénovací sada |     0.848      |     0.678      |
       11       | validační sada |     0.946      |     0.640      |     0.863      
       11       | testovací sada |     0.967      |     0.632      |     0.864      
------------------------------------------------------------------------------------
       12       | trénovací sada |     0.841      |     0.680      |
       12       | validační sada |     0.945      |     0.639      |     0.870      
       12       | testovací sada |     0.961      |     0.636      |     0.863      
------------------------------------------------------------------------------------
       13       | trénovací sada |     0.836      |     0.683      |
       13       | validační sada |     0.952      |     0.635      |     0.861      
       13       | testovací sada |     0.975      |     0.634      |     0.866      
------------------------------------------------------------------------------------
       14       | trénovací sada |     0.831      |     0.685      |
       14       | validační sada |     0.945      |     0.641      |     0.857      
       14       | testovací sada |     0.962      |     0.636      |     0.868      
------------------------------------------------------------------------------------
       15       | trénovací sada |     0.826      |     0.686      |
       15       | validační sada |     0.943      |     0.641      |     0.861      
       15       | testovací sada |     0.963      |     0.638      |     0.864      
------------------------------------------------------------------------------------
       16       | trénovací sada |     0.822      |     0.688      |
       16       | validační sada |     0.948      |     0.642      |     0.874      
       16       | testovací sada |     0.965      |     0.638      |     0.872      
------------------------------------------------------------------------------------
       17       | trénovací sada |     0.818      |     0.689      |
       17       | validační sada |     0.948      |     0.639      |     0.868      
       17       | testovací sada |     0.962      |     0.636      |     0.870      
------------------------------------------------------------------------------------
       18       | trénovací sada |     0.814      |     0.691      |
       18       | validační sada |     0.946      |     0.638      |     0.863      
       18       | testovací sada |     0.967      |     0.636      |     0.874      
------------------------------------------------------------------------------------
       19       | trénovací sada |     0.811      |     0.692      |
       19       | validační sada |     0.944      |     0.641      |     0.864      
       19       | testovací sada |     0.970      |     0.636      |     0.872      
------------------------------------------------------------------------------------
       20       | trénovací sada |     0.808      |     0.694      |
       20       | validační sada |     0.943      |     0.644      |     0.866      
       20       | testovací sada |     0.967      |     0.635      |     0.872      
------------------------------------------------------------------------------------
       21       | trénovací sada |     0.804      |     0.695      |
       21       | validační sada |     0.943      |     0.643      |     0.863      
       21       | testovací sada |     0.969      |     0.635      |     0.859      
------------------------------------------------------------------------------------
       22       | trénovací sada |     0.801      |     0.696      |
       22       | validační sada |     0.953      |     0.641      |     0.872      
       22       | testovací sada |     0.971      |     0.634      |     0.870      
------------------------------------------------------------------------------------
       23       | trénovací sada |     0.799      |     0.697      |
       23       | validační sada |     0.942      |     0.643      |     0.881      
       23       | testovací sada |     0.965      |     0.638      |     0.870      
------------------------------------------------------------------------------------
       24       | trénovací sada |     0.797      |     0.698      |
       24       | validační sada |     0.947      |     0.640      |     0.870      
       24       | testovací sada |     0.969      |     0.635      |     0.876      
------------------------------------------------------------------------------------
       25       | trénovací sada |     0.794      |     0.698      |
       25       | validační sada |     0.940      |     0.644      |     0.881      
       25       | testovací sada |     0.963      |     0.637      |     0.881      
------------------------------------------------------------------------------------
       26       | trénovací sada |     0.793      |     0.699      |
       26       | validační sada |     0.943      |     0.643      |     0.864      
       26       | testovací sada |     0.967      |     0.636      |     0.872      
------------------------------------------------------------------------------------
       27       | trénovací sada |     0.790      |     0.700      |
       27       | validační sada |     0.944      |     0.643      |     0.861      
       27       | testovací sada |     0.967      |     0.638      |     0.864      
------------------------------------------------------------------------------------
       28       | trénovací sada |     0.788      |     0.701      |
       28       | validační sada |     0.944      |     0.644      |     0.878      
       28       | testovací sada |     0.966      |     0.641      |     0.868      
------------------------------------------------------------------------------------
       29       | trénovací sada |     0.786      |     0.702      |
       29       | validační sada |     0.952      |     0.642      |     0.872      
       29       | testovací sada |     0.972      |     0.637      |     0.876      
------------------------------------------------------------------------------------
       30       | trénovací sada |     0.784      |     0.703      |
       30       | validační sada |     0.942      |     0.645      |     0.879      
       30       | testovací sada |     0.966      |     0.636      |     0.872      
------------------------------------------------------------------------------------
