Runs on device: cpu
Neural Network Architecture:
Sequential(
  (0): Linear(in_features=3939, out_features=64, bias=True)
  (1): ReLU()
  (2): Linear(in_features=64, out_features=64, bias=True)
  (3): ReLU()
  (4): Linear(in_features=64, out_features=64, bias=True)
  (5): ReLU()
  (6): Linear(in_features=64, out_features=7, bias=True)
)
Epoch 1/30
train_loss: 1.284 - train_accuracy: 0.517  - val_loss: 1.236 - val_accuracy: 0.751  - test_loss: 3.284 - test_accuracy: 0.270
Epoch 2/30
train_loss: 1.072 - train_accuracy: 0.599  - val_loss: 1.175 - val_accuracy: 0.783  - test_loss: 3.650 - test_accuracy: 0.190
Epoch 3/30
train_loss: 1.006 - train_accuracy: 0.623  - val_loss: 1.146 - val_accuracy: 0.791  - test_loss: 4.014 - test_accuracy: 0.159
Epoch 4/30
train_loss: 0.965 - train_accuracy: 0.639  - val_loss: 1.130 - val_accuracy: 0.798  - test_loss: 4.817 - test_accuracy: 0.127
Epoch 5/30
train_loss: 0.935 - train_accuracy: 0.651  - val_loss: 1.120 - val_accuracy: 0.798  - test_loss: 5.125 - test_accuracy: 0.079
Epoch 6/30
train_loss: 0.910 - train_accuracy: 0.660  - val_loss: 1.099 - val_accuracy: 0.818  - test_loss: 5.576 - test_accuracy: 0.095
Epoch 7/30
train_loss: 0.889 - train_accuracy: 0.668  - val_loss: 1.111 - val_accuracy: 0.802  - test_loss: 6.019 - test_accuracy: 0.095
Epoch 8/30
train_loss: 0.871 - train_accuracy: 0.675  - val_loss: 1.107 - val_accuracy: 0.810  - test_loss: 6.326 - test_accuracy: 0.111
Epoch 9/30
train_loss: 0.855 - train_accuracy: 0.681  - val_loss: 1.112 - val_accuracy: 0.826  - test_loss: 6.467 - test_accuracy: 0.111
Epoch 10/30
train_loss: 0.841 - train_accuracy: 0.686  - val_loss: 1.112 - val_accuracy: 0.818  - test_loss: 6.312 - test_accuracy: 0.111
Epoch 11/30
train_loss: 0.829 - train_accuracy: 0.691  - val_loss: 1.107 - val_accuracy: 0.838  - test_loss: 6.078 - test_accuracy: 0.095
Epoch 12/30
train_loss: 0.818 - train_accuracy: 0.695  - val_loss: 1.113 - val_accuracy: 0.842  - test_loss: 6.424 - test_accuracy: 0.111
Epoch 13/30
train_loss: 0.808 - train_accuracy: 0.699  - val_loss: 1.108 - val_accuracy: 0.842  - test_loss: 6.604 - test_accuracy: 0.079
Epoch 14/30
train_loss: 0.798 - train_accuracy: 0.702  - val_loss: 1.109 - val_accuracy: 0.838  - test_loss: 6.806 - test_accuracy: 0.127
Epoch 15/30
train_loss: 0.790 - train_accuracy: 0.706  - val_loss: 1.110 - val_accuracy: 0.834  - test_loss: 6.788 - test_accuracy: 0.095
Epoch 16/30
train_loss: 0.782 - train_accuracy: 0.709  - val_loss: 1.113 - val_accuracy: 0.826  - test_loss: 6.772 - test_accuracy: 0.143
Epoch 17/30
train_loss: 0.775 - train_accuracy: 0.711  - val_loss: 1.111 - val_accuracy: 0.842  - test_loss: 6.969 - test_accuracy: 0.143
Epoch 18/30
train_loss: 0.768 - train_accuracy: 0.714  - val_loss: 1.127 - val_accuracy: 0.826  - test_loss: 7.184 - test_accuracy: 0.143
Epoch 19/30
train_loss: 0.761 - train_accuracy: 0.717  - val_loss: 1.119 - val_accuracy: 0.826  - test_loss: 7.107 - test_accuracy: 0.143
Epoch 20/30
train_loss: 0.756 - train_accuracy: 0.719  - val_loss: 1.115 - val_accuracy: 0.822  - test_loss: 7.376 - test_accuracy: 0.143
Epoch 21/30
train_loss: 0.750 - train_accuracy: 0.721  - val_loss: 1.125 - val_accuracy: 0.846  - test_loss: 7.216 - test_accuracy: 0.159
Epoch 22/30
train_loss: 0.745 - train_accuracy: 0.723  - val_loss: 1.121 - val_accuracy: 0.846  - test_loss: 7.382 - test_accuracy: 0.143
Epoch 23/30
train_loss: 0.740 - train_accuracy: 0.724  - val_loss: 1.135 - val_accuracy: 0.842  - test_loss: 7.547 - test_accuracy: 0.143
Epoch 24/30
train_loss: 0.735 - train_accuracy: 0.726  - val_loss: 1.132 - val_accuracy: 0.830  - test_loss: 7.580 - test_accuracy: 0.159
Epoch 25/30
train_loss: 0.731 - train_accuracy: 0.728  - val_loss: 1.130 - val_accuracy: 0.858  - test_loss: 7.418 - test_accuracy: 0.159
Epoch 26/30
train_loss: 0.726 - train_accuracy: 0.729  - val_loss: 1.140 - val_accuracy: 0.834  - test_loss: 7.533 - test_accuracy: 0.143
Epoch 27/30
train_loss: 0.722 - train_accuracy: 0.731  - val_loss: 1.141 - val_accuracy: 0.838  - test_loss: 7.406 - test_accuracy: 0.159
Epoch 28/30
train_loss: 0.718 - train_accuracy: 0.733  - val_loss: 1.145 - val_accuracy: 0.842  - test_loss: 7.392 - test_accuracy: 0.159
Epoch 29/30
train_loss: 0.714 - train_accuracy: 0.734  - val_loss: 1.147 - val_accuracy: 0.838  - test_loss: 7.279 - test_accuracy: 0.190
Epoch 30/30
train_loss: 0.711 - train_accuracy: 0.735  - val_loss: 1.167 - val_accuracy: 0.830  - test_loss: 7.610 - test_accuracy: 0.159
Finished Training
