Runs on device: cpu
Neural Network Architecture:
Sequential(
  (0): Linear(in_features=3939, out_features=256, bias=True)
  (1): ReLU()
  (2): Linear(in_features=256, out_features=256, bias=True)
  (3): ReLU()
  (4): Linear(in_features=256, out_features=256, bias=True)
  (5): ReLU()
  (6): Linear(in_features=256, out_features=7, bias=True)
)
Epoch 1/30
train_loss: 1.016 - train_accuracy: 0.622  - val_loss: 1.065 - val_accuracy: 0.810  - test_loss: 8.193 - test_accuracy: 0.190
Epoch 2/30
train_loss: 0.666 - train_accuracy: 0.757  - val_loss: 1.067 - val_accuracy: 0.850  - test_loss: 10.624 - test_accuracy: 0.175
Epoch 3/30
train_loss: 0.512 - train_accuracy: 0.816  - val_loss: 1.138 - val_accuracy: 0.874  - test_loss: 13.659 - test_accuracy: 0.175
Epoch 4/30
train_loss: 0.405 - train_accuracy: 0.857  - val_loss: 1.244 - val_accuracy: 0.885  - test_loss: 16.419 - test_accuracy: 0.222
Epoch 5/30
train_loss: 0.326 - train_accuracy: 0.887  - val_loss: 1.350 - val_accuracy: 0.897  - test_loss: 18.706 - test_accuracy: 0.222
Epoch 6/30
train_loss: 0.263 - train_accuracy: 0.910  - val_loss: 1.504 - val_accuracy: 0.885  - test_loss: 21.257 - test_accuracy: 0.206
Epoch 7/30
train_loss: 0.216 - train_accuracy: 0.927  - val_loss: 1.664 - val_accuracy: 0.877  - test_loss: 24.994 - test_accuracy: 0.206
Epoch 8/30
train_loss: 0.179 - train_accuracy: 0.940  - val_loss: 1.807 - val_accuracy: 0.889  - test_loss: 28.068 - test_accuracy: 0.222
Epoch 9/30
train_loss: 0.149 - train_accuracy: 0.951  - val_loss: 2.013 - val_accuracy: 0.885  - test_loss: 30.962 - test_accuracy: 0.254
Epoch 10/30
train_loss: 0.126 - train_accuracy: 0.959  - val_loss: 2.160 - val_accuracy: 0.889  - test_loss: 33.507 - test_accuracy: 0.254
Epoch 11/30
train_loss: 0.107 - train_accuracy: 0.966  - val_loss: 2.343 - val_accuracy: 0.877  - test_loss: 38.408 - test_accuracy: 0.222
Epoch 12/30
train_loss: 0.092 - train_accuracy: 0.971  - val_loss: 2.499 - val_accuracy: 0.877  - test_loss: 36.381 - test_accuracy: 0.270
Epoch 13/30
train_loss: 0.081 - train_accuracy: 0.975  - val_loss: 2.668 - val_accuracy: 0.877  - test_loss: 39.305 - test_accuracy: 0.270
Epoch 14/30
train_loss: 0.071 - train_accuracy: 0.978  - val_loss: 2.834 - val_accuracy: 0.877  - test_loss: 45.553 - test_accuracy: 0.254
Epoch 15/30
train_loss: 0.064 - train_accuracy: 0.980  - val_loss: 2.939 - val_accuracy: 0.881  - test_loss: 48.023 - test_accuracy: 0.254
Epoch 16/30
train_loss: 0.057 - train_accuracy: 0.983  - val_loss: 3.063 - val_accuracy: 0.874  - test_loss: 48.712 - test_accuracy: 0.270
Epoch 17/30
train_loss: 0.051 - train_accuracy: 0.984  - val_loss: 3.159 - val_accuracy: 0.893  - test_loss: 52.485 - test_accuracy: 0.286
Epoch 18/30
train_loss: 0.048 - train_accuracy: 0.985  - val_loss: 3.329 - val_accuracy: 0.905  - test_loss: 54.100 - test_accuracy: 0.254
Epoch 19/30
train_loss: 0.043 - train_accuracy: 0.987  - val_loss: 3.457 - val_accuracy: 0.897  - test_loss: 55.419 - test_accuracy: 0.270
Epoch 20/30
train_loss: 0.040 - train_accuracy: 0.988  - val_loss: 3.549 - val_accuracy: 0.889  - test_loss: 58.610 - test_accuracy: 0.270
Epoch 21/30
train_loss: 0.038 - train_accuracy: 0.988  - val_loss: 3.736 - val_accuracy: 0.885  - test_loss: 61.717 - test_accuracy: 0.238
Epoch 22/30
train_loss: 0.036 - train_accuracy: 0.989  - val_loss: 3.830 - val_accuracy: 0.885  - test_loss: 65.909 - test_accuracy: 0.270
Epoch 23/30
train_loss: 0.033 - train_accuracy: 0.990  - val_loss: 3.966 - val_accuracy: 0.877  - test_loss: 61.009 - test_accuracy: 0.270
Epoch 24/30
train_loss: 0.033 - train_accuracy: 0.990  - val_loss: 4.054 - val_accuracy: 0.881  - test_loss: 67.233 - test_accuracy: 0.286
Epoch 25/30
train_loss: 0.031 - train_accuracy: 0.991  - val_loss: 3.999 - val_accuracy: 0.885  - test_loss: 64.477 - test_accuracy: 0.270
Epoch 26/30
train_loss: 0.029 - train_accuracy: 0.991  - val_loss: 4.171 - val_accuracy: 0.881  - test_loss: 65.651 - test_accuracy: 0.270
Epoch 27/30
train_loss: 0.029 - train_accuracy: 0.991  - val_loss: 4.266 - val_accuracy: 0.881  - test_loss: 67.101 - test_accuracy: 0.270
Epoch 28/30
train_loss: 0.027 - train_accuracy: 0.992  - val_loss: 4.302 - val_accuracy: 0.893  - test_loss: 75.533 - test_accuracy: 0.270
Epoch 29/30
train_loss: 0.027 - train_accuracy: 0.992  - val_loss: 4.475 - val_accuracy: 0.885  - test_loss: 75.551 - test_accuracy: 0.286
Epoch 30/30
train_loss: 0.027 - train_accuracy: 0.992  - val_loss: 4.532 - val_accuracy: 0.885  - test_loss: 71.036 - test_accuracy: 0.254
Finished Training
