Optimizer:
Adam (
Parameter Group 0
    amsgrad: False
    betas: (0.9, 0.999)
    eps: 1e-08
    lr: 0.001
    weight_decay: 0
)
Criterion:
CrossEntropyLoss()
Model:
FeedForwardNet(
  (layers): ModuleList(
    (0): Linear(in_features=1989, out_features=128, bias=True)
    (1): ReLU()
    (2): Linear(in_features=128, out_features=128, bias=True)
    (3): ReLU()
    (4): Linear(in_features=128, out_features=128, bias=True)
    (5): ReLU()
    (6): Linear(in_features=128, out_features=128, bias=True)
    (7): ReLU()
    (8): Linear(in_features=128, out_features=7, bias=True)
  )
)
N epochs:  10
Batch size:  256
Left margin:  25
Right margin:  25
------------------------------------------------------------------------------------
     epoch      |      name      |      loss      |   acc_frames   |  acc_samples   
------------------------------------------------------------------------------------
       1        | trénovací sada |     1.042      |     0.602      |
       1        | validační sada |     1.133      |     0.583      |     0.863      
       1        | testovací sada |     1.198      |     0.566      |     0.836      
------------------------------------------------------------------------------------
       2        | trénovací sada |     0.763      |     0.712      |
       2        | validační sada |     1.240      |     0.587      |     0.859      
       2        | testovací sada |     1.274      |     0.578      |     0.855      
------------------------------------------------------------------------------------
       3        | trénovací sada |     0.658      |     0.754      |
       3        | validační sada |     1.354      |     0.586      |     0.876      
       3        | testovací sada |     1.426      |     0.577      |     0.864      
------------------------------------------------------------------------------------
       4        | trénovací sada |     0.595      |     0.778      |
       4        | validační sada |     1.400      |     0.597      |     0.874      
       4        | testovací sada |     1.506      |     0.582      |     0.861      
------------------------------------------------------------------------------------
       5        | trénovací sada |     0.555      |     0.794      |
       5        | validační sada |     1.526      |     0.592      |     0.879      
       5        | testovací sada |     1.621      |     0.582      |     0.864      
------------------------------------------------------------------------------------
       6        | trénovací sada |     0.526      |     0.805      |
       6        | validační sada |     1.571      |     0.591      |     0.887      
       6        | testovací sada |     1.705      |     0.574      |     0.853      
------------------------------------------------------------------------------------
       7        | trénovací sada |     0.503      |     0.815      |
       7        | validační sada |     1.658      |     0.585      |     0.868      
       7        | testovací sada |     1.761      |     0.576      |     0.872      
------------------------------------------------------------------------------------
       8        | trénovací sada |     0.486      |     0.821      |
       8        | validační sada |     1.695      |     0.583      |     0.879      
       8        | testovací sada |     1.816      |     0.572      |     0.859      
------------------------------------------------------------------------------------
       9        | trénovací sada |     0.471      |     0.827      |
       9        | validační sada |     1.764      |     0.590      |     0.870      
       9        | testovací sada |     1.869      |     0.575      |     0.872      
------------------------------------------------------------------------------------
       10       | trénovací sada |     0.460      |     0.831      |
       10       | validační sada |     1.759      |     0.590      |     0.887      
       10       | testovací sada |     1.920      |     0.570      |     0.859      
------------------------------------------------------------------------------------
