Optimizer:  Adam (
Parameter Group 0
    amsgrad: False
    betas: (0.9, 0.999)
    eps: 1e-08
    lr: 0.001
    weight_decay: 0
)
Criterion:  CrossEntropyLoss()
Model:  FeedForwardNet(
  (layers): ModuleList(
    (0): Linear(in_features=2379, out_features=64, bias=True)
    (1): ReLU()
    (2): BatchNorm1d(64, eps=1e-05, momentum=0.1, affine=True, track_running_stats=True)
    (3): BasicResidual(
      (layers): ModuleList(
        (0): Linear(in_features=64, out_features=64, bias=True)
        (1): ReLU()
        (2): BatchNorm1d(64, eps=1e-05, momentum=0.1, affine=True, track_running_stats=True)
        (3): Linear(in_features=64, out_features=64, bias=True)
        (4): ReLU()
        (5): BatchNorm1d(64, eps=1e-05, momentum=0.1, affine=True, track_running_stats=True)
      )
    )
    (4): Linear(in_features=64, out_features=7, bias=True)
  )
)
------------------------------------------------------------------------------------
     epoch      |      name      |      loss      |   acc_frames   |  acc_samples   
------------------------------------------------------------------------------------
       1        |train: anglický |     0.890      |     0.661      |
       1        | val: anglický  |     1.250      |     0.630      |     0.858      
       1        | test: italský  |     2.772      |     0.207      |     0.241      
------------------------------------------------------------------------------------
       2        |train: anglický |     0.886      |     0.663      |
       2        | val: anglický  |     1.191      |     0.633      |     0.862      
       2        | test: italský  |     2.890      |     0.206      |     0.223      
------------------------------------------------------------------------------------
       3        |train: anglický |     0.883      |     0.664      |
       3        | val: anglický  |     1.111      |     0.640      |     0.869      
       3        | test: italský  |     2.756      |     0.213      |     0.231      
------------------------------------------------------------------------------------
       4        |train: anglický |     0.878      |     0.666      |
       4        | val: anglický  |     1.625      |     0.636      |     0.852      
       4        | test: italský  |     2.970      |     0.214      |     0.226      
------------------------------------------------------------------------------------
       5        |train: anglický |     0.874      |     0.667      |
       5        | val: anglický  |     1.329      |     0.642      |     0.860      
       5        | test: italský  |     2.821      |     0.213      |     0.230      
------------------------------------------------------------------------------------
       6        |train: anglický |     0.871      |     0.668      |
       6        | val: anglický  |     1.057      |     0.639      |     0.864      
       6        | test: italský  |     2.784      |     0.210      |     0.233      
------------------------------------------------------------------------------------
       7        |train: anglický |     0.868      |     0.670      |
       7        | val: anglický  |     1.226      |     0.641      |     0.862      
       7        | test: italský  |     2.883      |     0.204      |     0.219      
------------------------------------------------------------------------------------
       8        |train: anglický |     0.865      |     0.671      |
       8        | val: anglický  |     4.109      |     0.642      |     0.843      
       8        | test: italský  |     4.289      |     0.195      |     0.201      
------------------------------------------------------------------------------------
       9        |train: anglický |     0.862      |     0.672      |
       9        | val: anglický  |     1.539      |     0.643      |     0.856      
       9        | test: italský  |     3.097      |     0.198      |     0.223      
------------------------------------------------------------------------------------
       10       |train: anglický |     0.860      |     0.673      |
       10       | val: anglický  |     1.177      |     0.642      |     0.873      
       10       | test: italský  |     2.804      |     0.210      |     0.233      
------------------------------------------------------------------------------------
