Runs on device: cpu
Neural Network Architecture:
Sequential(
  (0): Linear(in_features=1209, out_features=128, bias=True)
  (1): ReLU()
  (2): Linear(in_features=128, out_features=128, bias=True)
  (3): ReLU()
  (4): Linear(in_features=128, out_features=128, bias=True)
  (5): ReLU()
  (6): Linear(in_features=128, out_features=7, bias=True)
)
Batch size: 128
Learning rate: 0.0001
Weight decay: 1e-05
------------------------------------------------------------------------------------
     epoch      |      name      |      loss      |   acc_frames   |  acc_samples   
------------------------------------------------------------------------------------
------------------------------------------------------------------------------------
       1        |train: anglický |     1.269      |     0.519      |
       1        | val: anglický  |     1.198      |     0.545      |     0.847      
       1        |  test: český   |     3.604      |     0.124      |     0.190      
       1        | test: italský  |     2.417      |     0.194      |     0.238      
------------------------------------------------------------------------------------
       2        |train: anglický |     1.048      |     0.604      |
       2        | val: anglický  |     1.149      |     0.565      |     0.841      
       2        |  test: český   |     3.765      |     0.125      |     0.159      
       2        | test: italský  |     2.582      |     0.203      |     0.270      
------------------------------------------------------------------------------------
       3        |train: anglický |     0.968      |     0.635      |
       3        | val: anglický  |     1.122      |     0.583      |     0.845      
       3        |  test: český   |     4.134      |     0.129      |     0.190      
       3        | test: italský  |     2.715      |     0.193      |     0.253      
------------------------------------------------------------------------------------
       4        |train: anglický |     0.914      |     0.656      |
       4        | val: anglický  |     1.101      |     0.596      |     0.871      
       4        |  test: český   |     4.241      |     0.156      |     0.222      
       4        | test: italský  |     2.863      |     0.193      |     0.247      
------------------------------------------------------------------------------------
       5        |train: anglický |     0.874      |     0.672      |
       5        | val: anglický  |     1.108      |     0.597      |     0.888      
       5        |  test: český   |     4.763      |     0.146      |     0.190      
       5        | test: italský  |     2.994      |     0.192      |     0.250      
------------------------------------------------------------------------------------
       6        |train: anglický |     0.842      |     0.684      |
       6        | val: anglický  |     1.109      |     0.601      |     0.883      
       6        |  test: český   |     4.842      |     0.146      |     0.190      
       6        | test: italský  |     3.079      |     0.190      |     0.241      
------------------------------------------------------------------------------------
       7        |train: anglický |     0.815      |     0.694      |
       7        | val: anglický  |     1.113      |     0.602      |     0.883      
       7        |  test: český   |     5.139      |     0.145      |     0.206      
       7        | test: italský  |     3.196      |     0.188      |     0.238      
------------------------------------------------------------------------------------
       8        |train: anglický |     0.792      |     0.703      |
       8        | val: anglický  |     1.115      |     0.606      |     0.890      
       8        |  test: český   |     5.570      |     0.149      |     0.254      
       8        | test: italský  |     3.293      |     0.190      |     0.260      
------------------------------------------------------------------------------------
       9        |train: anglický |     0.772      |     0.711      |
       9        | val: anglický  |     1.130      |     0.605      |     0.894      
       9        |  test: český   |     6.347      |     0.131      |     0.222      
       9        | test: italský  |     3.339      |     0.188      |     0.248      
------------------------------------------------------------------------------------
       10       |train: anglický |     0.754      |     0.717      |
       10       | val: anglický  |     1.143      |     0.605      |     0.894      
       10       |  test: český   |     6.591      |     0.135      |     0.190      
       10       | test: italský  |     3.488      |     0.190      |     0.245      
Finished Training
