Optimizer:
Adam (
Parameter Group 0
    amsgrad: False
    betas: (0.9, 0.999)
    eps: 1e-08
    lr: 0.001
    weight_decay: 0
)
Criterion:
CrossEntropyLoss()
Model:
FeedForwardNet(
  (layers): ModuleList(
    (0): Linear(in_features=1989, out_features=128, bias=True)
    (1): ReLU()
    (2): Linear(in_features=128, out_features=128, bias=True)
    (3): ReLU()
    (4): BatchNorm1d(128, eps=1e-05, momentum=0.1, affine=True, track_running_stats=True)
    (5): Dropout(p=0.25, inplace=False)
    (6): Linear(in_features=128, out_features=128, bias=True)
    (7): ReLU()
    (8): BatchNorm1d(128, eps=1e-05, momentum=0.1, affine=True, track_running_stats=True)
    (9): Dropout(p=0.25, inplace=False)
    (10): Linear(in_features=128, out_features=128, bias=True)
    (11): ReLU()
    (12): BatchNorm1d(128, eps=1e-05, momentum=0.1, affine=True, track_running_stats=True)
    (13): Dropout(p=0.25, inplace=False)
    (14): Linear(in_features=128, out_features=7, bias=True)
  )
)
N epochs:  10
Batch size:  256
Left margin:  25
Right margin:  25
------------------------------------------------------------------------------------
     epoch      |      name      |      loss      |   acc_frames   |  acc_samples   
------------------------------------------------------------------------------------
       1        | trénovací sada |     1.272      |     0.509      |
       1        | validační sada |     1.088      |     0.571      |     0.791      
       1        | testovací sada |     1.102      |     0.573      |     0.795      
------------------------------------------------------------------------------------
       2        | trénovací sada |     1.086      |     0.585      |
       2        | validační sada |     1.027      |     0.601      |     0.817      
       2        | testovací sada |     1.055      |     0.593      |     0.812      
------------------------------------------------------------------------------------
       3        | trénovací sada |     1.029      |     0.607      |
       3        | validační sada |     1.013      |     0.609      |     0.821      
       3        | testovací sada |     1.031      |     0.605      |     0.831      
------------------------------------------------------------------------------------
       4        | trénovací sada |     0.991      |     0.623      |
       4        | validační sada |     0.992      |     0.616      |     0.846      
       4        | testovací sada |     1.000      |     0.619      |     0.847      
------------------------------------------------------------------------------------
       5        | trénovací sada |     0.965      |     0.633      |
       5        | validační sada |     0.976      |     0.624      |     0.846      
       5        | testovací sada |     0.987      |     0.621      |     0.846      
------------------------------------------------------------------------------------
       6        | trénovací sada |     0.946      |     0.641      |
       6        | validační sada |     0.968      |     0.628      |     0.859      
       6        | testovací sada |     0.971      |     0.629      |     0.863      
------------------------------------------------------------------------------------
       7        | trénovací sada |     0.930      |     0.646      |
       7        | validační sada |     0.963      |     0.627      |     0.849      
       7        | testovací sada |     0.976      |     0.626      |     0.857      
------------------------------------------------------------------------------------
       8        | trénovací sada |     0.918      |     0.652      |
       8        | validační sada |     0.950      |     0.633      |     0.864      
       8        | testovací sada |     0.969      |     0.631      |     0.847      
------------------------------------------------------------------------------------
       9        | trénovací sada |     0.907      |     0.656      |
       9        | validační sada |     0.950      |     0.634      |     0.866      
       9        | testovací sada |     0.960      |     0.632      |     0.846      
------------------------------------------------------------------------------------
       10       | trénovací sada |     0.900      |     0.658      |
       10       | validační sada |     0.950      |     0.637      |     0.861      
       10       | testovací sada |     0.958      |     0.636      |     0.853      
------------------------------------------------------------------------------------
