Optimizer:
Adam (
Parameter Group 0
    amsgrad: False
    betas: (0.9, 0.999)
    eps: 1e-08
    lr: 0.001
    weight_decay: 0
)
Criterion:
CrossEntropyLoss()
Model:
FeedForwardNet(
  (layers): ModuleList(
    (0): Linear(in_features=3939, out_features=128, bias=True)
    (1): ReLU()
    (2): Linear(in_features=128, out_features=128, bias=True)
    (3): ReLU()
    (4): BatchNorm1d(128, eps=1e-05, momentum=0.1, affine=True, track_running_stats=True)
    (5): Dropout(p=0.25, inplace=False)
    (6): Linear(in_features=128, out_features=128, bias=True)
    (7): ReLU()
    (8): BatchNorm1d(128, eps=1e-05, momentum=0.1, affine=True, track_running_stats=True)
    (9): Dropout(p=0.25, inplace=False)
    (10): Linear(in_features=128, out_features=128, bias=True)
    (11): ReLU()
    (12): BatchNorm1d(128, eps=1e-05, momentum=0.1, affine=True, track_running_stats=True)
    (13): Dropout(p=0.25, inplace=False)
    (14): Linear(in_features=128, out_features=128, bias=True)
    (15): ReLU()
    (16): BatchNorm1d(128, eps=1e-05, momentum=0.1, affine=True, track_running_stats=True)
    (17): Dropout(p=0.25, inplace=False)
    (18): Linear(in_features=128, out_features=4, bias=True)
  )
)
N epochs:  30
Batch size:  256
Left margin:  50
Right margin:  50
------------------------------------------------------------------------------------
     epoch      |      name      |      loss      |   acc_frames   |  acc_samples   
------------------------------------------------------------------------------------
       1        | trénovací sada |     0.866      |     0.607      |
       1        | validační sada |     0.746      |     0.671      |     0.836      
       1        | testovací sada |     0.756      |     0.663      |     0.829      
------------------------------------------------------------------------------------
       2        | trénovací sada |     0.699      |     0.691      |
       2        | validační sada |     0.686      |     0.698      |     0.864      
       2        | testovací sada |     0.689      |     0.702      |     0.866      
------------------------------------------------------------------------------------
       3        | trénovací sada |     0.640      |     0.721      |
       3        | validační sada |     0.658      |     0.711      |     0.881      
       3        | testovací sada |     0.667      |     0.713      |     0.887      
------------------------------------------------------------------------------------
       4        | trénovací sada |     0.604      |     0.739      |
       4        | validační sada |     0.644      |     0.718      |     0.891      
       4        | testovací sada |     0.645      |     0.724      |     0.906      
------------------------------------------------------------------------------------
       5        | trénovací sada |     0.578      |     0.752      |
       5        | validační sada |     0.639      |     0.722      |     0.895      
       5        | testovací sada |     0.645      |     0.726      |     0.911      
------------------------------------------------------------------------------------
       6        | trénovací sada |     0.557      |     0.762      |
       6        | validační sada |     0.633      |     0.729      |     0.900      
       6        | testovací sada |     0.641      |     0.728      |     0.915      
------------------------------------------------------------------------------------
       7        | trénovací sada |     0.539      |     0.770      |
       7        | validační sada |     0.634      |     0.731      |     0.902      
       7        | testovací sada |     0.649      |     0.732      |     0.906      
------------------------------------------------------------------------------------
       8        | trénovací sada |     0.524      |     0.778      |
       8        | validační sada |     0.631      |     0.733      |     0.902      
       8        | testovací sada |     0.634      |     0.735      |     0.910      
------------------------------------------------------------------------------------
       9        | trénovací sada |     0.510      |     0.785      |
       9        | validační sada |     0.642      |     0.733      |     0.908      
       9        | testovací sada |     0.638      |     0.738      |     0.921      
------------------------------------------------------------------------------------
       10       | trénovací sada |     0.500      |     0.790      |
       10       | validační sada |     0.623      |     0.737      |     0.917      
       10       | testovací sada |     0.641      |     0.736      |     0.923      
------------------------------------------------------------------------------------
       11       | trénovací sada |     0.490      |     0.794      |
       11       | validační sada |     0.633      |     0.736      |     0.910      
       11       | testovací sada |     0.638      |     0.740      |     0.925      
------------------------------------------------------------------------------------
       12       | trénovací sada |     0.482      |     0.798      |
       12       | validační sada |     0.626      |     0.740      |     0.913      
       12       | testovací sada |     0.642      |     0.739      |     0.917      
------------------------------------------------------------------------------------
       13       | trénovací sada |     0.474      |     0.802      |
       13       | validační sada |     0.638      |     0.739      |     0.911      
       13       | testovací sada |     0.653      |     0.737      |     0.915      
------------------------------------------------------------------------------------
       14       | trénovací sada |     0.469      |     0.804      |
       14       | validační sada |     0.632      |     0.743      |     0.921      
       14       | testovací sada |     0.656      |     0.739      |     0.915      
------------------------------------------------------------------------------------
       15       | trénovací sada |     0.464      |     0.807      |
       15       | validační sada |     0.634      |     0.741      |     0.911      
       15       | testovací sada |     0.646      |     0.741      |     0.928      
------------------------------------------------------------------------------------
       16       | trénovací sada |     0.458      |     0.809      |
       16       | validační sada |     0.648      |     0.741      |     0.911      
       16       | testovací sada |     0.657      |     0.743      |     0.915      
------------------------------------------------------------------------------------
       17       | trénovací sada |     0.453      |     0.812      |
       17       | validační sada |     0.646      |     0.742      |     0.921      
       17       | testovací sada |     0.663      |     0.740      |     0.925      
------------------------------------------------------------------------------------
       18       | trénovací sada |     0.449      |     0.814      |
       18       | validační sada |     0.636      |     0.744      |     0.923      
       18       | testovací sada |     0.654      |     0.744      |     0.919      
------------------------------------------------------------------------------------
       19       | trénovací sada |     0.445      |     0.816      |
       19       | validační sada |     0.641      |     0.744      |     0.921      
       19       | testovací sada |     0.665      |     0.744      |     0.917      
------------------------------------------------------------------------------------
       20       | trénovací sada |     0.442      |     0.817      |
       20       | validační sada |     0.647      |     0.745      |     0.917      
       20       | testovací sada |     0.662      |     0.744      |     0.925      
------------------------------------------------------------------------------------
       21       | trénovací sada |     0.438      |     0.819      |
       21       | validační sada |     0.643      |     0.742      |     0.921      
       21       | testovací sada |     0.658      |     0.740      |     0.923      
------------------------------------------------------------------------------------
       22       | trénovací sada |     0.435      |     0.820      |
       22       | validační sada |     0.645      |     0.748      |     0.919      
       22       | testovací sada |     0.656      |     0.744      |     0.930      
------------------------------------------------------------------------------------
       23       | trénovací sada |     0.432      |     0.822      |
       23       | validační sada |     0.652      |     0.744      |     0.915      
       23       | testovací sada |     0.666      |     0.744      |     0.938      
------------------------------------------------------------------------------------
       24       | trénovací sada |     0.428      |     0.823      |
       24       | validační sada |     0.656      |     0.746      |     0.927      
       24       | testovací sada |     0.684      |     0.740      |     0.917      
------------------------------------------------------------------------------------
       25       | trénovací sada |     0.426      |     0.824      |
       25       | validační sada |     0.659      |     0.746      |     0.925      
       25       | testovací sada |     0.670      |     0.741      |     0.923      
------------------------------------------------------------------------------------
       26       | trénovací sada |     0.424      |     0.826      |
       26       | validační sada |     0.652      |     0.744      |     0.917      
       26       | testovací sada |     0.660      |     0.744      |     0.927      
------------------------------------------------------------------------------------
       27       | trénovací sada |     0.421      |     0.827      |
       27       | validační sada |     0.652      |     0.748      |     0.921      
       27       | testovací sada |     0.671      |     0.745      |     0.919      
------------------------------------------------------------------------------------
       28       | trénovací sada |     0.419      |     0.828      |
       28       | validační sada |     0.652      |     0.745      |     0.925      
       28       | testovací sada |     0.663      |     0.744      |     0.930      
------------------------------------------------------------------------------------
       29       | trénovací sada |     0.417      |     0.829      |
       29       | validační sada |     0.655      |     0.746      |     0.932      
       29       | testovací sada |     0.672      |     0.745      |     0.923      
------------------------------------------------------------------------------------
       30       | trénovací sada |     0.415      |     0.829      |
       30       | validační sada |     0.662      |     0.748      |     0.917      
       30       | testovací sada |     0.674      |     0.743      |     0.923      
------------------------------------------------------------------------------------
