Runs on device: cpu
Neural Network Architecture:
Sequential(
  (0): Linear(in_features=1209, out_features=128, bias=True)
  (1): ReLU()
  (2): Linear(in_features=128, out_features=128, bias=True)
  (3): ReLU()
  (4): Linear(in_features=128, out_features=128, bias=True)
  (5): ReLU()
  (6): Linear(in_features=128, out_features=7, bias=True)
)
Batch size: 512
Learning rate: 0.0001
Weight decay: 1e-05
------------------------------------------------------------------------------------
     epoch      |      name      |      loss      |   acc_frames   |  acc_samples   
------------------------------------------------------------------------------------
------------------------------------------------------------------------------------
       1        |train: anglický |     1.388      |     0.474      |
       1        | val: anglický  |     1.262      |     0.520      |     0.814      
       1        |  test: český   |     3.239      |     0.079      |     0.143      
       1        | test: italský  |     2.194      |     0.200      |     0.240      
------------------------------------------------------------------------------------
       2        |train: anglický |     1.146      |     0.568      |
       2        | val: anglický  |     1.188      |     0.550      |     0.833      
       2        |  test: český   |     3.616      |     0.088      |     0.175      
       2        | test: italský  |     2.340      |     0.204      |     0.265      
------------------------------------------------------------------------------------
       3        |train: anglický |     1.063      |     0.599      |
       3        | val: anglický  |     1.144      |     0.567      |     0.856      
       3        |  test: český   |     4.133      |     0.093      |     0.175      
       3        | test: italský  |     2.442      |     0.198      |     0.236      
------------------------------------------------------------------------------------
       4        |train: anglický |     1.011      |     0.619      |
       4        | val: anglický  |     1.131      |     0.575      |     0.852      
       4        |  test: český   |     4.419      |     0.081      |     0.159      
       4        | test: italský  |     2.539      |     0.202      |     0.262      
------------------------------------------------------------------------------------
       5        |train: anglický |     0.974      |     0.633      |
       5        | val: anglický  |     1.115      |     0.587      |     0.864      
       5        |  test: český   |     4.659      |     0.087      |     0.159      
       5        | test: italský  |     2.614      |     0.196      |     0.236      
------------------------------------------------------------------------------------
       6        |train: anglický |     0.945      |     0.645      |
       6        | val: anglický  |     1.104      |     0.588      |     0.877      
       6        |  test: český   |     4.833      |     0.087      |     0.175      
       6        | test: italský  |     2.688      |     0.195      |     0.226      
------------------------------------------------------------------------------------
       7        |train: anglický |     0.920      |     0.654      |
       7        | val: anglický  |     1.101      |     0.591      |     0.890      
       7        |  test: český   |     5.336      |     0.080      |     0.159      
       7        | test: italský  |     2.726      |     0.191      |     0.228      
------------------------------------------------------------------------------------
       8        |train: anglický |     0.900      |     0.662      |
       8        | val: anglický  |     1.102      |     0.596      |     0.883      
       8        |  test: český   |     5.090      |     0.093      |     0.143      
       8        | test: italský  |     2.813      |     0.194      |     0.240      
------------------------------------------------------------------------------------
       9        |train: anglický |     0.881      |     0.669      |
       9        | val: anglický  |     1.095      |     0.597      |     0.879      
       9        |  test: český   |     5.600      |     0.081      |     0.159      
       9        | test: italský  |     2.799      |     0.196      |     0.241      
------------------------------------------------------------------------------------
       10       |train: anglický |     0.865      |     0.675      |
       10       | val: anglický  |     1.092      |     0.600      |     0.888      
       10       |  test: český   |     5.730      |     0.085      |     0.143      
       10       | test: italský  |     2.837      |     0.194      |     0.233      
Finished Training
