Optimizer:
Adam (
Parameter Group 0
    amsgrad: False
    betas: (0.9, 0.999)
    eps: 1e-08
    lr: 0.001
    weight_decay: 0
)
Criterion:
CrossEntropyLoss()
Model:
FeedForwardNet(
  (layers): ModuleList(
    (0): Linear(in_features=2379, out_features=64, bias=True)
    (1): ReLU()
    (2): Linear(in_features=64, out_features=64, bias=True)
    (3): ReLU()
    (4): BatchNorm1d(64, eps=1e-05, momentum=0.1, affine=True, track_running_stats=True)
    (5): Dropout(p=0.25, inplace=False)
    (6): Linear(in_features=64, out_features=64, bias=True)
    (7): ReLU()
    (8): BatchNorm1d(64, eps=1e-05, momentum=0.1, affine=True, track_running_stats=True)
    (9): Dropout(p=0.25, inplace=False)
    (10): Linear(in_features=64, out_features=64, bias=True)
    (11): ReLU()
    (12): BatchNorm1d(64, eps=1e-05, momentum=0.1, affine=True, track_running_stats=True)
    (13): Dropout(p=0.25, inplace=False)
    (14): Linear(in_features=64, out_features=4, bias=True)
  )
)
N epochs:  10
Batch size:  256
Left margin:  30
Right margin:  30
------------------------------------------------------------------------------------
     epoch      |      name      |      loss      |   acc_frames   |  acc_samples   
------------------------------------------------------------------------------------
       1        | trénovací sada |     1.011      |     0.533      |
       1        | validační sada |     0.889      |     0.585      |     0.797      
       1        | testovací sada |     0.897      |     0.586      |     0.793      
------------------------------------------------------------------------------------
       2        | trénovací sada |     0.899      |     0.589      |
       2        | validační sada |     0.849      |     0.606      |     0.810      
       2        | testovací sada |     0.856      |     0.612      |     0.804      
------------------------------------------------------------------------------------
       3        | trénovací sada |     0.863      |     0.609      |
       3        | validační sada |     0.832      |     0.618      |     0.827      
       3        | testovací sada |     0.831      |     0.624      |     0.829      
------------------------------------------------------------------------------------
       4        | trénovací sada |     0.838      |     0.622      |
       4        | validační sada |     0.812      |     0.631      |     0.827      
       4        | testovací sada |     0.817      |     0.632      |     0.823      
------------------------------------------------------------------------------------
       5        | trénovací sada |     0.818      |     0.632      |
       5        | validační sada |     0.798      |     0.638      |     0.829      
       5        | testovací sada |     0.798      |     0.640      |     0.836      
------------------------------------------------------------------------------------
       6        | trénovací sada |     0.803      |     0.640      |
       6        | validační sada |     0.789      |     0.646      |     0.832      
       6        | testovací sada |     0.796      |     0.642      |     0.836      
------------------------------------------------------------------------------------
       7        | trénovací sada |     0.790      |     0.646      |
       7        | validační sada |     0.777      |     0.644      |     0.836      
       7        | testovací sada |     0.782      |     0.650      |     0.849      
------------------------------------------------------------------------------------
       8        | trénovací sada |     0.781      |     0.651      |
       8        | validační sada |     0.777      |     0.651      |     0.838      
       8        | testovací sada |     0.771      |     0.658      |     0.866      
------------------------------------------------------------------------------------
       9        | trénovací sada |     0.773      |     0.655      |
       9        | validační sada |     0.772      |     0.653      |     0.853      
       9        | testovací sada |     0.773      |     0.655      |     0.859      
------------------------------------------------------------------------------------
       10       | trénovací sada |     0.766      |     0.659      |
       10       | validační sada |     0.767      |     0.652      |     0.836      
       10       | testovací sada |     0.763      |     0.662      |     0.864      
------------------------------------------------------------------------------------
