Optimizer:
Adam (
Parameter Group 0
    amsgrad: False
    betas: (0.9, 0.999)
    eps: 1e-08
    lr: 0.001
    weight_decay: 0
)
Criterion:
CrossEntropyLoss()
Model:
FeedForwardNet(
  (layers): ModuleList(
    (0): Linear(in_features=3939, out_features=128, bias=True)
    (1): ReLU()
    (2): Linear(in_features=128, out_features=128, bias=True)
    (3): ReLU()
    (4): BatchNorm1d(128, eps=1e-05, momentum=0.1, affine=True, track_running_stats=True)
    (5): Dropout(p=0.25, inplace=False)
    (6): Linear(in_features=128, out_features=128, bias=True)
    (7): ReLU()
    (8): BatchNorm1d(128, eps=1e-05, momentum=0.1, affine=True, track_running_stats=True)
    (9): Dropout(p=0.25, inplace=False)
    (10): Linear(in_features=128, out_features=128, bias=True)
    (11): ReLU()
    (12): BatchNorm1d(128, eps=1e-05, momentum=0.1, affine=True, track_running_stats=True)
    (13): Dropout(p=0.25, inplace=False)
    (14): Linear(in_features=128, out_features=128, bias=True)
    (15): ReLU()
    (16): BatchNorm1d(128, eps=1e-05, momentum=0.1, affine=True, track_running_stats=True)
    (17): Dropout(p=0.25, inplace=False)
    (18): Linear(in_features=128, out_features=7, bias=True)
  )
)
N epochs:  30
Batch size:  256
Left margin:  50
Right margin:  50
------------------------------------------------------------------------------------
     epoch      |      name      |      loss      |   acc_frames   |  acc_samples   
------------------------------------------------------------------------------------
       1        | trénovací sada |     1.195      |     0.538      |
       1        | validační sada |     0.993      |     0.609      |     0.804      
       1        | testovací sada |     1.009      |     0.611      |     0.798      
------------------------------------------------------------------------------------
       2        | trénovací sada |     0.986      |     0.624      |
       2        | validační sada |     0.922      |     0.637      |     0.838      
       2        | testovací sada |     0.960      |     0.630      |     0.814      
------------------------------------------------------------------------------------
       3        | trénovací sada |     0.916      |     0.653      |
       3        | validační sada |     0.893      |     0.655      |     0.866      
       3        | testovací sada |     0.932      |     0.642      |     0.834      
------------------------------------------------------------------------------------
       4        | trénovací sada |     0.872      |     0.671      |
       4        | validační sada |     0.882      |     0.656      |     0.866      
       4        | testovací sada |     0.924      |     0.649      |     0.849      
------------------------------------------------------------------------------------
       5        | trénovací sada |     0.840      |     0.683      |
       5        | validační sada |     0.860      |     0.666      |     0.851      
       5        | testovací sada |     0.900      |     0.658      |     0.857      
------------------------------------------------------------------------------------
       6        | trénovací sada |     0.815      |     0.693      |
       6        | validační sada |     0.846      |     0.669      |     0.870      
       6        | testovací sada |     0.892      |     0.661      |     0.861      
------------------------------------------------------------------------------------
       7        | trénovací sada |     0.796      |     0.701      |
       7        | validační sada |     0.842      |     0.676      |     0.883      
       7        | testovací sada |     0.898      |     0.662      |     0.859      
------------------------------------------------------------------------------------
       8        | trénovací sada |     0.778      |     0.708      |
       8        | validační sada |     0.838      |     0.678      |     0.885      
       8        | testovací sada |     0.884      |     0.666      |     0.870      
------------------------------------------------------------------------------------
       9        | trénovací sada |     0.763      |     0.714      |
       9        | validační sada |     0.834      |     0.678      |     0.878      
       9        | testovací sada |     0.879      |     0.668      |     0.874      
------------------------------------------------------------------------------------
       10       | trénovací sada |     0.750      |     0.719      |
       10       | validační sada |     0.842      |     0.678      |     0.885      
       10       | testovací sada |     0.883      |     0.668      |     0.876      
------------------------------------------------------------------------------------
       11       | trénovací sada |     0.741      |     0.723      |
       11       | validační sada |     0.830      |     0.681      |     0.891      
       11       | testovací sada |     0.876      |     0.671      |     0.872      
------------------------------------------------------------------------------------
       12       | trénovací sada |     0.729      |     0.728      |
       12       | validační sada |     0.840      |     0.677      |     0.889      
       12       | testovací sada |     0.882      |     0.669      |     0.876      
------------------------------------------------------------------------------------
       13       | trénovací sada |     0.720      |     0.730      |
       13       | validační sada |     0.830      |     0.682      |     0.900      
       13       | testovací sada |     0.876      |     0.674      |     0.883      
------------------------------------------------------------------------------------
       14       | trénovací sada |     0.713      |     0.733      |
       14       | validační sada |     0.833      |     0.687      |     0.904      
       14       | testovací sada |     0.871      |     0.678      |     0.874      
------------------------------------------------------------------------------------
       15       | trénovací sada |     0.707      |     0.736      |
       15       | validační sada |     0.836      |     0.687      |     0.893      
       15       | testovací sada |     0.877      |     0.678      |     0.885      
------------------------------------------------------------------------------------
       16       | trénovací sada |     0.701      |     0.739      |
       16       | validační sada |     0.830      |     0.683      |     0.889      
       16       | testovací sada |     0.885      |     0.675      |     0.881      
------------------------------------------------------------------------------------
       17       | trénovací sada |     0.694      |     0.741      |
       17       | validační sada |     0.831      |     0.683      |     0.887      
       17       | testovací sada |     0.878      |     0.677      |     0.881      
------------------------------------------------------------------------------------
       18       | trénovací sada |     0.689      |     0.743      |
       18       | validační sada |     0.832      |     0.691      |     0.891      
       18       | testovací sada |     0.884      |     0.680      |     0.879      
------------------------------------------------------------------------------------
       19       | trénovací sada |     0.686      |     0.744      |
       19       | validační sada |     0.828      |     0.688      |     0.893      
       19       | testovací sada |     0.886      |     0.675      |     0.870      
------------------------------------------------------------------------------------
       20       | trénovací sada |     0.682      |     0.746      |
       20       | validační sada |     0.831      |     0.684      |     0.885      
       20       | testovací sada |     0.879      |     0.677      |     0.885      
------------------------------------------------------------------------------------
       21       | trénovací sada |     0.677      |     0.748      |
       21       | validační sada |     0.833      |     0.688      |     0.900      
       21       | testovací sada |     0.886      |     0.680      |     0.883      
------------------------------------------------------------------------------------
       22       | trénovací sada |     0.673      |     0.749      |
       22       | validační sada |     0.831      |     0.689      |     0.891      
       22       | testovací sada |     0.887      |     0.680      |     0.879      
------------------------------------------------------------------------------------
       23       | trénovací sada |     0.669      |     0.751      |
       23       | validační sada |     0.837      |     0.687      |     0.891      
       23       | testovací sada |     0.870      |     0.684      |     0.895      
------------------------------------------------------------------------------------
       24       | trénovací sada |     0.667      |     0.752      |
       24       | validační sada |     0.839      |     0.690      |     0.891      
       24       | testovací sada |     0.885      |     0.679      |     0.883      
------------------------------------------------------------------------------------
       25       | trénovací sada |     0.663      |     0.753      |
       25       | validační sada |     0.833      |     0.691      |     0.893      
       25       | testovací sada |     0.888      |     0.683      |     0.889      
------------------------------------------------------------------------------------
       26       | trénovací sada |     0.660      |     0.754      |
       26       | validační sada |     0.831      |     0.690      |     0.898      
       26       | testovací sada |     0.898      |     0.678      |     0.883      
------------------------------------------------------------------------------------
       27       | trénovací sada |     0.658      |     0.755      |
       27       | validační sada |     0.840      |     0.688      |     0.883      
       27       | testovací sada |     0.883      |     0.681      |     0.889      
------------------------------------------------------------------------------------
       28       | trénovací sada |     0.656      |     0.756      |
       28       | validační sada |     0.835      |     0.693      |     0.904      
       28       | testovací sada |     0.890      |     0.680      |     0.874      
------------------------------------------------------------------------------------
       29       | trénovací sada |     0.654      |     0.757      |
       29       | validační sada |     0.841      |     0.691      |     0.885      
       29       | testovací sada |     0.892      |     0.681      |     0.889      
------------------------------------------------------------------------------------
       30       | trénovací sada |     0.650      |     0.758      |
       30       | validační sada |     0.833      |     0.693      |     0.904      
       30       | testovací sada |     0.893      |     0.680      |     0.885      
------------------------------------------------------------------------------------
