Optimizer:
Adam (
Parameter Group 0
    amsgrad: False
    betas: (0.9, 0.999)
    eps: 1e-08
    lr: 0.001
    weight_decay: 0
)
Criterion:
CrossEntropyLoss()
Model:
FeedForwardNet(
  (layers): ModuleList(
    (0): Linear(in_features=429, out_features=128, bias=True)
    (1): ReLU()
    (2): Linear(in_features=128, out_features=128, bias=True)
    (3): ReLU()
    (4): Linear(in_features=128, out_features=128, bias=True)
    (5): ReLU()
    (6): Linear(in_features=128, out_features=128, bias=True)
    (7): ReLU()
    (8): Linear(in_features=128, out_features=7, bias=True)
  )
)
N epochs:  10
Batch size:  256
Left margin:  5
Right margin:  5
------------------------------------------------------------------------------------
     epoch      |      name      |      loss      |   acc_frames   |  acc_samples   
------------------------------------------------------------------------------------
       1        | trénovací sada |     1.337      |     0.483      |
       1        | validační sada |     1.314      |     0.492      |     0.814      
       1        | testovací sada |     1.317      |     0.494      |     0.823      
------------------------------------------------------------------------------------
       2        | trénovací sada |     1.136      |     0.566      |
       2        | validační sada |     1.271      |     0.515      |     0.844      
       2        | testovací sada |     1.294      |     0.514      |     0.834      
------------------------------------------------------------------------------------
       3        | trénovací sada |     1.059      |     0.597      |
       3        | validační sada |     1.303      |     0.513      |     0.859      
       3        | testovací sada |     1.316      |     0.512      |     0.857      
------------------------------------------------------------------------------------
       4        | trénovací sada |     1.012      |     0.616      |
       4        | validační sada |     1.306      |     0.520      |     0.849      
       4        | testovací sada |     1.322      |     0.516      |     0.846      
------------------------------------------------------------------------------------
       5        | trénovací sada |     0.979      |     0.629      |
       5        | validační sada |     1.318      |     0.522      |     0.876      
       5        | testovací sada |     1.340      |     0.517      |     0.868      
------------------------------------------------------------------------------------
       6        | trénovací sada |     0.954      |     0.638      |
       6        | validační sada |     1.313      |     0.527      |     0.874      
       6        | testovací sada |     1.352      |     0.520      |     0.847      
------------------------------------------------------------------------------------
       7        | trénovací sada |     0.934      |     0.646      |
       7        | validační sada |     1.299      |     0.534      |     0.881      
       7        | testovací sada |     1.343      |     0.523      |     0.861      
------------------------------------------------------------------------------------
       8        | trénovací sada |     0.919      |     0.652      |
       8        | validační sada |     1.335      |     0.528      |     0.866      
       8        | testovací sada |     1.364      |     0.527      |     0.857      
------------------------------------------------------------------------------------
       9        | trénovací sada |     0.905      |     0.658      |
       9        | validační sada |     1.353      |     0.527      |     0.878      
       9        | testovací sada |     1.381      |     0.521      |     0.863      
------------------------------------------------------------------------------------
       10       | trénovací sada |     0.894      |     0.662      |
       10       | validační sada |     1.379      |     0.524      |     0.885      
       10       | testovací sada |     1.390      |     0.525      |     0.866      
------------------------------------------------------------------------------------
