Optimizer:  Adam (
Parameter Group 0
    amsgrad: False
    betas: (0.9, 0.999)
    eps: 1e-08
    lr: 0.001
    weight_decay: 0
)
Criterion:  CrossEntropyLoss()
Model:  FeedForwardNet(
  (layers): ModuleList(
    (0): Linear(in_features=1989, out_features=256, bias=True)
    (1): ReLU()
    (2): Linear(in_features=256, out_features=256, bias=True)
    (3): ReLU()
    (4): Linear(in_features=256, out_features=256, bias=True)
    (5): ReLU()
    (6): Linear(in_features=256, out_features=256, bias=True)
    (7): ReLU()
    (8): Linear(in_features=256, out_features=7, bias=True)
  )
)
N epochs: 10
Batch size:  32
Left margin:  25
Right margin:  25
------------------------------------------------------------------------------------
     epoch      |      name      |      loss      |   acc_frames   |  acc_samples   
------------------------------------------------------------------------------------
       1        |train: anglický |     1.040      |     0.603      |
       1        | val: anglický  |     1.128      |     0.596      |     0.860      
       1        | test: italský  |     2.991      |     0.191      |     0.231      
------------------------------------------------------------------------------------
       2        |train: anglický |     0.831      |     0.692      |
       2        | val: anglický  |     1.153      |     0.612      |     0.869      
       2        | test: italský  |     3.308      |     0.178      |     0.216      
------------------------------------------------------------------------------------
       3        |train: anglický |     0.738      |     0.732      |
       3        | val: anglický  |     1.269      |     0.612      |     0.894      
       3        | test: italský  |     3.823      |     0.181      |     0.224      
------------------------------------------------------------------------------------
       4        |train: anglický |     0.685      |     0.756      |
       4        | val: anglický  |     1.397      |     0.618      |     0.888      
       4        | test: italský  |     4.482      |     0.181      |     0.226      
------------------------------------------------------------------------------------
       5        |train: anglický |     0.646      |     0.773      |
       5        | val: anglický  |     1.371      |     0.619      |     0.873      
       5        | test: italský  |     4.595      |     0.189      |     0.230      
------------------------------------------------------------------------------------
       6        |train: anglický |     0.620      |     0.787      |
       6        | val: anglický  |     1.391      |     0.626      |     0.892      
       6        | test: italský  |     4.255      |     0.177      |     0.223      
------------------------------------------------------------------------------------
       7        |train: anglický |     0.585      |     0.802      |
       7        | val: anglický  |     1.551      |     0.625      |     0.892      
       7        | test: italský  |     4.841      |     0.179      |     0.214      
------------------------------------------------------------------------------------
       8        |train: anglický |     0.560      |     0.812      |
       8        | val: anglický  |     1.660      |     0.621      |     0.873      
       8        | test: italský  |     4.650      |     0.175      |     0.204      
------------------------------------------------------------------------------------
       9        |train: anglický |     0.554      |     0.818      |
       9        | val: anglický  |     1.738      |     0.614      |     0.875      
       9        | test: italský  |     5.642      |     0.181      |     0.233      
------------------------------------------------------------------------------------
       10       |train: anglický |     0.544      |     0.822      |
       10       | val: anglický  |     1.608      |     0.622      |     0.888      
       10       | test: italský  |     6.515      |     0.175      |     0.211      
------------------------------------------------------------------------------------
