------------------------------------------------------------------------------------
     epoch      |      name      |      loss      |   acc_frames   |  acc_samples   
------------------------------------------------------------------------------------
       1        |train: anglický |     1.104      |     0.580      |
       1        | val: anglický  |     1.328      |     0.616      |     0.826      
       1        | test: italský  |     2.566      |     0.202      |     0.240      
------------------------------------------------------------------------------------
       2        |train: anglický |     0.897      |     0.659      |
       2        | val: anglický  |     1.452      |     0.642      |     0.839      
       2        | test: italský  |     2.716      |     0.196      |     0.226      
------------------------------------------------------------------------------------
       3        |train: anglický |     0.829      |     0.686      |
       3        | val: anglický  |     1.293      |     0.655      |     0.879      
       3        | test: italský  |     2.735      |     0.197      |     0.245      
------------------------------------------------------------------------------------
       4        |train: anglický |     0.787      |     0.702      |
       4        | val: anglický  |     1.345      |     0.658      |     0.850      
       4        | test: italský  |     2.923      |     0.192      |     0.235      
------------------------------------------------------------------------------------
       5        |train: anglický |     0.757      |     0.713      |
       5        | val: anglický  |     1.459      |     0.656      |     0.845      
       5        | test: italský  |     2.976      |     0.190      |     0.236      
------------------------------------------------------------------------------------
       6        |train: anglický |     0.735      |     0.723      |
       6        | val: anglický  |     1.529      |     0.668      |     0.862      
       6        | test: italský  |     2.972      |     0.200      |     0.233      
------------------------------------------------------------------------------------
       7        |train: anglický |     0.716      |     0.730      |
       7        | val: anglický  |     1.269      |     0.672      |     0.877      
       7        | test: italský  |     3.155      |     0.191      |     0.226      
------------------------------------------------------------------------------------
       8        |train: anglický |     0.702      |     0.735      |
       8        | val: anglický  |     1.492      |     0.672      |     0.864      
       8        | test: italský  |     3.257      |     0.195      |     0.253      
------------------------------------------------------------------------------------
       9        |train: anglický |     0.688      |     0.740      |
       9        | val: anglický  |     1.180      |     0.675      |     0.877      
       9        | test: italský  |     3.228      |     0.195      |     0.247      
------------------------------------------------------------------------------------
       10       |train: anglický |     0.678      |     0.744      |
       10       | val: anglický  |     1.575      |     0.676      |     0.869      
       10       | test: italský  |     3.344      |     0.195      |     0.235      
------------------------------------------------------------------------------------
       11       |train: anglický |     0.668      |     0.748      |
       11       | val: anglický  |     1.710      |     0.677      |     0.858      
       11       | test: italský  |     3.343      |     0.195      |     0.238      
------------------------------------------------------------------------------------
       12       |train: anglický |     0.658      |     0.752      |
       12       | val: anglický  |     2.515      |     0.674      |     0.839      
       12       | test: italský  |     3.901      |     0.196      |     0.224      
------------------------------------------------------------------------------------
       13       |train: anglický |     0.651      |     0.754      |
       13       | val: anglický  |     1.323      |     0.675      |     0.892      
       13       | test: italský  |     3.422      |     0.190      |     0.204      
------------------------------------------------------------------------------------
       14       |train: anglický |     0.645      |     0.757      |
       14       | val: anglický  |     1.473      |     0.677      |     0.871      
       14       | test: italský  |     3.448      |     0.193      |     0.226      
------------------------------------------------------------------------------------
       15       |train: anglický |     0.639      |     0.760      |
       15       | val: anglický  |     1.410      |     0.679      |     0.879      
       15       | test: italský  |     3.512      |     0.194      |     0.235      
------------------------------------------------------------------------------------
