Runs on device: cpu
Neural Network Architecture:
Sequential(
  (0): Linear(in_features=1989, out_features=100, bias=True)
  (1): ReLU()
  (2): Linear(in_features=100, out_features=7, bias=True)
)
Batch size: 512
Learning rate: 0.0001
------------------------------------------------------------------------------------
     epoch      |      name      |      loss      |   acc_frames   |  acc_samples   
------------------------------------------------------------------------------------
------------------------------------------------------------------------------------
       1        | train: RAVDESS |     1.723      |     0.326      |
       1        |  val: RAVDESS  |     1.677      |     0.343      |     0.583      
       1        | test: italský  |     2.336      |     0.188      |     0.219      
       1        |  test: český   |     5.875      |     0.126      |     0.238      
------------------------------------------------------------------------------------
       2        | train: RAVDESS |     1.549      |     0.404      |
       2        |  val: RAVDESS  |     1.632      |     0.364      |     0.632      
       2        | test: italský  |     2.507      |     0.187      |     0.218      
       2        |  test: český   |     7.115      |     0.111      |     0.206      
------------------------------------------------------------------------------------
       3        | train: RAVDESS |     1.478      |     0.435      |
       3        |  val: RAVDESS  |     1.606      |     0.387      |     0.701      
       3        | test: italský  |     2.613      |     0.189      |     0.209      
       3        |  test: český   |     8.191      |     0.109      |     0.206      
------------------------------------------------------------------------------------
       4        | train: RAVDESS |     1.435      |     0.453      |
       4        |  val: RAVDESS  |     1.595      |     0.389      |     0.736      
       4        | test: italský  |     2.655      |     0.187      |     0.216      
       4        |  test: český   |     8.992      |     0.096      |     0.190      
------------------------------------------------------------------------------------
       5        | train: RAVDESS |     1.404      |     0.465      |
       5        |  val: RAVDESS  |     1.593      |     0.394      |     0.757      
       5        | test: italský  |     2.819      |     0.186      |     0.209      
       5        |  test: český   |     9.385      |     0.087      |     0.190      
------------------------------------------------------------------------------------
       6        | train: RAVDESS |     1.383      |     0.474      |
       6        |  val: RAVDESS  |     1.590      |     0.392      |     0.736      
       6        | test: italský  |     2.845      |     0.187      |     0.213      
       6        |  test: český   |     9.315      |     0.084      |     0.190      
------------------------------------------------------------------------------------
       7        | train: RAVDESS |     1.366      |     0.481      |
       7        |  val: RAVDESS  |     1.588      |     0.398      |     0.715      
       7        | test: italský  |     2.967      |     0.186      |     0.207      
       7        |  test: český   |     9.941      |     0.078      |     0.159      
------------------------------------------------------------------------------------
       8        | train: RAVDESS |     1.352      |     0.486      |
       8        |  val: RAVDESS  |     1.584      |     0.399      |     0.771      
       8        | test: italský  |     3.010      |     0.179      |     0.218      
       8        |  test: český   |     10.253     |     0.085      |     0.190      
------------------------------------------------------------------------------------
       9        | train: RAVDESS |     1.340      |     0.491      |
       9        |  val: RAVDESS  |     1.591      |     0.399      |     0.701      
       9        | test: italský  |     3.057      |     0.180      |     0.219      
       9        |  test: český   |     9.975      |     0.085      |     0.175      
------------------------------------------------------------------------------------
       10       | train: RAVDESS |     1.330      |     0.495      |
       10       |  val: RAVDESS  |     1.577      |     0.402      |     0.778      
       10       | test: italský  |     3.046      |     0.180      |     0.211      
       10       |  test: český   |     9.912      |     0.073      |     0.143      
Finished Training
