Optimizer:
Adam (
Parameter Group 0
    amsgrad: False
    betas: (0.9, 0.999)
    eps: 1e-08
    lr: 0.001
    weight_decay: 0
)
Criterion:
CrossEntropyLoss()
Model:
FeedForwardNet(
  (layers): ModuleList(
    (0): Linear(in_features=1989, out_features=512, bias=True)
    (1): ReLU()
    (2): Linear(in_features=512, out_features=512, bias=True)
    (3): ReLU()
    (4): Linear(in_features=512, out_features=512, bias=True)
    (5): ReLU()
    (6): Linear(in_features=512, out_features=512, bias=True)
    (7): ReLU()
    (8): Linear(in_features=512, out_features=7, bias=True)
  )
)
N epochs:  10
Batch size:  256
Left margin:  25
Right margin:  25
------------------------------------------------------------------------------------
     epoch      |      name      |      loss      |   acc_frames   |  acc_samples   
------------------------------------------------------------------------------------
       1        | trénovací sada |     0.835      |     0.684      |
       1        | validační sada |     1.302      |     0.621      |     0.895      
       1        | testovací sada |     1.381      |     0.608      |     0.876      
------------------------------------------------------------------------------------
       2        | trénovací sada |     0.420      |     0.848      |
       2        | validační sada |     1.780      |     0.621      |     0.902      
       2        | testovací sada |     1.860      |     0.610      |     0.906      
------------------------------------------------------------------------------------
       3        | trénovací sada |     0.308      |     0.892      |
       3        | validační sada |     2.187      |     0.621      |     0.895      
       3        | testovací sada |     2.398      |     0.610      |     0.872      
------------------------------------------------------------------------------------
       4        | trénovací sada |     0.255      |     0.914      |
       4        | validační sada |     2.469      |     0.622      |     0.889      
       4        | testovací sada |     2.653      |     0.611      |     0.889      
------------------------------------------------------------------------------------
       5        | trénovací sada |     0.227      |     0.925      |
       5        | validační sada |     2.791      |     0.624      |     0.904      
       5        | testovací sada |     3.053      |     0.606      |     0.881      
------------------------------------------------------------------------------------
       6        | trénovací sada |     0.211      |     0.933      |
       6        | validační sada |     3.050      |     0.623      |     0.889      
       6        | testovací sada |     3.342      |     0.602      |     0.868      
------------------------------------------------------------------------------------
       7        | trénovací sada |     0.200      |     0.938      |
       7        | validační sada |     3.245      |     0.618      |     0.900      
       7        | testovací sada |     3.561      |     0.605      |     0.879      
------------------------------------------------------------------------------------
       8        | trénovací sada |     0.190      |     0.943      |
       8        | validační sada |     3.413      |     0.619      |     0.906      
       8        | testovací sada |     3.769      |     0.601      |     0.874      
------------------------------------------------------------------------------------
       9        | trénovací sada |     0.189      |     0.945      |
       9        | validační sada |     3.510      |     0.619      |     0.895      
       9        | testovací sada |     3.818      |     0.611      |     0.883      
------------------------------------------------------------------------------------
       10       | trénovací sada |     0.183      |     0.948      |
       10       | validační sada |     3.741      |     0.623      |     0.895      
       10       | testovací sada |     4.206      |     0.604      |     0.885      
------------------------------------------------------------------------------------
