Optimizer:
Adam (
Parameter Group 0
    amsgrad: False
    betas: (0.9, 0.999)
    eps: 1e-08
    lr: 0.001
    weight_decay: 0
)
Criterion:
CrossEntropyLoss()
Model:
FeedForwardNet(
  (layers): ModuleList(
    (0): Linear(in_features=3939, out_features=128, bias=True)
    (1): ReLU()
    (2): Linear(in_features=128, out_features=128, bias=True)
    (3): ReLU()
    (4): Linear(in_features=128, out_features=128, bias=True)
    (5): ReLU()
    (6): Linear(in_features=128, out_features=128, bias=True)
    (7): ReLU()
    (8): Linear(in_features=128, out_features=7, bias=True)
  )
)
N epochs:  10
Batch size:  256
Left margin:  50
Right margin:  50
------------------------------------------------------------------------------------
     epoch      |      name      |      loss      |   acc_frames   |  acc_samples   
------------------------------------------------------------------------------------
       1        | trénovací sada |     0.873      |     0.669      |
       1        | validační sada |     1.139      |     0.618      |     0.849      
       1        | testovací sada |     1.205      |     0.611      |     0.857      
------------------------------------------------------------------------------------
       2        | trénovací sada |     0.543      |     0.799      |
       2        | validační sada |     1.342      |     0.629      |     0.864      
       2        | testovací sada |     1.413      |     0.619      |     0.863      
------------------------------------------------------------------------------------
       3        | trénovací sada |     0.434      |     0.841      |
       3        | validační sada |     1.552      |     0.623      |     0.868      
       3        | testovací sada |     1.695      |     0.612      |     0.853      
------------------------------------------------------------------------------------
       4        | trénovací sada |     0.376      |     0.864      |
       4        | validační sada |     1.682      |     0.631      |     0.874      
       4        | testovací sada |     1.793      |     0.616      |     0.866      
------------------------------------------------------------------------------------
       5        | trénovací sada |     0.341      |     0.877      |
       5        | validační sada |     1.864      |     0.624      |     0.853      
       5        | testovací sada |     1.975      |     0.614      |     0.859      
------------------------------------------------------------------------------------
       6        | trénovací sada |     0.317      |     0.887      |
       6        | validační sada |     1.939      |     0.630      |     0.868      
       6        | testovací sada |     2.205      |     0.607      |     0.846      
------------------------------------------------------------------------------------
       7        | trénovací sada |     0.298      |     0.894      |
       7        | validační sada |     2.093      |     0.626      |     0.863      
       7        | testovací sada |     2.318      |     0.609      |     0.857      
------------------------------------------------------------------------------------
       8        | trénovací sada |     0.285      |     0.899      |
       8        | validační sada |     2.151      |     0.626      |     0.868      
       8        | testovací sada |     2.360      |     0.614      |     0.863      
------------------------------------------------------------------------------------
       9        | trénovací sada |     0.274      |     0.904      |
       9        | validační sada |     2.314      |     0.628      |     0.868      
       9        | testovací sada |     2.519      |     0.617      |     0.861      
------------------------------------------------------------------------------------
       10       | trénovací sada |     0.266      |     0.907      |
       10       | validační sada |     2.382      |     0.619      |     0.868      
       10       | testovací sada |     2.679      |     0.607      |     0.855      
------------------------------------------------------------------------------------
