Optimizer:  Adam (
Parameter Group 0
    amsgrad: False
    betas: (0.9, 0.999)
    eps: 1e-08
    lr: 0.001
    weight_decay: 0
)
Criterion:  CrossEntropyLoss()
Model:  FeedForwardNet(
  (layers): ModuleList(
    (0): Linear(in_features=2379, out_features=128, bias=True)
    (1): ReLU()
    (2): Linear(in_features=128, out_features=128, bias=True)
    (3): ReLU()
    (4): Dropout(p=0.25, inplace=False)
    (5): Linear(in_features=128, out_features=128, bias=True)
    (6): ReLU()
    (7): Dropout(p=0.25, inplace=False)
    (8): Linear(in_features=128, out_features=128, bias=True)
    (9): ReLU()
    (10): Dropout(p=0.25, inplace=False)
    (11): Linear(in_features=128, out_features=7, bias=True)
  )
)
N epochs: 10
Batch size:  32
Left margin:  30
Right margin:  30
------------------------------------------------------------------------------------
     epoch      |      name      |      loss      |   acc_frames   |  acc_samples   
------------------------------------------------------------------------------------
       1        |train: anglický |     1.333      |     0.484      |
       1        | val: anglický  |     1.265      |     0.515      |     0.769      
       1        | test: italský  |     2.064      |     0.188      |     0.233      
------------------------------------------------------------------------------------
       2        |train: anglický |     1.228      |     0.530      |
       2        | val: anglický  |     1.214      |     0.537      |     0.786      
       2        | test: italský  |     2.167      |     0.193      |     0.216      
------------------------------------------------------------------------------------
       3        |train: anglický |     1.196      |     0.544      |
       3        | val: anglický  |     1.184      |     0.557      |     0.809      
       3        | test: italský  |     2.190      |     0.188      |     0.216      
------------------------------------------------------------------------------------
       4        |train: anglický |     1.174      |     0.555      |
       4        | val: anglický  |     1.164      |     0.563      |     0.801      
       4        | test: italský  |     2.273      |     0.194      |     0.243      
------------------------------------------------------------------------------------
       5        |train: anglický |     1.157      |     0.562      |
       5        | val: anglický  |     1.171      |     0.559      |     0.809      
       5        | test: italský  |     2.181      |     0.198      |     0.233      
------------------------------------------------------------------------------------
       6        |train: anglický |     1.144      |     0.568      |
       6        | val: anglický  |     1.162      |     0.561      |     0.807      
       6        | test: italský  |     2.201      |     0.193      |     0.235      
------------------------------------------------------------------------------------
       7        |train: anglický |     1.137      |     0.571      |
       7        | val: anglický  |     1.159      |     0.569      |     0.814      
       7        | test: italský  |     2.290      |     0.192      |     0.235      
------------------------------------------------------------------------------------
       8        |train: anglický |     1.130      |     0.574      |
       8        | val: anglický  |     1.171      |     0.560      |     0.797      
       8        | test: italský  |     2.132      |     0.187      |     0.233      
------------------------------------------------------------------------------------
       9        |train: anglický |     1.123      |     0.578      |
       9        | val: anglický  |     1.164      |     0.568      |     0.794      
       9        | test: italský  |     2.331      |     0.192      |     0.247      
------------------------------------------------------------------------------------
       10       |train: anglický |     1.118      |     0.579      |
       10       | val: anglický  |     1.145      |     0.579      |     0.816      
       10       | test: italský  |     2.127      |     0.207      |     0.241      
------------------------------------------------------------------------------------
