Optimizer:
Adam (
Parameter Group 0
    amsgrad: False
    betas: (0.9, 0.999)
    eps: 1e-08
    lr: 0.001
    weight_decay: 0
)
Criterion:
CrossEntropyLoss()
Model:
FeedForwardNet(
  (layers): ModuleList(
    (0): Linear(in_features=2379, out_features=256, bias=True)
    (1): ReLU()
    (2): Linear(in_features=256, out_features=256, bias=True)
    (3): ReLU()
    (4): BatchNorm1d(256, eps=1e-05, momentum=0.1, affine=True, track_running_stats=True)
    (5): Dropout(p=0.25, inplace=False)
    (6): Linear(in_features=256, out_features=256, bias=True)
    (7): ReLU()
    (8): BatchNorm1d(256, eps=1e-05, momentum=0.1, affine=True, track_running_stats=True)
    (9): Dropout(p=0.25, inplace=False)
    (10): Linear(in_features=256, out_features=256, bias=True)
    (11): ReLU()
    (12): BatchNorm1d(256, eps=1e-05, momentum=0.1, affine=True, track_running_stats=True)
    (13): Dropout(p=0.25, inplace=False)
    (14): Linear(in_features=256, out_features=256, bias=True)
    (15): ReLU()
    (16): BatchNorm1d(256, eps=1e-05, momentum=0.1, affine=True, track_running_stats=True)
    (17): Dropout(p=0.25, inplace=False)
    (18): Linear(in_features=256, out_features=4, bias=True)
  )
)
N epochs:  10
Batch size:  256
Left margin:  30
Right margin:  30
------------------------------------------------------------------------------------
     epoch      |      name      |      loss      |   acc_frames   |  acc_samples   
------------------------------------------------------------------------------------
       1        | trénovací sada |     0.854      |     0.613      |
       1        | validační sada |     0.749      |     0.660      |     0.853      
       1        | testovací sada |     0.755      |     0.666      |     0.861      
------------------------------------------------------------------------------------
       2        | trénovací sada |     0.685      |     0.697      |
       2        | validační sada |     0.689      |     0.696      |     0.885      
       2        | testovací sada |     0.693      |     0.703      |     0.911      
------------------------------------------------------------------------------------
       3        | trénovací sada |     0.613      |     0.732      |
       3        | validační sada |     0.672      |     0.709      |     0.902      
       3        | testovací sada |     0.672      |     0.713      |     0.910      
------------------------------------------------------------------------------------
       4        | trénovací sada |     0.565      |     0.755      |
       4        | validační sada |     0.658      |     0.719      |     0.904      
       4        | testovací sada |     0.666      |     0.723      |     0.923      
------------------------------------------------------------------------------------
       5        | trénovací sada |     0.531      |     0.771      |
       5        | validační sada |     0.650      |     0.727      |     0.917      
       5        | testovací sada |     0.674      |     0.724      |     0.911      
------------------------------------------------------------------------------------
       6        | trénovací sada |     0.506      |     0.783      |
       6        | validační sada |     0.638      |     0.730      |     0.921      
       6        | testovací sada |     0.654      |     0.730      |     0.919      
------------------------------------------------------------------------------------
       7        | trénovací sada |     0.485      |     0.793      |
       7        | validační sada |     0.633      |     0.736      |     0.934      
       7        | testovací sada |     0.656      |     0.734      |     0.927      
------------------------------------------------------------------------------------
       8        | trénovací sada |     0.467      |     0.802      |
       8        | validační sada |     0.649      |     0.735      |     0.936      
       8        | testovací sada |     0.669      |     0.734      |     0.919      
------------------------------------------------------------------------------------
       9        | trénovací sada |     0.452      |     0.809      |
       9        | validační sada |     0.647      |     0.739      |     0.936      
       9        | testovací sada |     0.672      |     0.735      |     0.936      
------------------------------------------------------------------------------------
       10       | trénovací sada |     0.440      |     0.814      |
       10       | validační sada |     0.661      |     0.738      |     0.932      
       10       | testovací sada |     0.664      |     0.738      |     0.938      
------------------------------------------------------------------------------------
