Optimizer:  Adam (
Parameter Group 0
    amsgrad: False
    betas: (0.9, 0.999)
    eps: 1e-08
    lr: 0.0001
    weight_decay: 0
)
Criterion:  CrossEntropyLoss()
Model:  FeedForwardNet(
  (layers): ModuleList(
    (0): Linear(in_features=2379, out_features=128, bias=True)
    (1): ReLU()
    (2): BatchNorm1d(128, eps=1e-05, momentum=0.1, affine=True, track_running_stats=True)
    (3): BasicResidual(
      (layers): ModuleList(
        (0): Linear(in_features=128, out_features=128, bias=True)
        (1): ReLU()
        (2): BatchNorm1d(128, eps=1e-05, momentum=0.1, affine=True, track_running_stats=True)
        (3): Linear(in_features=128, out_features=128, bias=True)
        (4): ReLU()
        (5): BatchNorm1d(128, eps=1e-05, momentum=0.1, affine=True, track_running_stats=True)
      )
    )
    (4): Linear(in_features=128, out_features=64, bias=True)
    (5): ReLU()
    (6): BatchNorm1d(64, eps=1e-05, momentum=0.1, affine=True, track_running_stats=True)
    (7): Linear(in_features=64, out_features=7, bias=True)
  )
)
------------------------------------------------------------------------------------
     epoch      |      name      |      loss      |   acc_frames   |  acc_samples   
------------------------------------------------------------------------------------
       1        |train: anglický |     1.108      |     0.579      |
       1        | val: anglický  |     1.127      |     0.621      |     0.864      
       1        | test: italský  |     2.530      |     0.198      |     0.247      
------------------------------------------------------------------------------------
       2        |train: anglický |     0.904      |     0.657      |
       2        | val: anglický  |     1.248      |     0.642      |     0.864      
       2        | test: italský  |     2.770      |     0.198      |     0.231      
------------------------------------------------------------------------------------
       3        |train: anglický |     0.837      |     0.683      |
       3        | val: anglický  |     1.420      |     0.653      |     0.867      
       3        | test: italský  |     2.939      |     0.196      |     0.218      
------------------------------------------------------------------------------------
       4        |train: anglický |     0.797      |     0.699      |
       4        | val: anglický  |     1.654      |     0.651      |     0.845      
       4        | test: italský  |     3.058      |     0.193      |     0.209      
------------------------------------------------------------------------------------
       5        |train: anglický |     0.768      |     0.710      |
       5        | val: anglický  |     2.299      |     0.661      |     0.841      
       5        | test: italský  |     3.560      |     0.196      |     0.228      
------------------------------------------------------------------------------------
       6        |train: anglický |     0.746      |     0.719      |
       6        | val: anglický  |     2.593      |     0.660      |     0.837      
       6        | test: italský  |     3.523      |     0.190      |     0.216      
------------------------------------------------------------------------------------
       7        |train: anglický |     0.728      |     0.726      |
       7        | val: anglický  |     1.889      |     0.666      |     0.860      
       7        | test: italský  |     3.224      |     0.195      |     0.218      
------------------------------------------------------------------------------------
       8        |train: anglický |     0.713      |     0.731      |
       8        | val: anglický  |     1.750      |     0.664      |     0.864      
       8        | test: italský  |     3.191      |     0.190      |     0.197      
------------------------------------------------------------------------------------
       9        |train: anglický |     0.700      |     0.737      |
       9        | val: anglický  |     1.605      |     0.670      |     0.862      
       9        | test: italský  |     3.331      |     0.191      |     0.204      
------------------------------------------------------------------------------------
       10       |train: anglický |     0.688      |     0.741      |
       10       | val: anglický  |     2.477      |     0.670      |     0.847      
       10       | test: italský  |     3.549      |     0.186      |     0.206      
------------------------------------------------------------------------------------
       11       |train: anglický |     0.679      |     0.744      |
       11       | val: anglický  |     2.050      |     0.664      |     0.847      
       11       | test: italský  |     3.518      |     0.184      |     0.196      
------------------------------------------------------------------------------------
       12       |train: anglický |     0.672      |     0.747      |
       12       | val: anglický  |     1.543      |     0.668      |     0.864      
       12       | test: italský  |     3.735      |     0.189      |     0.218      
------------------------------------------------------------------------------------
       13       |train: anglický |     0.662      |     0.751      |
       13       | val: anglický  |     1.602      |     0.672      |     0.877      
       13       | test: italský  |     3.554      |     0.192      |     0.219      
------------------------------------------------------------------------------------
       14       |train: anglický |     0.657      |     0.753      |
       14       | val: anglický  |     2.032      |     0.671      |     0.873      
       14       | test: italský  |     3.667      |     0.190      |     0.221      
------------------------------------------------------------------------------------
       15       |train: anglický |     0.650      |     0.756      |
       15       | val: anglický  |     1.724      |     0.673      |     0.873      
       15       | test: italský  |     3.508      |     0.187      |     0.223      
------------------------------------------------------------------------------------
