Runs on device: cpu
Neural Network Architecture:
Sequential(
  (0): Linear(in_features=1989, out_features=128, bias=True)
  (1): ReLU()
  (2): Linear(in_features=128, out_features=128, bias=True)
  (3): ReLU()
  (4): Linear(in_features=128, out_features=128, bias=True)
  (5): ReLU()
  (6): Linear(in_features=128, out_features=4, bias=True)
)
Batch size: 512
Learning rate: 0.0001
------------------------------------------------------------------------------------
     epoch      |      name      |      loss      |   acc_frames   |  acc_samples   
------------------------------------------------------------------------------------
------------------------------------------------------------------------------------
       1        |  train: inter  |     0.972      |     0.567      |
       1        |   val: inter   |     0.859      |     0.617      |     0.833      
       1        |   test: ital   |     1.600      |     0.329      |     0.359      
       1        |  test: czech   |     2.750      |     0.182      |     0.270      
------------------------------------------------------------------------------------
       2        |  train: inter  |     0.777      |     0.660      |
       2        |   val: inter   |     0.795      |     0.649      |     0.871      
       2        |   test: ital   |     1.768      |     0.337      |     0.388      
       2        |  test: czech   |     3.253      |     0.184      |     0.270      
------------------------------------------------------------------------------------
       3        |  train: inter  |     0.716      |     0.688      |
       3        |   val: inter   |     0.774      |     0.661      |     0.881      
       3        |   test: ital   |     1.865      |     0.334      |     0.381      
       3        |  test: czech   |     3.566      |     0.180      |     0.254      
------------------------------------------------------------------------------------
       4        |  train: inter  |     0.678      |     0.707      |
       4        |   val: inter   |     0.753      |     0.670      |     0.896      
       4        |   test: ital   |     1.949      |     0.335      |     0.391      
       4        |  test: czech   |     4.100      |     0.175      |     0.254      
------------------------------------------------------------------------------------
       5        |  train: inter  |     0.650      |     0.719      |
       5        |   val: inter   |     0.745      |     0.679      |     0.909      
       5        |   test: ital   |     2.063      |     0.331      |     0.378      
       5        |  test: czech   |     4.571      |     0.190      |     0.286      
------------------------------------------------------------------------------------
       6        |  train: inter  |     0.628      |     0.730      |
       6        |   val: inter   |     0.757      |     0.670      |     0.898      
       6        |   test: ital   |     2.133      |     0.333      |     0.369      
       6        |  test: czech   |     5.249      |     0.171      |     0.270      
------------------------------------------------------------------------------------
       7        |  train: inter  |     0.610      |     0.738      |
       7        |   val: inter   |     0.728      |     0.686      |     0.915      
       7        |   test: ital   |     2.169      |     0.333      |     0.398      
       7        |  test: czech   |     4.716      |     0.188      |     0.286      
------------------------------------------------------------------------------------
       8        |  train: inter  |     0.594      |     0.745      |
       8        |   val: inter   |     0.746      |     0.680      |     0.905      
       8        |   test: ital   |     2.284      |     0.335      |     0.376      
       8        |  test: czech   |     5.157      |     0.183      |     0.270      
------------------------------------------------------------------------------------
       9        |  train: inter  |     0.580      |     0.752      |
       9        |   val: inter   |     0.732      |     0.689      |     0.917      
       9        |   test: ital   |     2.365      |     0.345      |     0.391      
       9        |  test: czech   |     5.557      |     0.180      |     0.270      
------------------------------------------------------------------------------------
       10       |  train: inter  |     0.567      |     0.758      |
       10       |   val: inter   |     0.741      |     0.689      |     0.909      
       10       |   test: ital   |     2.371      |     0.331      |     0.376      
       10       |  test: czech   |     5.480      |     0.191      |     0.286      
------------------------------------------------------------------------------------
       11       |  train: inter  |     0.556      |     0.763      |
       11       |   val: inter   |     0.735      |     0.693      |     0.919      
       11       |   test: ital   |     2.467      |     0.330      |     0.369      
       11       |  test: czech   |     5.654      |     0.191      |     0.286      
------------------------------------------------------------------------------------
       12       |  train: inter  |     0.546      |     0.768      |
       12       |   val: inter   |     0.751      |     0.688      |     0.909      
       12       |   test: ital   |     2.516      |     0.329      |     0.369      
       12       |  test: czech   |     6.197      |     0.190      |     0.286      
------------------------------------------------------------------------------------
       13       |  train: inter  |     0.536      |     0.772      |
       13       |   val: inter   |     0.750      |     0.692      |     0.913      
       13       |   test: ital   |     2.548      |     0.326      |     0.369      
       13       |  test: czech   |     6.097      |     0.181      |     0.254      
------------------------------------------------------------------------------------
       14       |  train: inter  |     0.527      |     0.776      |
       14       |   val: inter   |     0.754      |     0.694      |     0.915      
       14       |   test: ital   |     2.620      |     0.330      |     0.372      
       14       |  test: czech   |     6.503      |     0.179      |     0.270      
------------------------------------------------------------------------------------
       15       |  train: inter  |     0.518      |     0.780      |
       15       |   val: inter   |     0.741      |     0.700      |     0.926      
       15       |   test: ital   |     2.671      |     0.323      |     0.364      
       15       |  test: czech   |     6.135      |     0.183      |     0.270      
------------------------------------------------------------------------------------
       16       |  train: inter  |     0.510      |     0.784      |
       16       |   val: inter   |     0.757      |     0.698      |     0.930      
       16       |   test: ital   |     2.782      |     0.330      |     0.372      
       16       |  test: czech   |     6.230      |     0.181      |     0.270      
------------------------------------------------------------------------------------
       17       |  train: inter  |     0.502      |     0.787      |
       17       |   val: inter   |     0.753      |     0.701      |     0.936      
       17       |   test: ital   |     2.724      |     0.326      |     0.369      
       17       |  test: czech   |     6.235      |     0.187      |     0.270      
------------------------------------------------------------------------------------
       18       |  train: inter  |     0.495      |     0.791      |
       18       |   val: inter   |     0.764      |     0.699      |     0.919      
       18       |   test: ital   |     2.812      |     0.321      |     0.352      
       18       |  test: czech   |     6.467      |     0.188      |     0.270      
------------------------------------------------------------------------------------
       19       |  train: inter  |     0.488      |     0.794      |
       19       |   val: inter   |     0.763      |     0.701      |     0.924      
       19       |   test: ital   |     2.930      |     0.324      |     0.366      
       19       |  test: czech   |     6.858      |     0.183      |     0.270      
------------------------------------------------------------------------------------
       20       |  train: inter  |     0.482      |     0.797      |
       20       |   val: inter   |     0.757      |     0.701      |     0.939      
       20       |   test: ital   |     2.916      |     0.316      |     0.352      
       20       |  test: czech   |     6.589      |     0.185      |     0.270      
------------------------------------------------------------------------------------
       21       |  train: inter  |     0.475      |     0.801      |
       21       |   val: inter   |     0.762      |     0.703      |     0.936      
       21       |   test: ital   |     2.995      |     0.329      |     0.381      
       21       |  test: czech   |     6.885      |     0.176      |     0.254      
------------------------------------------------------------------------------------
       22       |  train: inter  |     0.469      |     0.803      |
       22       |   val: inter   |     0.775      |     0.698      |     0.932      
       22       |   test: ital   |     3.021      |     0.320      |     0.364      
       22       |  test: czech   |     6.381      |     0.200      |     0.270      
------------------------------------------------------------------------------------
       23       |  train: inter  |     0.463      |     0.805      |
       23       |   val: inter   |     0.776      |     0.702      |     0.941      
       23       |   test: ital   |     3.094      |     0.325      |     0.362      
       23       |  test: czech   |     6.772      |     0.203      |     0.270      
------------------------------------------------------------------------------------
       24       |  train: inter  |     0.458      |     0.808      |
       24       |   val: inter   |     0.779      |     0.703      |     0.932      
       24       |   test: ital   |     3.095      |     0.310      |     0.335      
       24       |  test: czech   |     6.731      |     0.190      |     0.238      
------------------------------------------------------------------------------------
       25       |  train: inter  |     0.452      |     0.810      |
       25       |   val: inter   |     0.804      |     0.697      |     0.917      
       25       |   test: ital   |     3.164      |     0.314      |     0.350      
       25       |  test: czech   |     7.240      |     0.184      |     0.270      
------------------------------------------------------------------------------------
       26       |  train: inter  |     0.447      |     0.813      |
       26       |   val: inter   |     0.802      |     0.697      |     0.930      
       26       |   test: ital   |     3.275      |     0.323      |     0.364      
       26       |  test: czech   |     7.541      |     0.181      |     0.254      
------------------------------------------------------------------------------------
       27       |  train: inter  |     0.441      |     0.816      |
       27       |   val: inter   |     0.804      |     0.700      |     0.917      
       27       |   test: ital   |     3.180      |     0.314      |     0.347      
       27       |  test: czech   |     6.974      |     0.200      |     0.254      
------------------------------------------------------------------------------------
       28       |  train: inter  |     0.437      |     0.817      |
       28       |   val: inter   |     0.801      |     0.701      |     0.934      
       28       |   test: ital   |     3.318      |     0.316      |     0.367      
       28       |  test: czech   |     7.402      |     0.188      |     0.222      
------------------------------------------------------------------------------------
       29       |  train: inter  |     0.432      |     0.819      |
       29       |   val: inter   |     0.800      |     0.702      |     0.932      
       29       |   test: ital   |     3.366      |     0.316      |     0.337      
       29       |  test: czech   |     7.559      |     0.189      |     0.238      
------------------------------------------------------------------------------------
       30       |  train: inter  |     0.427      |     0.821      |
       30       |   val: inter   |     0.807      |     0.701      |     0.949      
       30       |   test: ital   |     3.449      |     0.321      |     0.367      
       30       |  test: czech   |     7.895      |     0.182      |     0.238      
Finished Training
