Optimizer:  Adam (
Parameter Group 0
    amsgrad: False
    betas: (0.9, 0.999)
    eps: 1e-08
    lr: 0.001
    weight_decay: 0
)
Criterion:  CrossEntropyLoss()
Model:  FeedForwardNet(
  (layers): ModuleList(
    (0): Linear(in_features=1989, out_features=128, bias=True)
    (1): ReLU()
    (2): Linear(in_features=128, out_features=128, bias=True)
    (3): ReLU()
    (4): Linear(in_features=128, out_features=128, bias=True)
    (5): ReLU()
    (6): Linear(in_features=128, out_features=128, bias=True)
    (7): ReLU()
    (8): Linear(in_features=128, out_features=128, bias=True)
    (9): ReLU()
    (10): Linear(in_features=128, out_features=7, bias=True)
  )
)
N epochs: 10
Batch size:  32
Left margin:  25
Right margin:  25
------------------------------------------------------------------------------------
     epoch      |      name      |      loss      |   acc_frames   |  acc_samples   
------------------------------------------------------------------------------------
       1        |train: anglický |     1.106      |     0.575      |
       1        | val: anglický  |     1.158      |     0.566      |     0.826      
       1        | test: italský  |     2.552      |     0.180      |     0.197      
------------------------------------------------------------------------------------
       2        |train: anglický |     0.908      |     0.658      |
       2        | val: anglický  |     1.142      |     0.592      |     0.873      
       2        | test: italský  |     2.847      |     0.184      |     0.219      
------------------------------------------------------------------------------------
       3        |train: anglický |     0.827      |     0.692      |
       3        | val: anglický  |     1.218      |     0.600      |     0.869      
       3        | test: italský  |     3.179      |     0.182      |     0.216      
------------------------------------------------------------------------------------
       4        |train: anglický |     0.776      |     0.715      |
       4        | val: anglický  |     1.196      |     0.605      |     0.856      
       4        | test: italský  |     3.168      |     0.186      |     0.223      
------------------------------------------------------------------------------------
       5        |train: anglický |     0.746      |     0.729      |
       5        | val: anglický  |     1.330      |     0.574      |     0.816      
       5        | test: italský  |     3.162      |     0.183      |     0.224      
------------------------------------------------------------------------------------
       6        |train: anglický |     0.724      |     0.740      |
       6        | val: anglický  |     1.258      |     0.606      |     0.850      
       6        | test: italský  |     3.306      |     0.186      |     0.207      
------------------------------------------------------------------------------------
       7        |train: anglický |     0.715      |     0.747      |
       7        | val: anglický  |     1.261      |     0.613      |     0.886      
       7        | test: italský  |     3.469      |     0.191      |     0.230      
------------------------------------------------------------------------------------
       8        |train: anglický |     0.704      |     0.752      |
       8        | val: anglický  |     1.376      |     0.601      |     0.873      
       8        | test: italský  |     5.196      |     0.179      |     0.211      
------------------------------------------------------------------------------------
       9        |train: anglický |     0.705      |     0.754      |
       9        | val: anglický  |     1.313      |     0.605      |     0.890      
       9        | test: italský  |     4.524      |     0.187      |     0.216      
------------------------------------------------------------------------------------
       10       |train: anglický |     0.705      |     0.756      |
       10       | val: anglický  |     1.484      |     0.609      |     0.850      
       10       | test: italský  |     3.569      |     0.179      |     0.209      
------------------------------------------------------------------------------------
