Runs on device: cpu
Neural Network Architecture:
Sequential(
  (0): Linear(in_features=1989, out_features=128, bias=True)
  (1): ReLU()
  (2): Linear(in_features=128, out_features=128, bias=True)
  (3): ReLU()
  (4): Linear(in_features=128, out_features=128, bias=True)
  (5): ReLU()
  (6): Linear(in_features=128, out_features=7, bias=True)
)
Batch size: 512
Learning rate: 0.0001
------------------------------------------------------------------------------------
     epoch      |      name      |      loss      |   acc_frames   |  acc_samples   
------------------------------------------------------------------------------------
------------------------------------------------------------------------------------
       0        |  train: inter  |     1.309      |     0.504      
       0        |   val: inter   |     1.259      |     0.515      |     0.775      
       0        |  test: inter   |     1.140      |     0.569      |     0.801      
       0        |  test: czech   |     3.614      |     0.085      |     0.095      
------------------------------------------------------------------------------------
       1        |  train: inter  |     1.079      |     0.594      
       1        |   val: inter   |     1.209      |     0.538      |     0.775      
       1        |  test: inter   |     1.083      |     0.593      |     0.831      
       1        |  test: czech   |     4.245      |     0.088      |     0.159      
------------------------------------------------------------------------------------
       2        |  train: inter  |     0.996      |     0.626      
       2        |   val: inter   |     1.178      |     0.554      |     0.798      
       2        |  test: inter   |     1.054      |     0.609      |     0.842      
       2        |  test: czech   |     4.689      |     0.087      |     0.143      
------------------------------------------------------------------------------------
       3        |  train: inter  |     0.941      |     0.648      
       3        |   val: inter   |     1.173      |     0.568      |     0.822      
       3        |  test: inter   |     1.040      |     0.619      |     0.857      
       3        |  test: czech   |     5.293      |     0.078      |     0.127      
------------------------------------------------------------------------------------
       4        |  train: inter  |     0.899      |     0.664      
       4        |   val: inter   |     1.163      |     0.568      |     0.818      
       4        |  test: inter   |     1.034      |     0.622      |     0.861      
       4        |  test: czech   |     5.451      |     0.097      |     0.143      
------------------------------------------------------------------------------------
       5        |  train: inter  |     0.866      |     0.677      
       5        |   val: inter   |     1.178      |     0.569      |     0.850      
       5        |  test: inter   |     1.020      |     0.634      |     0.891      
       5        |  test: czech   |     5.740      |     0.101      |     0.127      
------------------------------------------------------------------------------------
       6        |  train: inter  |     0.838      |     0.688      
       6        |   val: inter   |     1.168      |     0.577      |     0.846      
       6        |  test: inter   |     1.026      |     0.633      |     0.883      
       6        |  test: czech   |     6.584      |     0.073      |     0.079      
------------------------------------------------------------------------------------
       7        |  train: inter  |     0.814      |     0.697      
       7        |   val: inter   |     1.171      |     0.577      |     0.850      
       7        |  test: inter   |     1.025      |     0.637      |     0.898      
       7        |  test: czech   |     6.743      |     0.078      |     0.175      
------------------------------------------------------------------------------------
       8        |  train: inter  |     0.792      |     0.705      
       8        |   val: inter   |     1.181      |     0.578      |     0.830      
       8        |  test: inter   |     1.021      |     0.643      |     0.910      
       8        |  test: czech   |     6.401      |     0.084      |     0.127      
------------------------------------------------------------------------------------
       9        |  train: inter  |     0.773      |     0.713      
       9        |   val: inter   |     1.200      |     0.579      |     0.846      
       9        |  test: inter   |     1.026      |     0.646      |     0.898      
       9        |  test: czech   |     7.069      |     0.071      |     0.079      
------------------------------------------------------------------------------------
       10       |  train: inter  |     0.756      |     0.719      
       10       |   val: inter   |     1.208      |     0.582      |     0.858      
       10       |  test: inter   |     1.037      |     0.648      |     0.906      
       10       |  test: czech   |     6.987      |     0.086      |     0.111      
------------------------------------------------------------------------------------
       11       |  train: inter  |     0.740      |     0.725      
       11       |   val: inter   |     1.222      |     0.582      |     0.842      
       11       |  test: inter   |     1.041      |     0.647      |     0.914      
       11       |  test: czech   |     7.106      |     0.085      |     0.095      
------------------------------------------------------------------------------------
       12       |  train: inter  |     0.726      |     0.731      
       12       |   val: inter   |     1.228      |     0.580      |     0.862      
       12       |  test: inter   |     1.044      |     0.643      |     0.895      
       12       |  test: czech   |     8.283      |     0.067      |     0.079      
------------------------------------------------------------------------------------
       13       |  train: inter  |     0.713      |     0.735      
       13       |   val: inter   |     1.233      |     0.583      |     0.850      
       13       |  test: inter   |     1.053      |     0.645      |     0.921      
       13       |  test: czech   |     8.012      |     0.087      |     0.127      
------------------------------------------------------------------------------------
       14       |  train: inter  |     0.700      |     0.740      
       14       |   val: inter   |     1.253      |     0.583      |     0.862      
       14       |  test: inter   |     1.062      |     0.647      |     0.910      
       14       |  test: czech   |     8.028      |     0.084      |     0.095      
------------------------------------------------------------------------------------
       15       |  train: inter  |     0.689      |     0.745      
       15       |   val: inter   |     1.258      |     0.585      |     0.877      
       15       |  test: inter   |     1.078      |     0.642      |     0.895      
       15       |  test: czech   |     8.310      |     0.084      |     0.095      
------------------------------------------------------------------------------------
       16       |  train: inter  |     0.678      |     0.749      
       16       |   val: inter   |     1.267      |     0.584      |     0.850      
       16       |  test: inter   |     1.084      |     0.644      |     0.906      
       16       |  test: czech   |     8.748      |     0.083      |     0.127      
------------------------------------------------------------------------------------
       17       |  train: inter  |     0.668      |     0.752      
       17       |   val: inter   |     1.290      |     0.584      |     0.854      
       17       |  test: inter   |     1.080      |     0.649      |     0.906      
       17       |  test: czech   |     8.862      |     0.084      |     0.127      
------------------------------------------------------------------------------------
       18       |  train: inter  |     0.659      |     0.756      
       18       |   val: inter   |     1.293      |     0.583      |     0.870      
       18       |  test: inter   |     1.097      |     0.644      |     0.902      
       18       |  test: czech   |     8.799      |     0.084      |     0.111      
------------------------------------------------------------------------------------
       19       |  train: inter  |     0.650      |     0.759      
       19       |   val: inter   |     1.288      |     0.585      |     0.870      
       19       |  test: inter   |     1.107      |     0.639      |     0.906      
       19       |  test: czech   |     9.111      |     0.086      |     0.079      
------------------------------------------------------------------------------------
       20       |  train: inter  |     0.641      |     0.763      
       20       |   val: inter   |     1.327      |     0.582      |     0.846      
       20       |  test: inter   |     1.113      |     0.650      |     0.902      
       20       |  test: czech   |     9.394      |     0.087      |     0.111      
------------------------------------------------------------------------------------
       21       |  train: inter  |     0.633      |     0.766      
       21       |   val: inter   |     1.317      |     0.589      |     0.866      
       21       |  test: inter   |     1.117      |     0.646      |     0.910      
       21       |  test: czech   |     9.266      |     0.089      |     0.079      
------------------------------------------------------------------------------------
       22       |  train: inter  |     0.625      |     0.769      
       22       |   val: inter   |     1.321      |     0.590      |     0.874      
       22       |  test: inter   |     1.139      |     0.642      |     0.906      
       22       |  test: czech   |     9.642      |     0.098      |     0.159      
------------------------------------------------------------------------------------
       23       |  train: inter  |     0.618      |     0.772      
       23       |   val: inter   |     1.339      |     0.586      |     0.877      
       23       |  test: inter   |     1.135      |     0.647      |     0.902      
       23       |  test: czech   |     9.751      |     0.089      |     0.079      
------------------------------------------------------------------------------------
       24       |  train: inter  |     0.611      |     0.774      
       24       |   val: inter   |     1.341      |     0.589      |     0.877      
       24       |  test: inter   |     1.146      |     0.644      |     0.910      
       24       |  test: czech   |     10.163     |     0.085      |     0.079      
------------------------------------------------------------------------------------
       25       |  train: inter  |     0.604      |     0.776      
       25       |   val: inter   |     1.353      |     0.588      |     0.877      
       25       |  test: inter   |     1.151      |     0.643      |     0.914      
       25       |  test: czech   |     10.525     |     0.078      |     0.079      
------------------------------------------------------------------------------------
       26       |  train: inter  |     0.598      |     0.779      
       26       |   val: inter   |     1.383      |     0.593      |     0.870      
       26       |  test: inter   |     1.152      |     0.652      |     0.914      
       26       |  test: czech   |     10.170     |     0.095      |     0.095      
------------------------------------------------------------------------------------
       27       |  train: inter  |     0.592      |     0.781      
       27       |   val: inter   |     1.393      |     0.587      |     0.858      
       27       |  test: inter   |     1.156      |     0.651      |     0.925      
       27       |  test: czech   |     10.873     |     0.087      |     0.143      
------------------------------------------------------------------------------------
       28       |  train: inter  |     0.586      |     0.784      
       28       |   val: inter   |     1.382      |     0.588      |     0.877      
       28       |  test: inter   |     1.168      |     0.644      |     0.906      
       28       |  test: czech   |     10.688     |     0.094      |     0.159      
------------------------------------------------------------------------------------
       29       |  train: inter  |     0.580      |     0.786      
       29       |   val: inter   |     1.403      |     0.587      |     0.881      
       29       |  test: inter   |     1.200      |     0.642      |     0.910      
       29       |  test: czech   |     11.864     |     0.080      |     0.127      
Finished Training
