Optimizer:
Adam (
Parameter Group 0
    amsgrad: False
    betas: (0.9, 0.999)
    eps: 1e-08
    lr: 0.001
    weight_decay: 0
)
Criterion:
CrossEntropyLoss()
Model:
FeedForwardNet(
  (layers): ModuleList(
    (0): Linear(in_features=2379, out_features=128, bias=True)
    (1): ReLU()
    (2): Linear(in_features=128, out_features=128, bias=True)
    (3): ReLU()
    (4): BatchNorm1d(128, eps=1e-05, momentum=0.1, affine=True, track_running_stats=True)
    (5): Dropout(p=0.25, inplace=False)
    (6): Linear(in_features=128, out_features=128, bias=True)
    (7): ReLU()
    (8): BatchNorm1d(128, eps=1e-05, momentum=0.1, affine=True, track_running_stats=True)
    (9): Dropout(p=0.25, inplace=False)
    (10): Linear(in_features=128, out_features=128, bias=True)
    (11): ReLU()
    (12): BatchNorm1d(128, eps=1e-05, momentum=0.1, affine=True, track_running_stats=True)
    (13): Dropout(p=0.25, inplace=False)
    (14): Linear(in_features=128, out_features=7, bias=True)
  )
)
N epochs:  10
Batch size:  128
Left margin:  30
Right margin:  30
------------------------------------------------------------------------------------
     epoch      |      name      |      loss      |   acc_frames   |  acc_samples   
------------------------------------------------------------------------------------
       1        |train: anglický |     0.809      |     0.692      |
       1        | val: anglický  |     0.890      |     0.669      |     0.875      
       1        | test: italský  |     2.692      |     0.197      |     0.226      
------------------------------------------------------------------------------------
       2        |train: anglický |     0.802      |     0.694      |
       2        | val: anglický  |     0.883      |     0.671      |     0.869      
       2        | test: italský  |     2.631      |     0.200      |     0.241      
------------------------------------------------------------------------------------
       3        |train: anglický |     0.797      |     0.697      |
       3        | val: anglický  |     0.877      |     0.671      |     0.886      
       3        | test: italský  |     2.812      |     0.200      |     0.241      
------------------------------------------------------------------------------------
       4        |train: anglický |     0.791      |     0.699      |
       4        | val: anglický  |     0.872      |     0.674      |     0.883      
       4        | test: italský  |     2.807      |     0.197      |     0.252      
------------------------------------------------------------------------------------
       5        |train: anglický |     0.785      |     0.702      |
       5        | val: anglický  |     0.874      |     0.673      |     0.883      
       5        | test: italský  |     2.845      |     0.200      |     0.247      
------------------------------------------------------------------------------------
       6        |train: anglický |     0.782      |     0.703      |
       6        | val: anglický  |     0.873      |     0.673      |     0.886      
       6        | test: italský  |     2.748      |     0.204      |     0.257      
------------------------------------------------------------------------------------
       7        |train: anglický |     0.779      |     0.704      |
       7        | val: anglický  |     0.879      |     0.675      |     0.896      
       7        | test: italský  |     2.803      |     0.200      |     0.253      
------------------------------------------------------------------------------------
       8        |train: anglický |     0.774      |     0.705      |
       8        | val: anglický  |     0.870      |     0.675      |     0.896      
       8        | test: italský  |     2.896      |     0.205      |     0.253      
------------------------------------------------------------------------------------
       9        |train: anglický |     0.770      |     0.707      |
       9        | val: anglický  |     0.866      |     0.677      |     0.894      
       9        | test: italský  |     2.834      |     0.200      |     0.231      
------------------------------------------------------------------------------------
       10       |train: anglický |     0.768      |     0.708      |
       10       | val: anglický  |     0.868      |     0.676      |     0.890      
       10       | test: italský  |     2.893      |     0.203      |     0.247      
------------------------------------------------------------------------------------
