Optimizer:
Adam (
Parameter Group 0
    amsgrad: False
    betas: (0.9, 0.999)
    eps: 1e-08
    lr: 0.001
    weight_decay: 0
)
Criterion:
CrossEntropyLoss()
Model:
FeedForwardNet(
  (layers): ModuleList(
    (0): Linear(in_features=2379, out_features=64, bias=True)
    (1): ReLU()
    (2): Linear(in_features=64, out_features=64, bias=True)
    (3): ReLU()
    (4): BatchNorm1d(64, eps=1e-05, momentum=0.1, affine=True, track_running_stats=True)
    (5): Dropout(p=0.25, inplace=False)
    (6): Linear(in_features=64, out_features=64, bias=True)
    (7): ReLU()
    (8): BatchNorm1d(64, eps=1e-05, momentum=0.1, affine=True, track_running_stats=True)
    (9): Dropout(p=0.25, inplace=False)
    (10): Linear(in_features=64, out_features=64, bias=True)
    (11): ReLU()
    (12): BatchNorm1d(64, eps=1e-05, momentum=0.1, affine=True, track_running_stats=True)
    (13): Dropout(p=0.25, inplace=False)
    (14): Linear(in_features=64, out_features=3, bias=True)
  )
)
N epochs:  10
Batch size:  256
Left margin:  30
Right margin:  30
------------------------------------------------------------------------------------
     epoch      |      name      |      loss      |   acc_frames   |  acc_samples   
------------------------------------------------------------------------------------
       1        | trénovací sada |     0.727      |     0.659      |
       1        | validační sada |     0.652      |     0.695      |     0.795      
       1        | testovací sada |     0.637      |     0.698      |     0.789      
------------------------------------------------------------------------------------
       2        | trénovací sada |     0.627      |     0.706      |
       2        | validační sada |     0.628      |     0.704      |     0.791      
       2        | testovací sada |     0.606      |     0.721      |     0.800      
------------------------------------------------------------------------------------
       3        | trénovací sada |     0.597      |     0.720      |
       3        | validační sada |     0.614      |     0.710      |     0.797      
       3        | testovací sada |     0.596      |     0.717      |     0.804      
------------------------------------------------------------------------------------
       4        | trénovací sada |     0.577      |     0.730      |
       4        | validační sada |     0.608      |     0.715      |     0.808      
       4        | testovací sada |     0.583      |     0.725      |     0.814      
------------------------------------------------------------------------------------
       5        | trénovací sada |     0.562      |     0.738      |
       5        | validační sada |     0.596      |     0.720      |     0.806      
       5        | testovací sada |     0.573      |     0.734      |     0.829      
------------------------------------------------------------------------------------
       6        | trénovací sada |     0.551      |     0.743      |
       6        | validační sada |     0.593      |     0.720      |     0.810      
       6        | testovací sada |     0.569      |     0.739      |     0.821      
------------------------------------------------------------------------------------
       7        | trénovací sada |     0.542      |     0.748      |
       7        | validační sada |     0.586      |     0.728      |     0.819      
       7        | testovací sada |     0.566      |     0.742      |     0.838      
------------------------------------------------------------------------------------
       8        | trénovací sada |     0.536      |     0.751      |
       8        | validační sada |     0.586      |     0.727      |     0.815      
       8        | testovací sada |     0.560      |     0.747      |     0.834      
------------------------------------------------------------------------------------
       9        | trénovací sada |     0.531      |     0.754      |
       9        | validační sada |     0.585      |     0.727      |     0.817      
       9        | testovací sada |     0.556      |     0.747      |     0.825      
------------------------------------------------------------------------------------
       10       | trénovací sada |     0.526      |     0.756      |
       10       | validační sada |     0.583      |     0.729      |     0.817      
       10       | testovací sada |     0.557      |     0.746      |     0.832      
------------------------------------------------------------------------------------
