Optimizer:
Adam (
Parameter Group 0
    amsgrad: False
    betas: (0.9, 0.999)
    eps: 1e-08
    lr: 0.001
    weight_decay: 0
)
Criterion:
CrossEntropyLoss()
Model:
FeedForwardNet(
  (layers): ModuleList(
    (0): Linear(in_features=1989, out_features=128, bias=True)
    (1): ReLU()
    (2): Linear(in_features=128, out_features=128, bias=True)
    (3): ReLU()
    (4): Linear(in_features=128, out_features=128, bias=True)
    (5): ReLU()
    (6): Linear(in_features=128, out_features=128, bias=True)
    (7): ReLU()
    (8): Linear(in_features=128, out_features=7, bias=True)
  )
)
N epochs:  10
Batch size:  32
Left margin:  25
Right margin:  25
------------------------------------------------------------------------------------
     epoch      |      name      |      loss      |   acc_frames   |  acc_samples   
------------------------------------------------------------------------------------
       1        | trénovací sada |     1.146      |     0.562      |
       1        | validační sada |     1.183      |     0.560      |     0.821      
       1        | testovací sada |     1.213      |     0.550      |     0.804      
------------------------------------------------------------------------------------
       2        | trénovací sada |     0.976      |     0.634      |
       2        | validační sada |     1.235      |     0.566      |     0.831      
       2        | testovací sada |     1.281      |     0.553      |     0.815      
------------------------------------------------------------------------------------
       3        | trénovací sada |     0.923      |     0.658      |
       3        | validační sada |     1.183      |     0.574      |     0.832      
       3        | testovací sada |     1.257      |     0.563      |     0.821      
------------------------------------------------------------------------------------
       4        | trénovací sada |     0.892      |     0.672      |
       4        | validační sada |     1.208      |     0.585      |     0.844      
       4        | testovací sada |     1.270      |     0.569      |     0.838      
------------------------------------------------------------------------------------
       5        | trénovací sada |     0.865      |     0.684      |
       5        | validační sada |     1.230      |     0.581      |     0.838      
       5        | testovací sada |     1.289      |     0.569      |     0.832      
------------------------------------------------------------------------------------
       6        | trénovací sada |     0.844      |     0.694      |
       6        | validační sada |     1.250      |     0.575      |     0.844      
       6        | testovací sada |     1.293      |     0.565      |     0.821      
------------------------------------------------------------------------------------
       7        | trénovací sada |     0.823      |     0.703      |
       7        | validační sada |     1.267      |     0.583      |     0.842      
       7        | testovací sada |     1.322      |     0.575      |     0.832      
------------------------------------------------------------------------------------
       8        | trénovací sada |     0.809      |     0.710      |
       8        | validační sada |     1.372      |     0.577      |     0.857      
       8        | testovací sada |     1.409      |     0.565      |     0.832      
------------------------------------------------------------------------------------
       9        | trénovací sada |     0.800      |     0.715      |
       9        | validační sada |     1.346      |     0.582      |     0.823      
       9        | testovací sada |     1.383      |     0.574      |     0.819      
------------------------------------------------------------------------------------
       10       | trénovací sada |     0.789      |     0.720      |
       10       | validační sada |     1.399      |     0.586      |     0.855      
       10       | testovací sada |     1.403      |     0.580      |     0.851      
------------------------------------------------------------------------------------
