Optimizer:  Adam (
Parameter Group 0
    amsgrad: False
    betas: (0.9, 0.999)
    eps: 1e-08
    lr: 0.001
    weight_decay: 0
)
Criterion:  CrossEntropyLoss()
Model:  FeedForwardNet(
  (layers): ModuleList(
    (0): Linear(in_features=1989, out_features=128, bias=True)
    (1): ReLU()
    (2): Linear(in_features=128, out_features=128, bias=True)
    (3): ReLU()
    (4): Linear(in_features=128, out_features=128, bias=True)
    (5): ReLU()
    (6): Linear(in_features=128, out_features=128, bias=True)
    (7): ReLU()
    (8): Linear(in_features=128, out_features=4, bias=True)
  )
)
N epochs: 10
Batch size:  32
Left margin:  25
Right margin:  25
------------------------------------------------------------------------------------
     epoch      |      name      |      loss      |   acc_frames   |  acc_samples   
------------------------------------------------------------------------------------
       1        |train: anglický |     0.787      |     0.648      |
       1        | val: anglický  |     0.812      |     0.656      |     0.890      
       1        | test: italský  |     1.967      |     0.314      |     0.337      
------------------------------------------------------------------------------------
       2        |train: anglický |     0.645      |     0.719      |
       2        | val: anglický  |     0.867      |     0.662      |     0.871      
       2        | test: italský  |     2.002      |     0.300      |     0.325      
------------------------------------------------------------------------------------
       3        |train: anglický |     0.588      |     0.748      |
       3        | val: anglický  |     0.842      |     0.673      |     0.909      
       3        | test: italský  |     2.259      |     0.294      |     0.310      
------------------------------------------------------------------------------------
       4        |train: anglický |     0.551      |     0.767      |
       4        | val: anglický  |     0.797      |     0.682      |     0.926      
       4        | test: italský  |     2.277      |     0.301      |     0.332      
------------------------------------------------------------------------------------
       5        |train: anglický |     0.525      |     0.780      |
       5        | val: anglický  |     0.828      |     0.691      |     0.926      
       5        | test: italský  |     2.430      |     0.292      |     0.323      
------------------------------------------------------------------------------------
       6        |train: anglický |     0.503      |     0.791      |
       6        | val: anglický  |     0.898      |     0.682      |     0.911      
       6        | test: italský  |     2.592      |     0.304      |     0.338      
------------------------------------------------------------------------------------
       7        |train: anglický |     0.486      |     0.800      |
       7        | val: anglický  |     0.889      |     0.676      |     0.926      
       7        | test: italský  |     2.499      |     0.299      |     0.352      
------------------------------------------------------------------------------------
       8        |train: anglický |     0.475      |     0.807      |
       8        | val: anglický  |     0.985      |     0.686      |     0.917      
       8        | test: italský  |     2.669      |     0.305      |     0.345      
------------------------------------------------------------------------------------
       9        |train: anglický |     0.466      |     0.813      |
       9        | val: anglický  |     1.060      |     0.665      |     0.852      
       9        | test: italský  |     2.639      |     0.276      |     0.310      
------------------------------------------------------------------------------------
       10       |train: anglický |     0.455      |     0.819      |
       10       | val: anglický  |     1.058      |     0.679      |     0.892      
       10       | test: italský  |     2.874      |     0.295      |     0.315      
------------------------------------------------------------------------------------
