------------------------------------------------------------------------------------
     epoch      |      name      |      loss      |   acc_frames   |  acc_samples   
------------------------------------------------------------------------------------
       1        |train: anglický |     1.146      |     0.564      |
       1        | val: anglický  |     1.011      |     0.628      |     0.841      
       1        | test: italský  |     2.124      |     0.221      |     0.245      
------------------------------------------------------------------------------------
       2        |train: anglický |     1.133      |     0.569      |
       2        | val: anglický  |     1.022      |     0.624      |     0.824      
       2        | test: italský  |     2.168      |     0.217      |     0.247      
------------------------------------------------------------------------------------
       3        |train: anglický |     1.124      |     0.573      |
       3        | val: anglický  |     1.054      |     0.631      |     0.826      
       3        | test: italský  |     2.151      |     0.213      |     0.241      
------------------------------------------------------------------------------------
       4        |train: anglický |     1.118      |     0.576      |
       4        | val: anglický  |     0.989      |     0.635      |     0.837      
       4        | test: italský  |     2.128      |     0.219      |     0.248      
------------------------------------------------------------------------------------
       5        |train: anglický |     1.111      |     0.578      |
       5        | val: anglický  |     0.998      |     0.634      |     0.828      
       5        | test: italský  |     2.159      |     0.213      |     0.253      
------------------------------------------------------------------------------------
       6        |train: anglický |     1.105      |     0.580      |
       6        | val: anglický  |     0.990      |     0.636      |     0.835      
       6        | test: italský  |     2.215      |     0.215      |     0.250      
------------------------------------------------------------------------------------
       7        |train: anglický |     1.100      |     0.583      |
       7        | val: anglický  |     0.974      |     0.640      |     0.833      
       7        | test: italský  |     2.129      |     0.210      |     0.238      
------------------------------------------------------------------------------------
       8        |train: anglický |     1.096      |     0.584      |
       8        | val: anglický  |     0.971      |     0.637      |     0.831      
       8        | test: italský  |     2.198      |     0.210      |     0.233      
------------------------------------------------------------------------------------
       9        |train: anglický |     1.092      |     0.586      |
       9        | val: anglický  |     0.977      |     0.637      |     0.837      
       9        | test: italský  |     2.135      |     0.217      |     0.259      
------------------------------------------------------------------------------------
       10       |train: anglický |     1.089      |     0.587      |
       10       | val: anglický  |     0.966      |     0.639      |     0.837      
       10       | test: italský  |     2.149      |     0.213      |     0.252      
------------------------------------------------------------------------------------
       11       |train: anglický |     1.086      |     0.588      |
       11       | val: anglický  |     0.963      |     0.644      |     0.843      
       11       | test: italský  |     2.176      |     0.210      |     0.264      
------------------------------------------------------------------------------------
       12       |train: anglický |     1.083      |     0.589      |
       12       | val: anglický  |     1.001      |     0.643      |     0.843      
       12       | test: italský  |     2.177      |     0.209      |     0.240      
------------------------------------------------------------------------------------
       13       |train: anglický |     1.080      |     0.591      |
       13       | val: anglický  |     0.966      |     0.644      |     0.839      
       13       | test: italský  |     2.151      |     0.210      |     0.241      
------------------------------------------------------------------------------------
       14       |train: anglický |     1.079      |     0.591      |
       14       | val: anglický  |     0.977      |     0.637      |     0.831      
       14       | test: italský  |     2.149      |     0.212      |     0.255      
------------------------------------------------------------------------------------
       15       |train: anglický |     1.076      |     0.592      |
       15       | val: anglický  |     1.013      |     0.643      |     0.835      
       15       | test: italský  |     2.252      |     0.207      |     0.240      
------------------------------------------------------------------------------------
       16       |train: anglický |     1.074      |     0.593      |
       16       | val: anglický  |     0.948      |     0.648      |     0.837      
       16       | test: italský  |     2.174      |     0.207      |     0.265      
------------------------------------------------------------------------------------
       17       |train: anglický |     1.071      |     0.594      |
       17       | val: anglický  |     0.946      |     0.645      |     0.839      
       17       | test: italský  |     2.164      |     0.216      |     0.277      
------------------------------------------------------------------------------------
       18       |train: anglický |     1.070      |     0.594      |
       18       | val: anglický  |     0.958      |     0.647      |     0.845      
       18       | test: italský  |     2.214      |     0.212      |     0.257      
------------------------------------------------------------------------------------
       19       |train: anglický |     1.067      |     0.596      |
       19       | val: anglický  |     0.949      |     0.647      |     0.837      
       19       | test: italský  |     2.144      |     0.211      |     0.253      
------------------------------------------------------------------------------------
       20       |train: anglický |     1.067      |     0.596      |
       20       | val: anglický  |     0.954      |     0.644      |     0.841      
       20       | test: italský  |     2.181      |     0.214      |     0.240      
------------------------------------------------------------------------------------
