Optimizer:  Adam (
Parameter Group 0
    amsgrad: False
    betas: (0.9, 0.999)
    eps: 1e-08
    lr: 0.001
    weight_decay: 0
)
Criterion:  CrossEntropyLoss()
Model:  FeedForwardNet(
  (layers): ModuleList(
    (0): Linear(in_features=1989, out_features=512, bias=True)
    (1): ReLU()
    (2): Linear(in_features=512, out_features=512, bias=True)
    (3): ReLU()
    (4): Linear(in_features=512, out_features=512, bias=True)
    (5): ReLU()
    (6): Linear(in_features=512, out_features=512, bias=True)
    (7): ReLU()
    (8): Linear(in_features=512, out_features=7, bias=True)
  )
)
N epochs: 10
Batch size:  32
Left margin:  25
Right margin:  25
------------------------------------------------------------------------------------
     epoch      |      name      |      loss      |   acc_frames   |  acc_samples   
------------------------------------------------------------------------------------
       1        |train: anglický |     1.005      |     0.619      |
       1        | val: anglický  |     1.110      |     0.609      |     0.892      
       1        | test: italský  |     3.014      |     0.182      |     0.196      
------------------------------------------------------------------------------------
       2        |train: anglický |     0.742      |     0.730      |
       2        | val: anglický  |     1.225      |     0.624      |     0.888      
       2        | test: italský  |     3.786      |     0.193      |     0.230      
------------------------------------------------------------------------------------
       3        |train: anglický |     0.626      |     0.779      |
       3        | val: anglický  |     1.303      |     0.630      |     0.900      
       3        | test: italský  |     4.746      |     0.185      |     0.235      
------------------------------------------------------------------------------------
       4        |train: anglický |     0.549      |     0.812      |
       4        | val: anglický  |     1.394      |     0.636      |     0.903      
       4        | test: italský  |     4.901      |     0.178      |     0.209      
------------------------------------------------------------------------------------
       5        |train: anglický |     0.503      |     0.833      |
       5        | val: anglický  |     1.410      |     0.632      |     0.900      
       5        | test: italský  |     5.084      |     0.189      |     0.230      
------------------------------------------------------------------------------------
       6        |train: anglický |     0.479      |     0.846      |
       6        | val: anglický  |     1.534      |     0.630      |     0.911      
       6        | test: italský  |     5.107      |     0.179      |     0.201      
------------------------------------------------------------------------------------
       7        |train: anglický |     0.459      |     0.855      |
       7        | val: anglický  |     2.010      |     0.630      |     0.907      
       7        | test: italský  |     7.683      |     0.181      |     0.213      
------------------------------------------------------------------------------------
       8        |train: anglický |     0.457      |     0.859      |
       8        | val: anglický  |     1.946      |     0.636      |     0.890      
       8        | test: italský  |     8.548      |     0.183      |     0.231      
------------------------------------------------------------------------------------
       9        |train: anglický |     0.462      |     0.860      |
       9        | val: anglický  |     2.264      |     0.635      |     0.875      
       9        | test: italský  |     6.947      |     0.185      |     0.233      
------------------------------------------------------------------------------------
       10       |train: anglický |     0.457      |     0.863      |
       10       | val: anglický  |     2.009      |     0.628      |     0.886      
       10       | test: italský  |     7.545      |     0.179      |     0.218      
------------------------------------------------------------------------------------
