Optimizer:  Adam (
Parameter Group 0
    amsgrad: False
    betas: (0.9, 0.999)
    eps: 1e-08
    lr: 0.001
    weight_decay: 0
)
Criterion:  CrossEntropyLoss()
Model:  FeedForwardNet(
  (layers): ModuleList(
    (0): Linear(in_features=1989, out_features=128, bias=True)
    (1): ReLU()
    (2): Linear(in_features=128, out_features=128, bias=True)
    (3): ReLU()
    (4): Linear(in_features=128, out_features=128, bias=True)
    (5): ReLU()
    (6): Linear(in_features=128, out_features=128, bias=True)
    (7): ReLU()
    (8): Linear(in_features=128, out_features=3, bias=True)
  )
)
N epochs: 10
Batch size:  32
Left margin:  25
Right margin:  25
------------------------------------------------------------------------------------
     epoch      |      name      |      loss      |   acc_frames   |  acc_samples   
------------------------------------------------------------------------------------
       1        |train: anglický |     0.583      |     0.730      |
       1        | val: anglický  |     0.591      |     0.728      |     0.879      
       1        | test: italský  |     1.292      |     0.536      |     0.570      
------------------------------------------------------------------------------------
       2        |train: anglický |     0.469      |     0.787      |
       2        | val: anglický  |     0.601      |     0.738      |     0.877      
       2        | test: italský  |     1.468      |     0.531      |     0.543      
------------------------------------------------------------------------------------
       3        |train: anglický |     0.420      |     0.812      |
       3        | val: anglický  |     0.607      |     0.738      |     0.903      
       3        | test: italský  |     1.506      |     0.505      |     0.536      
------------------------------------------------------------------------------------
       4        |train: anglický |     0.390      |     0.827      |
       4        | val: anglický  |     0.640      |     0.751      |     0.911      
       4        | test: italský  |     1.883      |     0.526      |     0.566      
------------------------------------------------------------------------------------
       5        |train: anglický |     0.369      |     0.838      |
       5        | val: anglický  |     0.650      |     0.744      |     0.926      
       5        | test: italský  |     1.842      |     0.495      |     0.565      
------------------------------------------------------------------------------------
       6        |train: anglický |     0.355      |     0.847      |
       6        | val: anglický  |     0.681      |     0.755      |     0.892      
       6        | test: italský  |     2.191      |     0.520      |     0.558      
------------------------------------------------------------------------------------
       7        |train: anglický |     0.342      |     0.854      |
       7        | val: anglický  |     0.749      |     0.734      |     0.900      
       7        | test: italský  |     2.269      |     0.508      |     0.558      
------------------------------------------------------------------------------------
       8        |train: anglický |     0.331      |     0.860      |
       8        | val: anglický  |     0.773      |     0.755      |     0.894      
       8        | test: italský  |     2.604      |     0.510      |     0.563      
------------------------------------------------------------------------------------
       9        |train: anglický |     0.324      |     0.864      |
       9        | val: anglický  |     0.788      |     0.754      |     0.917      
       9        | test: italský  |     2.687      |     0.522      |     0.554      
------------------------------------------------------------------------------------
       10       |train: anglický |     0.315      |     0.868      |
       10       | val: anglický  |     0.766      |     0.753      |     0.879      
       10       | test: italský  |     2.406      |     0.512      |     0.566      
------------------------------------------------------------------------------------
