Runs on device: cpu
Neural Network Architecture:
Sequential(
  (0): Linear(in_features=1989, out_features=128, bias=True)
  (1): ReLU()
  (2): Linear(in_features=128, out_features=128, bias=True)
  (3): ReLU()
  (4): Linear(in_features=128, out_features=128, bias=True)
  (5): ReLU()
  (6): Linear(in_features=128, out_features=4, bias=True)
)
Batch size: 512
Learning rate: 0.0001
------------------------------------------------------------------------------------
     epoch      |      name      |      loss      |   acc_frames   |  acc_samples   
------------------------------------------------------------------------------------
------------------------------------------------------------------------------------
       1        |  train: inter  |     0.892      |     0.607      |
       1        |   val: inter   |     0.822      |     0.640      |     0.856      
       1        |   test: ital   |     1.650      |     0.326      |     0.347      
       1        |  test: czech   |     3.583      |     0.205      |     0.270      
------------------------------------------------------------------------------------
       2        |  train: inter  |     0.715      |     0.689      |
       2        |   val: inter   |     0.775      |     0.662      |     0.877      
       2        |   test: ital   |     1.823      |     0.328      |     0.354      
       2        |  test: czech   |     4.346      |     0.222      |     0.365      
------------------------------------------------------------------------------------
       3        |  train: inter  |     0.653      |     0.719      |
       3        |   val: inter   |     0.757      |     0.673      |     0.892      
       3        |   test: ital   |     1.891      |     0.334      |     0.386      
       3        |  test: czech   |     4.959      |     0.156      |     0.206      
------------------------------------------------------------------------------------
       4        |  train: inter  |     0.612      |     0.738      |
       4        |   val: inter   |     0.761      |     0.676      |     0.900      
       4        |   test: ital   |     2.007      |     0.326      |     0.371      
       4        |  test: czech   |     5.349      |     0.151      |     0.270      
------------------------------------------------------------------------------------
       5        |  train: inter  |     0.582      |     0.752      |
       5        |   val: inter   |     0.750      |     0.684      |     0.913      
       5        |   test: ital   |     2.155      |     0.329      |     0.376      
       5        |  test: czech   |     6.297      |     0.158      |     0.254      
------------------------------------------------------------------------------------
       6        |  train: inter  |     0.558      |     0.763      |
       6        |   val: inter   |     0.738      |     0.688      |     0.919      
       6        |   test: ital   |     2.183      |     0.324      |     0.379      
       6        |  test: czech   |     6.215      |     0.151      |     0.238      
------------------------------------------------------------------------------------
       7        |  train: inter  |     0.537      |     0.772      |
       7        |   val: inter   |     0.748      |     0.692      |     0.917      
       7        |   test: ital   |     2.268      |     0.323      |     0.372      
       7        |  test: czech   |     6.762      |     0.146      |     0.206      
------------------------------------------------------------------------------------
       8        |  train: inter  |     0.520      |     0.781      |
       8        |   val: inter   |     0.760      |     0.691      |     0.926      
       8        |   test: ital   |     2.384      |     0.330      |     0.395      
       8        |  test: czech   |     7.123      |     0.149      |     0.254      
------------------------------------------------------------------------------------
       9        |  train: inter  |     0.504      |     0.788      |
       9        |   val: inter   |     0.771      |     0.690      |     0.926      
       9        |   test: ital   |     2.381      |     0.318      |     0.374      
       9        |  test: czech   |     6.920      |     0.139      |     0.270      
------------------------------------------------------------------------------------
       10       |  train: inter  |     0.490      |     0.794      |
       10       |   val: inter   |     0.771      |     0.695      |     0.939      
       10       |   test: ital   |     2.557      |     0.325      |     0.384      
       10       |  test: czech   |     7.445      |     0.145      |     0.270      
------------------------------------------------------------------------------------
       11       |  train: inter  |     0.477      |     0.800      |
       11       |   val: inter   |     0.783      |     0.697      |     0.932      
       11       |   test: ital   |     2.593      |     0.317      |     0.369      
       11       |  test: czech   |     7.436      |     0.142      |     0.238      
------------------------------------------------------------------------------------
       12       |  train: inter  |     0.466      |     0.805      |
       12       |   val: inter   |     0.793      |     0.697      |     0.934      
       12       |   test: ital   |     2.663      |     0.320      |     0.384      
       12       |  test: czech   |     8.175      |     0.132      |     0.222      
------------------------------------------------------------------------------------
       13       |  train: inter  |     0.455      |     0.810      |
       13       |   val: inter   |     0.806      |     0.691      |     0.934      
       13       |   test: ital   |     2.721      |     0.313      |     0.371      
       13       |  test: czech   |     7.665      |     0.141      |     0.222      
------------------------------------------------------------------------------------
       14       |  train: inter  |     0.445      |     0.814      |
       14       |   val: inter   |     0.809      |     0.696      |     0.945      
       14       |   test: ital   |     2.880      |     0.308      |     0.361      
       14       |  test: czech   |     8.613      |     0.135      |     0.222      
------------------------------------------------------------------------------------
       15       |  train: inter  |     0.435      |     0.818      |
       15       |   val: inter   |     0.825      |     0.694      |     0.928      
       15       |   test: ital   |     2.960      |     0.315      |     0.369      
       15       |  test: czech   |     8.805      |     0.143      |     0.254      
------------------------------------------------------------------------------------
       16       |  train: inter  |     0.426      |     0.822      |
       16       |   val: inter   |     0.817      |     0.699      |     0.934      
       16       |   test: ital   |     2.935      |     0.316      |     0.378      
       16       |  test: czech   |     8.027      |     0.159      |     0.254      
------------------------------------------------------------------------------------
       17       |  train: inter  |     0.418      |     0.826      |
       17       |   val: inter   |     0.837      |     0.697      |     0.936      
       17       |   test: ital   |     3.000      |     0.314      |     0.378      
       17       |  test: czech   |     8.843      |     0.154      |     0.270      
------------------------------------------------------------------------------------
       18       |  train: inter  |     0.409      |     0.830      |
       18       |   val: inter   |     0.838      |     0.700      |     0.939      
       18       |   test: ital   |     3.067      |     0.307      |     0.345      
       18       |  test: czech   |     8.273      |     0.130      |     0.175      
------------------------------------------------------------------------------------
       19       |  train: inter  |     0.402      |     0.833      |
       19       |   val: inter   |     0.846      |     0.701      |     0.945      
       19       |   test: ital   |     3.172      |     0.317      |     0.395      
       19       |  test: czech   |     9.238      |     0.130      |     0.206      
------------------------------------------------------------------------------------
       20       |  train: inter  |     0.395      |     0.836      |
       20       |   val: inter   |     0.871      |     0.695      |     0.936      
       20       |   test: ital   |     3.266      |     0.316      |     0.378      
       20       |  test: czech   |     9.410      |     0.145      |     0.238      
------------------------------------------------------------------------------------
       21       |  train: inter  |     0.388      |     0.839      |
       21       |   val: inter   |     0.881      |     0.695      |     0.932      
       21       |   test: ital   |     3.398      |     0.311      |     0.361      
       21       |  test: czech   |     9.575      |     0.144      |     0.238      
------------------------------------------------------------------------------------
       22       |  train: inter  |     0.381      |     0.842      |
       22       |   val: inter   |     0.880      |     0.699      |     0.947      
       22       |   test: ital   |     3.377      |     0.311      |     0.376      
       22       |  test: czech   |     9.968      |     0.133      |     0.206      
------------------------------------------------------------------------------------
       23       |  train: inter  |     0.375      |     0.845      |
       23       |   val: inter   |     0.896      |     0.698      |     0.939      
       23       |   test: ital   |     3.400      |     0.304      |     0.361      
       23       |  test: czech   |     10.276     |     0.136      |     0.222      
------------------------------------------------------------------------------------
       24       |  train: inter  |     0.369      |     0.847      |
       24       |   val: inter   |     0.910      |     0.697      |     0.939      
       24       |   test: ital   |     3.502      |     0.309      |     0.364      
       24       |  test: czech   |     9.415      |     0.149      |     0.238      
------------------------------------------------------------------------------------
       25       |  train: inter  |     0.363      |     0.849      |
       25       |   val: inter   |     0.923      |     0.695      |     0.945      
       25       |   test: ital   |     3.610      |     0.316      |     0.371      
       25       |  test: czech   |     10.655     |     0.140      |     0.238      
------------------------------------------------------------------------------------
       26       |  train: inter  |     0.358      |     0.852      |
       26       |   val: inter   |     0.931      |     0.700      |     0.953      
       26       |   test: ital   |     3.698      |     0.308      |     0.357      
       26       |  test: czech   |     10.417     |     0.155      |     0.238      
------------------------------------------------------------------------------------
       27       |  train: inter  |     0.353      |     0.854      |
       27       |   val: inter   |     0.948      |     0.699      |     0.936      
       27       |   test: ital   |     3.709      |     0.307      |     0.342      
       27       |  test: czech   |     10.906     |     0.130      |     0.206      
------------------------------------------------------------------------------------
       28       |  train: inter  |     0.348      |     0.856      |
       28       |   val: inter   |     0.952      |     0.696      |     0.947      
       28       |   test: ital   |     3.735      |     0.310      |     0.355      
       28       |  test: czech   |     11.330     |     0.127      |     0.206      
------------------------------------------------------------------------------------
       29       |  train: inter  |     0.343      |     0.859      |
       29       |   val: inter   |     0.949      |     0.700      |     0.958      
       29       |   test: ital   |     3.904      |     0.314      |     0.364      
       29       |  test: czech   |     11.078     |     0.154      |     0.270      
------------------------------------------------------------------------------------
       30       |  train: inter  |     0.339      |     0.860      |
       30       |   val: inter   |     0.970      |     0.701      |     0.951      
       30       |   test: ital   |     3.961      |     0.301      |     0.342      
       30       |  test: czech   |     11.190     |     0.135      |     0.175      
Finished Training
