Runs on device: cpu
Neural Network Architecture:
Sequential(
  (0): Linear(in_features=1209, out_features=128, bias=True)
  (1): ReLU()
  (2): Linear(in_features=128, out_features=64, bias=True)
  (3): ReLU()
  (4): Linear(in_features=64, out_features=7, bias=True)
)
Batch size: 128
Learning rate: 0.001
Weight decay: 0.0001
------------------------------------------------------------------------------------
     epoch      |      name      |      loss      |   acc_frames   |  acc_samples   
------------------------------------------------------------------------------------
------------------------------------------------------------------------------------
       1        |train: anglický |     1.234      |     0.526      |
       1        | val: anglický  |     1.210      |     0.538      |     0.854      
       1        |  test: český   |     2.867      |     0.204      |     0.238      
       1        | test: italský  |     2.324      |     0.193      |     0.230      
------------------------------------------------------------------------------------
       2        |train: anglický |     1.100      |     0.579      |
       2        | val: anglický  |     1.196      |     0.549      |     0.841      
       2        |  test: český   |     3.478      |     0.204      |     0.238      
       2        | test: italský  |     2.577      |     0.200      |     0.250      
------------------------------------------------------------------------------------
       3        |train: anglický |     1.068      |     0.592      |
       3        | val: anglický  |     1.182      |     0.550      |     0.847      
       3        |  test: český   |     3.716      |     0.154      |     0.206      
       3        | test: italský  |     2.492      |     0.190      |     0.230      
------------------------------------------------------------------------------------
       4        |train: anglický |     1.052      |     0.597      |
       4        | val: anglický  |     1.184      |     0.557      |     0.856      
       4        |  test: český   |     4.626      |     0.143      |     0.238      
       4        | test: italský  |     2.480      |     0.196      |     0.231      
------------------------------------------------------------------------------------
       5        |train: anglický |     1.041      |     0.602      |
       5        | val: anglický  |     1.179      |     0.556      |     0.856      
       5        |  test: český   |     4.168      |     0.148      |     0.206      
       5        | test: italský  |     2.470      |     0.195      |     0.252      
------------------------------------------------------------------------------------
       6        |train: anglický |     1.034      |     0.604      |
       6        | val: anglický  |     1.171      |     0.565      |     0.864      
       6        |  test: český   |     4.541      |     0.148      |     0.222      
       6        | test: italský  |     2.511      |     0.193      |     0.238      
------------------------------------------------------------------------------------
       7        |train: anglický |     1.028      |     0.607      |
       7        | val: anglický  |     1.164      |     0.564      |     0.854      
       7        |  test: český   |     4.501      |     0.146      |     0.238      
       7        | test: italský  |     2.507      |     0.197      |     0.252      
------------------------------------------------------------------------------------
       8        |train: anglický |     1.023      |     0.609      |
       8        | val: anglický  |     1.168      |     0.560      |     0.852      
       8        |  test: český   |     5.671      |     0.097      |     0.206      
       8        | test: italský  |     2.552      |     0.189      |     0.211      
------------------------------------------------------------------------------------
       9        |train: anglický |     1.018      |     0.611      |
       9        | val: anglický  |     1.179      |     0.561      |     0.852      
       9        |  test: český   |     4.923      |     0.099      |     0.222      
       9        | test: italský  |     2.585      |     0.198      |     0.255      
------------------------------------------------------------------------------------
       10       |train: anglický |     1.014      |     0.612      |
       10       | val: anglický  |     1.179      |     0.567      |     0.856      
       10       |  test: český   |     4.796      |     0.128      |     0.254      
       10       | test: italský  |     2.560      |     0.192      |     0.218      
Finished Training
