Optimizer:
Adam (
Parameter Group 0
    amsgrad: False
    betas: (0.9, 0.999)
    eps: 1e-08
    lr: 0.001
    weight_decay: 0
)
Criterion:
CrossEntropyLoss()
Model:
FeedForwardNet(
  (layers): ModuleList(
    (0): Linear(in_features=2379, out_features=64, bias=True)
    (1): ReLU()
    (2): Linear(in_features=64, out_features=64, bias=True)
    (3): ReLU()
    (4): BatchNorm1d(64, eps=1e-05, momentum=0.1, affine=True, track_running_stats=True)
    (5): Dropout(p=0.25, inplace=False)
    (6): Linear(in_features=64, out_features=64, bias=True)
    (7): ReLU()
    (8): BatchNorm1d(64, eps=1e-05, momentum=0.1, affine=True, track_running_stats=True)
    (9): Dropout(p=0.25, inplace=False)
    (10): Linear(in_features=64, out_features=7, bias=True)
  )
)
N epochs:  10
Batch size:  256
Left margin:  30
Right margin:  30
------------------------------------------------------------------------------------
     epoch      |      name      |      loss      |   acc_frames   |  acc_samples   
------------------------------------------------------------------------------------
       1        | trénovací sada |     1.371      |     0.467      |
       1        | validační sada |     1.199      |     0.525      |     0.740      
       1        | testovací sada |     1.213      |     0.532      |     0.750      
------------------------------------------------------------------------------------
       2        | trénovací sada |     1.213      |     0.531      |
       2        | validační sada |     1.147      |     0.547      |     0.766      
       2        | testovací sada |     1.166      |     0.550      |     0.755      
------------------------------------------------------------------------------------
       3        | trénovací sada |     1.166      |     0.550      |
       3        | validační sada |     1.114      |     0.567      |     0.787      
       3        | testovací sada |     1.135      |     0.561      |     0.780      
------------------------------------------------------------------------------------
       4        | trénovací sada |     1.140      |     0.561      |
       4        | validační sada |     1.095      |     0.571      |     0.776      
       4        | testovací sada |     1.131      |     0.568      |     0.785      
------------------------------------------------------------------------------------
       5        | trénovací sada |     1.124      |     0.568      |
       5        | validační sada |     1.086      |     0.575      |     0.793      
       5        | testovací sada |     1.113      |     0.573      |     0.797      
------------------------------------------------------------------------------------
       6        | trénovací sada |     1.111      |     0.573      |
       6        | validační sada |     1.079      |     0.577      |     0.798      
       6        | testovací sada |     1.107      |     0.571      |     0.791      
------------------------------------------------------------------------------------
       7        | trénovací sada |     1.101      |     0.577      |
       7        | validační sada |     1.079      |     0.583      |     0.797      
       7        | testovací sada |     1.104      |     0.575      |     0.793      
------------------------------------------------------------------------------------
       8        | trénovací sada |     1.094      |     0.580      |
       8        | validační sada |     1.064      |     0.586      |     0.800      
       8        | testovací sada |     1.097      |     0.575      |     0.783      
------------------------------------------------------------------------------------
       9        | trénovací sada |     1.087      |     0.582      |
       9        | validační sada |     1.055      |     0.588      |     0.795      
       9        | testovací sada |     1.086      |     0.582      |     0.802      
------------------------------------------------------------------------------------
       10       | trénovací sada |     1.082      |     0.585      |
       10       | validační sada |     1.056      |     0.590      |     0.815      
       10       | testovací sada |     1.085      |     0.583      |     0.797      
------------------------------------------------------------------------------------
