Optimizer:
Adam (
Parameter Group 0
    amsgrad: False
    betas: (0.9, 0.999)
    eps: 1e-08
    lr: 0.001
    weight_decay: 0
)
Criterion:
CrossEntropyLoss()
Model:
FeedForwardNet(
  (layers): ModuleList(
    (0): Linear(in_features=3939, out_features=128, bias=True)
    (1): ReLU()
    (2): Linear(in_features=128, out_features=128, bias=True)
    (3): ReLU()
    (4): BatchNorm1d(128, eps=1e-05, momentum=0.1, affine=True, track_running_stats=True)
    (5): Dropout(p=0.25, inplace=False)
    (6): Linear(in_features=128, out_features=128, bias=True)
    (7): ReLU()
    (8): BatchNorm1d(128, eps=1e-05, momentum=0.1, affine=True, track_running_stats=True)
    (9): Dropout(p=0.25, inplace=False)
    (10): Linear(in_features=128, out_features=128, bias=True)
    (11): ReLU()
    (12): BatchNorm1d(128, eps=1e-05, momentum=0.1, affine=True, track_running_stats=True)
    (13): Dropout(p=0.25, inplace=False)
    (14): Linear(in_features=128, out_features=128, bias=True)
    (15): ReLU()
    (16): BatchNorm1d(128, eps=1e-05, momentum=0.1, affine=True, track_running_stats=True)
    (17): Dropout(p=0.25, inplace=False)
    (18): Linear(in_features=128, out_features=3, bias=True)
  )
)
N epochs:  10
Batch size:  256
Left margin:  50
Right margin:  50
------------------------------------------------------------------------------------
     epoch      |      name      |      loss      |   acc_frames   |  acc_samples   
------------------------------------------------------------------------------------
       1        | trénovací sada |     0.631      |     0.702      |
       1        | validační sada |     0.565      |     0.737      |     0.831      
       1        | testovací sada |     0.567      |     0.732      |     0.819      
------------------------------------------------------------------------------------
       2        | trénovací sada |     0.499      |     0.768      |
       2        | validační sada |     0.539      |     0.754      |     0.855      
       2        | testovací sada |     0.526      |     0.757      |     0.864      
------------------------------------------------------------------------------------
       3        | trénovací sada |     0.454      |     0.791      |
       3        | validační sada |     0.520      |     0.760      |     0.870      
       3        | testovací sada |     0.506      |     0.765      |     0.878      
------------------------------------------------------------------------------------
       4        | trénovací sada |     0.423      |     0.807      |
       4        | validační sada |     0.509      |     0.771      |     0.876      
       4        | testovací sada |     0.503      |     0.775      |     0.879      
------------------------------------------------------------------------------------
       5        | trénovací sada |     0.401      |     0.818      |
       5        | validační sada |     0.520      |     0.769      |     0.881      
       5        | testovací sada |     0.503      |     0.776      |     0.893      
------------------------------------------------------------------------------------
       6        | trénovací sada |     0.383      |     0.827      |
       6        | validační sada |     0.521      |     0.774      |     0.895      
       6        | testovací sada |     0.505      |     0.778      |     0.889      
------------------------------------------------------------------------------------
       7        | trénovací sada |     0.367      |     0.835      |
       7        | validační sada |     0.525      |     0.776      |     0.889      
       7        | testovací sada |     0.511      |     0.778      |     0.893      
------------------------------------------------------------------------------------
       8        | trénovací sada |     0.355      |     0.841      |
       8        | validační sada |     0.530      |     0.777      |     0.891      
       8        | testovací sada |     0.522      |     0.780      |     0.885      
------------------------------------------------------------------------------------
       9        | trénovací sada |     0.344      |     0.846      |
       9        | validační sada |     0.544      |     0.773      |     0.900      
       9        | testovací sada |     0.529      |     0.782      |     0.895      
------------------------------------------------------------------------------------
       10       | trénovací sada |     0.334      |     0.852      |
       10       | validační sada |     0.555      |     0.778      |     0.891      
       10       | testovací sada |     0.534      |     0.787      |     0.898      
------------------------------------------------------------------------------------
