Optimizer:
Adam (
Parameter Group 0
    amsgrad: False
    betas: (0.9, 0.999)
    eps: 1e-08
    lr: 0.001
    weight_decay: 0
)
Criterion:
CrossEntropyLoss()
Model:
FeedForwardNet(
  (layers): ModuleList(
    (0): Linear(in_features=429, out_features=128, bias=True)
    (1): ReLU()
    (2): Linear(in_features=128, out_features=128, bias=True)
    (3): ReLU()
    (4): Linear(in_features=128, out_features=128, bias=True)
    (5): ReLU()
    (6): Linear(in_features=128, out_features=128, bias=True)
    (7): ReLU()
    (8): Linear(in_features=128, out_features=7, bias=True)
  )
)
N epochs:  10
Batch size:  32
Left margin:  5
Right margin:  5
------------------------------------------------------------------------------------
     epoch      |      name      |      loss      |   acc_frames   |  acc_samples   
------------------------------------------------------------------------------------
       1        | trénovací sada |     1.389      |     0.460      |
       1        | validační sada |     1.355      |     0.478      |     0.802      
       1        | testovací sada |     1.380      |     0.475      |     0.793      
------------------------------------------------------------------------------------
       2        | trénovací sada |     1.248      |     0.522      |
       2        | validační sada |     1.331      |     0.491      |     0.812      
       2        | testovací sada |     1.341      |     0.493      |     0.789      
------------------------------------------------------------------------------------
       3        | trénovací sada |     1.204      |     0.540      |
       3        | validační sada |     1.327      |     0.495      |     0.815      
       3        | testovací sada |     1.344      |     0.496      |     0.806      
------------------------------------------------------------------------------------
       4        | trénovací sada |     1.179      |     0.551      |
       4        | validační sada |     1.319      |     0.496      |     0.812      
       4        | testovací sada |     1.333      |     0.495      |     0.812      
------------------------------------------------------------------------------------
       5        | trénovací sada |     1.163      |     0.558      |
       5        | validační sada |     1.324      |     0.504      |     0.821      
       5        | testovací sada |     1.339      |     0.505      |     0.806      
------------------------------------------------------------------------------------
       6        | trénovací sada |     1.148      |     0.565      |
       6        | validační sada |     1.331      |     0.500      |     0.795      
       6        | testovací sada |     1.351      |     0.503      |     0.819      
------------------------------------------------------------------------------------
       7        | trénovací sada |     1.137      |     0.570      |
       7        | validační sada |     1.313      |     0.506      |     0.829      
       7        | testovací sada |     1.341      |     0.504      |     0.834      
------------------------------------------------------------------------------------
       8        | trénovací sada |     1.129      |     0.574      |
       8        | validační sada |     1.319      |     0.500      |     0.789      
       8        | testovací sada |     1.336      |     0.502      |     0.797      
------------------------------------------------------------------------------------
       9        | trénovací sada |     1.121      |     0.578      |
       9        | validační sada |     1.354      |     0.497      |     0.793      
       9        | testovací sada |     1.379      |     0.502      |     0.812      
------------------------------------------------------------------------------------
       10       | trénovací sada |     1.113      |     0.583      |
       10       | validační sada |     1.355      |     0.513      |     0.825      
       10       | testovací sada |     1.370      |     0.509      |     0.817      
------------------------------------------------------------------------------------
