Optimizer:
Adam (
Parameter Group 0
    amsgrad: False
    betas: (0.9, 0.999)
    eps: 1e-08
    lr: 0.001
    weight_decay: 0
)
Criterion:
CrossEntropyLoss()
Model:
FeedForwardNet(
  (layers): ModuleList(
    (0): Linear(in_features=1989, out_features=128, bias=True)
    (1): ReLU()
    (2): Linear(in_features=128, out_features=128, bias=True)
    (3): ReLU()
    (4): Linear(in_features=128, out_features=128, bias=True)
    (5): ReLU()
    (6): Linear(in_features=128, out_features=128, bias=True)
    (7): ReLU()
    (8): Linear(in_features=128, out_features=7, bias=True)
  )
)
N epochs:  10
Batch size:  256
Left margin:  25
Right margin:  25
------------------------------------------------------------------------------------
     epoch      |      name      |      loss      |   acc_frames   |  acc_samples   
------------------------------------------------------------------------------------
       1        | trénovací sada |     1.054      |     0.598      |
       1        | validační sada |     1.146      |     0.585      |     0.846      
       1        | testovací sada |     1.204      |     0.568      |     0.840      
------------------------------------------------------------------------------------
       2        | trénovací sada |     0.771      |     0.711      |
       2        | validační sada |     1.226      |     0.591      |     0.855      
       2        | testovací sada |     1.298      |     0.578      |     0.842      
------------------------------------------------------------------------------------
       3        | trénovací sada |     0.664      |     0.752      |
       3        | validační sada |     1.337      |     0.591      |     0.864      
       3        | testovací sada |     1.383      |     0.584      |     0.872      
------------------------------------------------------------------------------------
       4        | trénovací sada |     0.601      |     0.776      |
       4        | validační sada |     1.408      |     0.594      |     0.872      
       4        | testovací sada |     1.482      |     0.583      |     0.863      
------------------------------------------------------------------------------------
       5        | trénovací sada |     0.557      |     0.792      |
       5        | validační sada |     1.524      |     0.591      |     0.864      
       5        | testovací sada |     1.578      |     0.579      |     0.878      
------------------------------------------------------------------------------------
       6        | trénovací sada |     0.527      |     0.805      |
       6        | validační sada |     1.574      |     0.589      |     0.859      
       6        | testovací sada |     1.679      |     0.577      |     0.851      
------------------------------------------------------------------------------------
       7        | trénovací sada |     0.503      |     0.814      |
       7        | validační sada |     1.610      |     0.592      |     0.878      
       7        | testovací sada |     1.739      |     0.574      |     0.887      
------------------------------------------------------------------------------------
       8        | trénovací sada |     0.485      |     0.821      |
       8        | validační sada |     1.715      |     0.588      |     0.885      
       8        | testovací sada |     1.785      |     0.585      |     0.879      
------------------------------------------------------------------------------------
       9        | trénovací sada |     0.470      |     0.827      |
       9        | validační sada |     1.753      |     0.590      |     0.883      
       9        | testovací sada |     1.874      |     0.580      |     0.878      
------------------------------------------------------------------------------------
       10       | trénovací sada |     0.459      |     0.831      |
       10       | validační sada |     1.844      |     0.581      |     0.870      
       10       | testovací sada |     1.898      |     0.580      |     0.866      
------------------------------------------------------------------------------------
