Optimizer:  Adam (
Parameter Group 0
    amsgrad: False
    betas: (0.9, 0.999)
    eps: 1e-08
    lr: 0.01
    weight_decay: 0
)
Criterion:  CrossEntropyLoss()
Model:  FeedForwardNet(
  (layers): ModuleList(
    (0): Linear(in_features=2379, out_features=64, bias=True)
    (1): ReLU()
    (2): BatchNorm1d(64, eps=1e-05, momentum=0.1, affine=True, track_running_stats=True)
    (3): BasicResidual(
      (layers): ModuleList(
        (0): Linear(in_features=64, out_features=64, bias=True)
        (1): ReLU()
        (2): BatchNorm1d(64, eps=1e-05, momentum=0.1, affine=True, track_running_stats=True)
        (3): Linear(in_features=64, out_features=64, bias=True)
        (4): ReLU()
        (5): BatchNorm1d(64, eps=1e-05, momentum=0.1, affine=True, track_running_stats=True)
      )
    )
    (4): Linear(in_features=64, out_features=7, bias=True)
  )
)
------------------------------------------------------------------------------------
     epoch      |      name      |      loss      |   acc_frames   |  acc_samples   
------------------------------------------------------------------------------------
       1        |train: anglický |     1.182      |     0.545      |
       1        | val: anglický  |     1.458      |     0.573      |     0.778      
       1        | test: italský  |     2.603      |     0.193      |     0.196      
------------------------------------------------------------------------------------
       2        |train: anglický |     1.054      |     0.595      |
       2        | val: anglický  |     8.313      |     0.592      |     0.784      
       2        | test: italský  |     3.140      |     0.196      |     0.204      
------------------------------------------------------------------------------------
       3        |train: anglický |     1.014      |     0.610      |
       3        | val: anglický  |     2.573      |     0.611      |     0.818      
       3        | test: italský  |     4.343      |     0.191      |     0.213      
------------------------------------------------------------------------------------
       4        |train: anglický |     0.990      |     0.620      |
       4        | val: anglický  |     4.113      |     0.606      |     0.805      
       4        | test: italský  |     3.834      |     0.201      |     0.226      
------------------------------------------------------------------------------------
       5        |train: anglický |     0.974      |     0.626      |
       5        | val: anglický  |     26.998     |     0.616      |     0.820      
       5        | test: italský  |     4.339      |     0.191      |     0.219      
------------------------------------------------------------------------------------
       6        |train: anglický |     0.962      |     0.630      |
       6        | val: anglický  |     1.125      |     0.621      |     0.854      
       6        | test: italský  |     2.908      |     0.199      |     0.231      
------------------------------------------------------------------------------------
       7        |train: anglický |     0.953      |     0.634      |
       7        | val: anglický  |     1.657      |     0.619      |     0.850      
       7        | test: italský  |     3.215      |     0.187      |     0.211      
------------------------------------------------------------------------------------
       8        |train: anglický |     0.946      |     0.637      |
       8        | val: anglický  |     3.151      |     0.622      |     0.839      
       8        | test: italský  |     5.142      |     0.191      |     0.228      
------------------------------------------------------------------------------------
       9        |train: anglický |     0.940      |     0.639      |
       9        | val: anglický  |     1.874      |     0.620      |     0.839      
       9        | test: italský  |     4.127      |     0.197      |     0.236      
------------------------------------------------------------------------------------
       10       |train: anglický |     0.933      |     0.642      |
       10       | val: anglický  |     2.134      |     0.630      |     0.843      
       10       | test: italský  |     4.780      |     0.186      |     0.224      
------------------------------------------------------------------------------------
