Runs on device: cpu
Neural Network Architecture:
Sequential(
  (0): Linear(in_features=3939, out_features=64, bias=True)
  (1): ReLU()
  (2): Linear(in_features=64, out_features=64, bias=True)
  (3): ReLU()
  (4): Linear(in_features=64, out_features=64, bias=True)
  (5): ReLU()
  (6): Linear(in_features=64, out_features=7, bias=True)
)
Epoch 1/30
train_loss: 1.286 - train_accuracy: 0.511  - val_loss: 1.236 - val_accuracy: 0.529  - test_loss: 4.722 - test_accuracy: 0.151
Epoch 2/30
train_loss: 1.056 - train_accuracy: 0.601  - val_loss: 1.172 - val_accuracy: 0.559  - test_loss: 4.905 - test_accuracy: 0.135
Epoch 3/30
train_loss: 0.984 - train_accuracy: 0.629  - val_loss: 1.153 - val_accuracy: 0.572  - test_loss: 5.850 - test_accuracy: 0.113
Epoch 4/30
train_loss: 0.940 - train_accuracy: 0.646  - val_loss: 1.139 - val_accuracy: 0.583  - test_loss: 6.465 - test_accuracy: 0.113
Epoch 5/30
train_loss: 0.909 - train_accuracy: 0.659  - val_loss: 1.139 - val_accuracy: 0.582  - test_loss: 7.412 - test_accuracy: 0.108
Epoch 6/30
train_loss: 0.883 - train_accuracy: 0.669  - val_loss: 1.126 - val_accuracy: 0.587  - test_loss: 7.709 - test_accuracy: 0.110
Epoch 7/30
train_loss: 0.862 - train_accuracy: 0.677  - val_loss: 1.128 - val_accuracy: 0.589  - test_loss: 8.152 - test_accuracy: 0.107
Epoch 8/30
train_loss: 0.844 - train_accuracy: 0.684  - val_loss: 1.134 - val_accuracy: 0.588  - test_loss: 8.470 - test_accuracy: 0.104
Epoch 9/30
train_loss: 0.829 - train_accuracy: 0.690  - val_loss: 1.127 - val_accuracy: 0.590  - test_loss: 9.113 - test_accuracy: 0.099
Epoch 10/30
train_loss: 0.815 - train_accuracy: 0.695  - val_loss: 1.140 - val_accuracy: 0.589  - test_loss: 9.506 - test_accuracy: 0.094
Epoch 11/30
train_loss: 0.804 - train_accuracy: 0.700  - val_loss: 1.134 - val_accuracy: 0.591  - test_loss: 9.342 - test_accuracy: 0.098
Epoch 12/30
train_loss: 0.793 - train_accuracy: 0.704  - val_loss: 1.124 - val_accuracy: 0.592  - test_loss: 9.469 - test_accuracy: 0.099
Epoch 13/30
train_loss: 0.783 - train_accuracy: 0.707  - val_loss: 1.144 - val_accuracy: 0.588  - test_loss: 9.529 - test_accuracy: 0.104
Epoch 14/30
train_loss: 0.775 - train_accuracy: 0.711  - val_loss: 1.136 - val_accuracy: 0.595  - test_loss: 9.042 - test_accuracy: 0.108
Epoch 15/30
train_loss: 0.767 - train_accuracy: 0.714  - val_loss: 1.145 - val_accuracy: 0.593  - test_loss: 10.006 - test_accuracy: 0.108
Epoch 16/30
train_loss: 0.759 - train_accuracy: 0.717  - val_loss: 1.133 - val_accuracy: 0.597  - test_loss: 9.835 - test_accuracy: 0.105
Epoch 17/30
train_loss: 0.752 - train_accuracy: 0.720  - val_loss: 1.142 - val_accuracy: 0.597  - test_loss: 9.607 - test_accuracy: 0.111
Epoch 18/30
train_loss: 0.745 - train_accuracy: 0.722  - val_loss: 1.137 - val_accuracy: 0.599  - test_loss: 9.686 - test_accuracy: 0.112
Epoch 19/30
train_loss: 0.739 - train_accuracy: 0.725  - val_loss: 1.141 - val_accuracy: 0.599  - test_loss: 10.263 - test_accuracy: 0.107
Epoch 20/30
train_loss: 0.733 - train_accuracy: 0.727  - val_loss: 1.147 - val_accuracy: 0.597  - test_loss: 10.038 - test_accuracy: 0.111
Epoch 21/30
train_loss: 0.728 - train_accuracy: 0.729  - val_loss: 1.148 - val_accuracy: 0.598  - test_loss: 9.454 - test_accuracy: 0.117
Epoch 22/30
train_loss: 0.723 - train_accuracy: 0.731  - val_loss: 1.153 - val_accuracy: 0.598  - test_loss: 10.067 - test_accuracy: 0.106
Epoch 23/30
train_loss: 0.718 - train_accuracy: 0.733  - val_loss: 1.148 - val_accuracy: 0.600  - test_loss: 9.605 - test_accuracy: 0.119
Epoch 24/30
train_loss: 0.713 - train_accuracy: 0.734  - val_loss: 1.161 - val_accuracy: 0.599  - test_loss: 10.004 - test_accuracy: 0.119
Epoch 25/30
train_loss: 0.709 - train_accuracy: 0.736  - val_loss: 1.165 - val_accuracy: 0.598  - test_loss: 9.961 - test_accuracy: 0.119
Epoch 26/30
train_loss: 0.705 - train_accuracy: 0.738  - val_loss: 1.166 - val_accuracy: 0.599  - test_loss: 9.891 - test_accuracy: 0.119
Epoch 27/30
train_loss: 0.701 - train_accuracy: 0.739  - val_loss: 1.162 - val_accuracy: 0.601  - test_loss: 10.661 - test_accuracy: 0.120
Epoch 28/30
train_loss: 0.697 - train_accuracy: 0.741  - val_loss: 1.166 - val_accuracy: 0.602  - test_loss: 10.323 - test_accuracy: 0.123
Epoch 29/30
train_loss: 0.693 - train_accuracy: 0.742  - val_loss: 1.170 - val_accuracy: 0.601  - test_loss: 9.583 - test_accuracy: 0.134
Epoch 30/30
train_loss: 0.690 - train_accuracy: 0.744  - val_loss: 1.177 - val_accuracy: 0.599  - test_loss: 9.871 - test_accuracy: 0.123
Finished Training
