Optimizer:  Adam (
Parameter Group 0
    amsgrad: False
    betas: (0.9, 0.999)
    eps: 1e-08
    lr: 0.001
    weight_decay: 0
)
Criterion:  CrossEntropyLoss()
Model:  FeedForwardNet(
  (layers): ModuleList(
    (0): Linear(in_features=3939, out_features=128, bias=True)
    (1): ReLU()
    (2): Linear(in_features=128, out_features=128, bias=True)
    (3): ReLU()
    (4): Linear(in_features=128, out_features=128, bias=True)
    (5): ReLU()
    (6): Linear(in_features=128, out_features=128, bias=True)
    (7): ReLU()
    (8): Linear(in_features=128, out_features=7, bias=True)
  )
)
N epochs: 10
Batch size:  32
Left margin:  50
Right margin:  50
------------------------------------------------------------------------------------
     epoch      |      name      |      loss      |   acc_frames   |  acc_samples   
------------------------------------------------------------------------------------
       1        |train: anglický |     0.967      |     0.632      |
       1        | val: anglický  |     1.136      |     0.598      |     0.837      
       1        | test: italský  |     3.061      |     0.193      |     0.201      
------------------------------------------------------------------------------------
       2        |train: anglický |     0.782      |     0.710      |
       2        | val: anglický  |     1.183      |     0.614      |     0.850      
       2        | test: italský  |     3.673      |     0.184      |     0.211      
------------------------------------------------------------------------------------
       3        |train: anglický |     0.727      |     0.734      |
       3        | val: anglický  |     1.216      |     0.612      |     0.852      
       3        | test: italský  |     3.350      |     0.178      |     0.201      
------------------------------------------------------------------------------------
       4        |train: anglický |     0.695      |     0.750      |
       4        | val: anglický  |     1.250      |     0.623      |     0.879      
       4        | test: italský  |     3.834      |     0.192      |     0.228      
------------------------------------------------------------------------------------
       5        |train: anglický |     0.667      |     0.763      |
       5        | val: anglický  |     1.321      |     0.632      |     0.856      
       5        | test: italský  |     3.850      |     0.200      |     0.213      
------------------------------------------------------------------------------------
       6        |train: anglický |     0.637      |     0.777      |
       6        | val: anglický  |     1.292      |     0.634      |     0.867      
       6        | test: italský  |     3.654      |     0.191      |     0.206      
------------------------------------------------------------------------------------
       7        |train: anglický |     0.619      |     0.786      |
       7        | val: anglický  |     1.383      |     0.632      |     0.875      
       7        | test: italský  |     3.855      |     0.197      |     0.223      
------------------------------------------------------------------------------------
       8        |train: anglický |     0.590      |     0.797      |
       8        | val: anglický  |     1.345      |     0.633      |     0.879      
       8        | test: italský  |     3.971      |     0.190      |     0.201      
------------------------------------------------------------------------------------
       9        |train: anglický |     0.582      |     0.802      |
       9        | val: anglický  |     1.365      |     0.643      |     0.879      
       9        | test: italský  |     4.679      |     0.193      |     0.206      
------------------------------------------------------------------------------------
       10       |train: anglický |     0.561      |     0.810      |
       10       | val: anglický  |     1.379      |     0.625      |     0.875      
       10       | test: italský  |     4.052      |     0.190      |     0.197      
------------------------------------------------------------------------------------
