Optimizer:
Adam (
Parameter Group 0
    amsgrad: False
    betas: (0.9, 0.999)
    eps: 1e-08
    lr: 0.001
    weight_decay: 0
)
Criterion:
CrossEntropyLoss()
Model:
FeedForwardNet(
  (layers): ModuleList(
    (0): Linear(in_features=1989, out_features=128, bias=True)
    (1): ReLU()
    (2): Linear(in_features=128, out_features=128, bias=True)
    (3): ReLU()
    (4): Linear(in_features=128, out_features=128, bias=True)
    (5): ReLU()
    (6): Linear(in_features=128, out_features=128, bias=True)
    (7): ReLU()
    (8): Linear(in_features=128, out_features=128, bias=True)
    (9): ReLU()
    (10): Linear(in_features=128, out_features=128, bias=True)
    (11): ReLU()
    (12): Linear(in_features=128, out_features=7, bias=True)
  )
)
N epochs:  10
Batch size:  256
Left margin:  25
Right margin:  25
------------------------------------------------------------------------------------
     epoch      |      name      |      loss      |   acc_frames   |  acc_samples   
------------------------------------------------------------------------------------
       1        | trénovací sada |     1.060      |     0.593      |
       1        | validační sada |     1.133      |     0.580      |     0.844      
       1        | testovací sada |     1.163      |     0.573      |     0.844      
------------------------------------------------------------------------------------
       2        | trénovací sada |     0.754      |     0.715      |
       2        | validační sada |     1.227      |     0.594      |     0.864      
       2        | testovací sada |     1.320      |     0.582      |     0.836      
------------------------------------------------------------------------------------
       3        | trénovací sada |     0.636      |     0.761      |
       3        | validační sada |     1.328      |     0.599      |     0.879      
       3        | testovací sada |     1.432      |     0.583      |     0.859      
------------------------------------------------------------------------------------
       4        | trénovací sada |     0.565      |     0.789      |
       4        | validační sada |     1.451      |     0.592      |     0.881      
       4        | testovací sada |     1.514      |     0.587      |     0.874      
------------------------------------------------------------------------------------
       5        | trénovací sada |     0.519      |     0.807      |
       5        | validační sada |     1.506      |     0.597      |     0.893      
       5        | testovací sada |     1.619      |     0.585      |     0.853      
------------------------------------------------------------------------------------
       6        | trénovací sada |     0.485      |     0.820      |
       6        | validační sada |     1.584      |     0.599      |     0.883      
       6        | testovací sada |     1.726      |     0.589      |     0.874      
------------------------------------------------------------------------------------
       7        | trénovací sada |     0.461      |     0.830      |
       7        | validační sada |     1.655      |     0.598      |     0.878      
       7        | testovací sada |     1.804      |     0.580      |     0.859      
------------------------------------------------------------------------------------
       8        | trénovací sada |     0.440      |     0.838      |
       8        | validační sada |     1.692      |     0.596      |     0.879      
       8        | testovací sada |     1.856      |     0.578      |     0.851      
------------------------------------------------------------------------------------
       9        | trénovací sada |     0.424      |     0.845      |
       9        | validační sada |     1.795      |     0.593      |     0.893      
       9        | testovací sada |     1.912      |     0.582      |     0.864      
------------------------------------------------------------------------------------
       10       | trénovací sada |     0.411      |     0.850      |
       10       | validační sada |     1.859      |     0.593      |     0.883      
       10       | testovací sada |     1.952      |     0.584      |     0.878      
------------------------------------------------------------------------------------
