Optimizer:  Adam (
Parameter Group 0
    amsgrad: False
    betas: (0.9, 0.999)
    eps: 1e-08
    lr: 0.001
    weight_decay: 0
)
Criterion:  CrossEntropyLoss()
Model:  FeedForwardNet(
  (layers): ModuleList(
    (0): Linear(in_features=429, out_features=128, bias=True)
    (1): ReLU()
    (2): Linear(in_features=128, out_features=128, bias=True)
    (3): ReLU()
    (4): Linear(in_features=128, out_features=128, bias=True)
    (5): ReLU()
    (6): Linear(in_features=128, out_features=128, bias=True)
    (7): ReLU()
    (8): Linear(in_features=128, out_features=7, bias=True)
  )
)
N epochs: 10
Batch size:  32
Left margin:  5
Right margin:  5
------------------------------------------------------------------------------------
     epoch      |      name      |      loss      |   acc_frames   |  acc_samples   
------------------------------------------------------------------------------------
       1        |train: anglický |     1.315      |     0.490      |
       1        | val: anglický  |     1.303      |     0.508      |     0.822      
       1        | test: italský  |     2.383      |     0.182      |     0.231      
------------------------------------------------------------------------------------
       2        |train: anglický |     1.177      |     0.548      |
       2        | val: anglický  |     1.298      |     0.519      |     0.835      
       2        | test: italský  |     2.366      |     0.185      |     0.250      
------------------------------------------------------------------------------------
       3        |train: anglický |     1.135      |     0.566      |
       3        | val: anglický  |     1.259      |     0.531      |     0.843      
       3        | test: italský  |     2.481      |     0.178      |     0.213      
------------------------------------------------------------------------------------
       4        |train: anglický |     1.109      |     0.578      |
       4        | val: anglický  |     1.267      |     0.532      |     0.839      
       4        | test: italský  |     2.446      |     0.194      |     0.245      
------------------------------------------------------------------------------------
       5        |train: anglický |     1.090      |     0.586      |
       5        | val: anglický  |     1.254      |     0.537      |     0.852      
       5        | test: italský  |     2.420      |     0.185      |     0.231      
------------------------------------------------------------------------------------
       6        |train: anglický |     1.074      |     0.593      |
       6        | val: anglický  |     1.324      |     0.525      |     0.847      
       6        | test: italský  |     2.591      |     0.173      |     0.189      
------------------------------------------------------------------------------------
       7        |train: anglický |     1.063      |     0.598      |
       7        | val: anglický  |     1.287      |     0.535      |     0.816      
       7        | test: italský  |     2.466      |     0.185      |     0.259      
------------------------------------------------------------------------------------
       8        |train: anglický |     1.054      |     0.603      |
       8        | val: anglický  |     1.276      |     0.542      |     0.862      
       8        | test: italský  |     2.544      |     0.183      |     0.224      
------------------------------------------------------------------------------------
       9        |train: anglický |     1.046      |     0.606      |
       9        | val: anglický  |     1.291      |     0.544      |     0.833      
       9        | test: italský  |     2.670      |     0.180      |     0.214      
------------------------------------------------------------------------------------
       10       |train: anglický |     1.040      |     0.609      |
       10       | val: anglický  |     1.285      |     0.540      |     0.843      
       10       | test: italský  |     2.686      |     0.173      |     0.211      
------------------------------------------------------------------------------------
