Optimizer:  Adam (
Parameter Group 0
    amsgrad: False
    betas: (0.9, 0.999)
    eps: 1e-08
    lr: 0.001
    weight_decay: 0
)
Criterion:  CrossEntropyLoss()
Model:  FeedForwardNet(
  (layers): ModuleList(
    (0): Linear(in_features=1989, out_features=128, bias=True)
    (1): ReLU()
    (2): Linear(in_features=128, out_features=128, bias=True)
    (3): ReLU()
    (4): Linear(in_features=128, out_features=7, bias=True)
  )
)
N epochs: 10
Batch size:  32
Left margin:  25
Right margin:  25
------------------------------------------------------------------------------------
     epoch      |      name      |      loss      |   acc_frames   |  acc_samples   
------------------------------------------------------------------------------------
       1        |train: anglický |     1.201      |     0.537      |
       1        | val: anglický  |     1.244      |     0.537      |     0.818      
       1        | test: italský  |     2.616      |     0.195      |     0.206      
------------------------------------------------------------------------------------
       2        |train: anglický |     1.091      |     0.581      |
       2        | val: anglický  |     1.227      |     0.549      |     0.837      
       2        | test: italský  |     2.522      |     0.197      |     0.231      
------------------------------------------------------------------------------------
       3        |train: anglický |     1.060      |     0.594      |
       3        | val: anglický  |     1.217      |     0.561      |     0.818      
       3        | test: italský  |     2.754      |     0.190      |     0.204      
------------------------------------------------------------------------------------
       4        |train: anglický |     1.042      |     0.602      |
       4        | val: anglický  |     1.294      |     0.552      |     0.824      
       4        | test: italský  |     2.747      |     0.189      |     0.204      
------------------------------------------------------------------------------------
       5        |train: anglický |     1.033      |     0.606      |
       5        | val: anglický  |     1.301      |     0.535      |     0.820      
       5        | test: italský  |     2.618      |     0.193      |     0.223      
------------------------------------------------------------------------------------
       6        |train: anglický |     1.025      |     0.609      |
       6        | val: anglický  |     1.252      |     0.561      |     0.847      
       6        | test: italský  |     2.895      |     0.186      |     0.202      
------------------------------------------------------------------------------------
       7        |train: anglický |     1.021      |     0.611      |
       7        | val: anglický  |     1.304      |     0.562      |     0.824      
       7        | test: italský  |     2.857      |     0.191      |     0.194      
------------------------------------------------------------------------------------
       8        |train: anglický |     1.018      |     0.613      |
       8        | val: anglický  |     1.305      |     0.555      |     0.809      
       8        | test: italský  |     2.725      |     0.180      |     0.201      
------------------------------------------------------------------------------------
       9        |train: anglický |     1.018      |     0.613      |
       9        | val: anglický  |     1.348      |     0.557      |     0.822      
       9        | test: italský  |     2.849      |     0.196      |     0.230      
------------------------------------------------------------------------------------
       10       |train: anglický |     1.020      |     0.612      |
       10       | val: anglický  |     1.374      |     0.543      |     0.814      
       10       | test: italský  |     2.810      |     0.185      |     0.211      
------------------------------------------------------------------------------------
