Optimizer:
Adam (
Parameter Group 0
    amsgrad: False
    betas: (0.9, 0.999)
    eps: 1e-08
    lr: 0.001
    weight_decay: 0
)
Criterion:
CrossEntropyLoss()
Model:
FeedForwardNet(
  (layers): ModuleList(
    (0): Linear(in_features=1989, out_features=128, bias=True)
    (1): ReLU()
    (2): Linear(in_features=128, out_features=128, bias=True)
    (3): ReLU()
    (4): Linear(in_features=128, out_features=128, bias=True)
    (5): ReLU()
    (6): Linear(in_features=128, out_features=7, bias=True)
  )
)
N epochs:  10
Batch size:  256
Left margin:  25
Right margin:  25
------------------------------------------------------------------------------------
     epoch      |      name      |      loss      |   acc_frames   |  acc_samples   
------------------------------------------------------------------------------------
       1        | trénovací sada |     1.067      |     0.594      |
       1        | validační sada |     1.148      |     0.577      |     0.847      
       1        | testovací sada |     1.187      |     0.567      |     0.836      
------------------------------------------------------------------------------------
       2        | trénovací sada |     0.824      |     0.691      |
       2        | validační sada |     1.208      |     0.590      |     0.889      
       2        | testovací sada |     1.252      |     0.575      |     0.851      
------------------------------------------------------------------------------------
       3        | trénovací sada |     0.737      |     0.725      |
       3        | validační sada |     1.263      |     0.588      |     0.885      
       3        | testovací sada |     1.306      |     0.577      |     0.861      
------------------------------------------------------------------------------------
       4        | trénovací sada |     0.685      |     0.745      |
       4        | validační sada |     1.310      |     0.589      |     0.878      
       4        | testovací sada |     1.379      |     0.578      |     0.861      
------------------------------------------------------------------------------------
       5        | trénovací sada |     0.649      |     0.758      |
       5        | validační sada |     1.384      |     0.582      |     0.879      
       5        | testovací sada |     1.420      |     0.580      |     0.887      
------------------------------------------------------------------------------------
       6        | trénovací sada |     0.622      |     0.769      |
       6        | validační sada |     1.438      |     0.588      |     0.878      
       6        | testovací sada |     1.468      |     0.584      |     0.874      
------------------------------------------------------------------------------------
       7        | trénovací sada |     0.603      |     0.776      |
       7        | validační sada |     1.499      |     0.583      |     0.870      
       7        | testovací sada |     1.553      |     0.574      |     0.861      
------------------------------------------------------------------------------------
       8        | trénovací sada |     0.586      |     0.783      |
       8        | validační sada |     1.495      |     0.587      |     0.898      
       8        | testovací sada |     1.598      |     0.574      |     0.870      
------------------------------------------------------------------------------------
       9        | trénovací sada |     0.573      |     0.788      |
       9        | validační sada |     1.517      |     0.584      |     0.885      
       9        | testovací sada |     1.603      |     0.572      |     0.863      
------------------------------------------------------------------------------------
       10       | trénovací sada |     0.562      |     0.793      |
       10       | validační sada |     1.589      |     0.587      |     0.872      
       10       | testovací sada |     1.667      |     0.578      |     0.866      
------------------------------------------------------------------------------------
