Optimizer:  Adam (
Parameter Group 0
    amsgrad: False
    betas: (0.9, 0.999)
    eps: 1e-08
    lr: 0.001
    weight_decay: 0
)
Criterion:  CrossEntropyLoss()
Model:  FeedForwardNet(
  (layers): ModuleList(
    (0): Linear(in_features=1989, out_features=128, bias=True)
    (1): ReLU()
    (2): Linear(in_features=128, out_features=128, bias=True)
    (3): ReLU()
    (4): Linear(in_features=128, out_features=128, bias=True)
    (5): ReLU()
    (6): Linear(in_features=128, out_features=7, bias=True)
  )
)
N epochs: 10
Batch size:  32
Left margin:  25
Right margin:  25
------------------------------------------------------------------------------------
     epoch      |      name      |      loss      |   acc_frames   |  acc_samples   
------------------------------------------------------------------------------------
       1        |train: anglický |     1.109      |     0.575      |
       1        | val: anglický  |     1.182      |     0.562      |     0.837      
       1        | test: italský  |     2.477      |     0.188      |     0.228      
------------------------------------------------------------------------------------
       2        |train: anglický |     0.971      |     0.633      |
       2        | val: anglický  |     1.227      |     0.568      |     0.843      
       2        | test: italský  |     2.920      |     0.187      |     0.214      
------------------------------------------------------------------------------------
       3        |train: anglický |     0.939      |     0.648      |
       3        | val: anglický  |     1.199      |     0.587      |     0.862      
       3        | test: italský  |     3.084      |     0.190      |     0.190      
------------------------------------------------------------------------------------
       4        |train: anglický |     0.925      |     0.655      |
       4        | val: anglický  |     1.240      |     0.586      |     0.847      
       4        | test: italský  |     3.201      |     0.194      |     0.245      
------------------------------------------------------------------------------------
       5        |train: anglický |     0.920      |     0.657      |
       5        | val: anglický  |     1.219      |     0.585      |     0.852      
       5        | test: italský  |     3.112      |     0.187      |     0.265      
------------------------------------------------------------------------------------
       6        |train: anglický |     0.919      |     0.658      |
       6        | val: anglický  |     1.251      |     0.584      |     0.845      
       6        | test: italský  |     3.461      |     0.202      |     0.286      
------------------------------------------------------------------------------------
       7        |train: anglický |     0.918      |     0.658      |
       7        | val: anglický  |     1.264      |     0.579      |     0.858      
       7        | test: italský  |     3.527      |     0.197      |     0.238      
------------------------------------------------------------------------------------
       8        |train: anglický |     0.916      |     0.659      |
       8        | val: anglický  |     1.272      |     0.573      |     0.847      
       8        | test: italský  |     3.139      |     0.204      |     0.247      
------------------------------------------------------------------------------------
       9        |train: anglický |     0.915      |     0.660      |
       9        | val: anglický  |     1.252      |     0.578      |     0.835      
       9        | test: italský  |     3.168      |     0.205      |     0.272      
------------------------------------------------------------------------------------
       10       |train: anglický |     0.913      |     0.660      |
       10       | val: anglický  |     1.235      |     0.584      |     0.860      
       10       | test: italský  |     3.287      |     0.201      |     0.260      
------------------------------------------------------------------------------------
