Optimizer:
Adam (
Parameter Group 0
    amsgrad: False
    betas: (0.9, 0.999)
    eps: 1e-08
    lr: 0.001
    weight_decay: 0
)
Criterion:
CrossEntropyLoss()
Model:
FeedForwardNet(
  (layers): ModuleList(
    (0): Linear(in_features=3939, out_features=128, bias=True)
    (1): ReLU()
    (2): Linear(in_features=128, out_features=128, bias=True)
    (3): ReLU()
    (4): BatchNorm1d(128, eps=1e-05, momentum=0.1, affine=True, track_running_stats=True)
    (5): Dropout(p=0.25, inplace=False)
    (6): Linear(in_features=128, out_features=128, bias=True)
    (7): ReLU()
    (8): BatchNorm1d(128, eps=1e-05, momentum=0.1, affine=True, track_running_stats=True)
    (9): Dropout(p=0.25, inplace=False)
    (10): Linear(in_features=128, out_features=128, bias=True)
    (11): ReLU()
    (12): BatchNorm1d(128, eps=1e-05, momentum=0.1, affine=True, track_running_stats=True)
    (13): Dropout(p=0.25, inplace=False)
    (14): Linear(in_features=128, out_features=128, bias=True)
    (15): ReLU()
    (16): BatchNorm1d(128, eps=1e-05, momentum=0.1, affine=True, track_running_stats=True)
    (17): Dropout(p=0.25, inplace=False)
    (18): Linear(in_features=128, out_features=4, bias=True)
  )
)
N epochs:  10
Batch size:  256
Left margin:  50
Right margin:  50
------------------------------------------------------------------------------------
     epoch      |      name      |      loss      |   acc_frames   |  acc_samples   
------------------------------------------------------------------------------------
       1        | trénovací sada |     0.857      |     0.612      |
       1        | validační sada |     0.733      |     0.670      |     0.855      
       1        | testovací sada |     0.736      |     0.676      |     0.853      
------------------------------------------------------------------------------------
       2        | trénovací sada |     0.687      |     0.698      |
       2        | validační sada |     0.685      |     0.699      |     0.874      
       2        | testovací sada |     0.692      |     0.699      |     0.883      
------------------------------------------------------------------------------------
       3        | trénovací sada |     0.629      |     0.726      |
       3        | validační sada |     0.655      |     0.713      |     0.889      
       3        | testovací sada |     0.655      |     0.715      |     0.902      
------------------------------------------------------------------------------------
       4        | trénovací sada |     0.594      |     0.744      |
       4        | validační sada |     0.650      |     0.720      |     0.883      
       4        | testovací sada |     0.663      |     0.720      |     0.900      
------------------------------------------------------------------------------------
       5        | trénovací sada |     0.568      |     0.756      |
       5        | validační sada |     0.634      |     0.727      |     0.900      
       5        | testovací sada |     0.656      |     0.727      |     0.898      
------------------------------------------------------------------------------------
       6        | trénovací sada |     0.548      |     0.766      |
       6        | validační sada |     0.655      |     0.725      |     0.893      
       6        | testovací sada |     0.659      |     0.729      |     0.908      
------------------------------------------------------------------------------------
       7        | trénovací sada |     0.531      |     0.774      |
       7        | validační sada |     0.641      |     0.730      |     0.908      
       7        | testovací sada |     0.641      |     0.727      |     0.896      
------------------------------------------------------------------------------------
       8        | trénovací sada |     0.518      |     0.781      |
       8        | validační sada |     0.654      |     0.727      |     0.902      
       8        | testovací sada |     0.641      |     0.731      |     0.919      
------------------------------------------------------------------------------------
       9        | trénovací sada |     0.506      |     0.786      |
       9        | validační sada |     0.654      |     0.730      |     0.895      
       9        | testovací sada |     0.638      |     0.732      |     0.915      
------------------------------------------------------------------------------------
       10       | trénovací sada |     0.495      |     0.792      |
       10       | validační sada |     0.644      |     0.734      |     0.906      
       10       | testovací sada |     0.630      |     0.739      |     0.911      
------------------------------------------------------------------------------------
