Optimizer:  Adam (
Parameter Group 0
    amsgrad: False
    betas: (0.9, 0.999)
    eps: 1e-08
    lr: 0.001
    weight_decay: 0
)
Criterion:  CrossEntropyLoss()
Model:  FeedForwardNet(
  (layers): ModuleList(
    (0): Linear(in_features=2379, out_features=128, bias=True)
    (1): ReLU()
    (2): Linear(in_features=128, out_features=128, bias=True)
    (3): ReLU()
    (4): Linear(in_features=128, out_features=128, bias=True)
    (5): ReLU()
    (6): Linear(in_features=128, out_features=128, bias=True)
    (7): ReLU()
    (8): Linear(in_features=128, out_features=7, bias=True)
  )
)
N epochs: 10
Batch size:  32
Left margin:  30
Right margin:  30
------------------------------------------------------------------------------------
     epoch      |      name      |      loss      |   acc_frames   |  acc_samples   
------------------------------------------------------------------------------------
       1        |train: anglický |     1.068      |     0.590      |
       1        | val: anglický  |     1.154      |     0.582      |     0.852      
       1        | test: italský  |     2.773      |     0.179      |     0.209      
------------------------------------------------------------------------------------
       2        |train: anglický |     0.899      |     0.661      |
       2        | val: anglický  |     1.228      |     0.583      |     0.850      
       2        | test: italský  |     3.264      |     0.186      |     0.219      
------------------------------------------------------------------------------------
       3        |train: anglický |     0.846      |     0.684      |
       3        | val: anglický  |     1.155      |     0.597      |     0.860      
       3        | test: italský  |     3.087      |     0.177      |     0.199      
------------------------------------------------------------------------------------
       4        |train: anglický |     0.814      |     0.698      |
       4        | val: anglický  |     1.195      |     0.602      |     0.871      
       4        | test: italský  |     3.233      |     0.178      |     0.204      
------------------------------------------------------------------------------------
       5        |train: anglický |     0.791      |     0.708      |
       5        | val: anglický  |     1.236      |     0.601      |     0.869      
       5        | test: italský  |     3.606      |     0.178      |     0.209      
------------------------------------------------------------------------------------
       6        |train: anglický |     0.772      |     0.717      |
       6        | val: anglický  |     1.206      |     0.606      |     0.873      
       6        | test: italský  |     3.492      |     0.168      |     0.182      
------------------------------------------------------------------------------------
       7        |train: anglický |     0.758      |     0.724      |
       7        | val: anglický  |     1.314      |     0.599      |     0.864      
       7        | test: italský  |     4.180      |     0.175      |     0.194      
------------------------------------------------------------------------------------
       8        |train: anglický |     0.742      |     0.732      |
       8        | val: anglický  |     1.289      |     0.612      |     0.881      
       8        | test: italský  |     3.794      |     0.170      |     0.185      
------------------------------------------------------------------------------------
       9        |train: anglický |     0.730      |     0.738      |
       9        | val: anglický  |     1.308      |     0.595      |     0.854      
       9        | test: italský  |     3.685      |     0.174      |     0.218      
------------------------------------------------------------------------------------
       10       |train: anglický |     0.714      |     0.746      |
       10       | val: anglický  |     1.321      |     0.598      |     0.873      
       10       | test: italský  |     3.806      |     0.172      |     0.201      
------------------------------------------------------------------------------------
