Optimizer:  Adam (
Parameter Group 0
    amsgrad: False
    betas: (0.9, 0.999)
    eps: 1e-08
    lr: 0.001
    weight_decay: 0
)
Criterion:  CrossEntropyLoss()
Model:  FeedForwardNet(
  (layers): ModuleList(
    (0): Linear(in_features=1209, out_features=128, bias=True)
    (1): ReLU()
    (2): Linear(in_features=128, out_features=128, bias=True)
    (3): ReLU()
    (4): Linear(in_features=128, out_features=128, bias=True)
    (5): ReLU()
    (6): Linear(in_features=128, out_features=128, bias=True)
    (7): ReLU()
    (8): Linear(in_features=128, out_features=7, bias=True)
  )
)
N epochs: 10
Batch size:  32
Left margin:  15
Right margin:  15
------------------------------------------------------------------------------------
     epoch      |      name      |      loss      |   acc_frames   |  acc_samples   
------------------------------------------------------------------------------------
       1        |train: anglický |     1.173      |     0.549      |
       1        | val: anglický  |     1.227      |     0.543      |     0.841      
       1        | test: italský  |     2.494      |     0.179      |     0.185      
------------------------------------------------------------------------------------
       2        |train: anglický |     1.023      |     0.612      |
       2        | val: anglický  |     1.160      |     0.570      |     0.864      
       2        | test: italský  |     2.533      |     0.180      |     0.211      
------------------------------------------------------------------------------------
       3        |train: anglický |     0.972      |     0.635      |
       3        | val: anglický  |     1.189      |     0.573      |     0.858      
       3        | test: italský  |     2.645      |     0.184      |     0.224      
------------------------------------------------------------------------------------
       4        |train: anglický |     0.937      |     0.649      |
       4        | val: anglický  |     1.189      |     0.570      |     0.860      
       4        | test: italský  |     2.753      |     0.180      |     0.223      
------------------------------------------------------------------------------------
       5        |train: anglický |     0.914      |     0.660      |
       5        | val: anglický  |     1.191      |     0.581      |     0.871      
       5        | test: italský  |     2.859      |     0.182      |     0.209      
------------------------------------------------------------------------------------
       6        |train: anglický |     0.895      |     0.668      |
       6        | val: anglický  |     1.228      |     0.580      |     0.852      
       6        | test: italský  |     3.050      |     0.176      |     0.204      
------------------------------------------------------------------------------------
       7        |train: anglický |     0.881      |     0.675      |
       7        | val: anglický  |     1.225      |     0.581      |     0.873      
       7        | test: italský  |     3.050      |     0.179      |     0.228      
------------------------------------------------------------------------------------
       8        |train: anglický |     0.868      |     0.681      |
       8        | val: anglický  |     1.198      |     0.590      |     0.886      
       8        | test: italský  |     3.057      |     0.185      |     0.247      
------------------------------------------------------------------------------------
       9        |train: anglický |     0.860      |     0.685      |
       9        | val: anglický  |     1.242      |     0.585      |     0.856      
       9        | test: italský  |     3.031      |     0.179      |     0.228      
------------------------------------------------------------------------------------
       10       |train: anglický |     0.852      |     0.689      |
       10       | val: anglický  |     1.236      |     0.587      |     0.854      
       10       | test: italský  |     3.015      |     0.178      |     0.218      
------------------------------------------------------------------------------------
