Optimizer:
Adam (
Parameter Group 0
    amsgrad: False
    betas: (0.9, 0.999)
    eps: 1e-08
    lr: 0.001
    weight_decay: 0
)
Criterion:
CrossEntropyLoss()
Model:
FeedForwardNet(
  (layers): ModuleList(
    (0): Linear(in_features=2379, out_features=128, bias=True)
    (1): ReLU()
    (2): Linear(in_features=128, out_features=128, bias=True)
    (3): ReLU()
    (4): BatchNorm1d(128, eps=1e-05, momentum=0.1, affine=True, track_running_stats=True)
    (5): Dropout(p=0.25, inplace=False)
    (6): Linear(in_features=128, out_features=128, bias=True)
    (7): ReLU()
    (8): BatchNorm1d(128, eps=1e-05, momentum=0.1, affine=True, track_running_stats=True)
    (9): Dropout(p=0.25, inplace=False)
    (10): Linear(in_features=128, out_features=128, bias=True)
    (11): ReLU()
    (12): BatchNorm1d(128, eps=1e-05, momentum=0.1, affine=True, track_running_stats=True)
    (13): Dropout(p=0.25, inplace=False)
    (14): Linear(in_features=128, out_features=7, bias=True)
  )
)
N epochs:  10
Batch size:  128
Left margin:  30
Right margin:  30
------------------------------------------------------------------------------------
     epoch      |      name      |      loss      |   acc_frames   |  acc_samples   
------------------------------------------------------------------------------------
       1        |train: anglický |     0.765      |     0.710      |
       1        | val: anglický  |     0.874      |     0.675      |     0.894      
       1        | test: italský  |     2.832      |     0.203      |     0.250      
------------------------------------------------------------------------------------
       2        |train: anglický |     0.762      |     0.711      |
       2        | val: anglický  |     0.868      |     0.678      |     0.898      
       2        | test: italský  |     2.867      |     0.202      |     0.247      
------------------------------------------------------------------------------------
       3        |train: anglický |     0.759      |     0.712      |
       3        | val: anglický  |     0.873      |     0.678      |     0.896      
       3        | test: italský  |     2.903      |     0.200      |     0.240      
------------------------------------------------------------------------------------
       4        |train: anglický |     0.757      |     0.713      |
       4        | val: anglický  |     0.877      |     0.676      |     0.890      
       4        | test: italský  |     2.899      |     0.202      |     0.238      
------------------------------------------------------------------------------------
       5        |train: anglický |     0.755      |     0.714      |
       5        | val: anglický  |     0.875      |     0.676      |     0.883      
       5        | test: italský  |     2.804      |     0.206      |     0.255      
------------------------------------------------------------------------------------
       6        |train: anglický |     0.753      |     0.714      |
       6        | val: anglický  |     0.865      |     0.676      |     0.894      
       6        | test: italský  |     2.796      |     0.208      |     0.267      
------------------------------------------------------------------------------------
       7        |train: anglický |     0.752      |     0.715      |
       7        | val: anglický  |     0.872      |     0.681      |     0.892      
       7        | test: italský  |     2.834      |     0.198      |     0.238      
------------------------------------------------------------------------------------
       8        |train: anglický |     0.748      |     0.716      |
       8        | val: anglický  |     0.869      |     0.678      |     0.903      
       8        | test: italský  |     2.889      |     0.204      |     0.238      
------------------------------------------------------------------------------------
       9        |train: anglický |     0.747      |     0.717      |
       9        | val: anglický  |     0.883      |     0.672      |     0.888      
       9        | test: italský  |     2.870      |     0.196      |     0.221      
------------------------------------------------------------------------------------
       10       |train: anglický |     0.745      |     0.717      |
       10       | val: anglický  |     0.870      |     0.678      |     0.892      
       10       | test: italský  |     2.892      |     0.206      |     0.250      
------------------------------------------------------------------------------------
