Optimizer:
Adam (
Parameter Group 0
    amsgrad: False
    betas: (0.9, 0.999)
    eps: 1e-08
    lr: 0.001
    weight_decay: 0
)
Criterion:
CrossEntropyLoss()
Model:
FeedForwardNet(
  (layers): ModuleList(
    (0): Linear(in_features=2379, out_features=128, bias=True)
    (1): ReLU()
    (2): Linear(in_features=128, out_features=128, bias=True)
    (3): ReLU()
    (4): BatchNorm1d(128, eps=1e-05, momentum=0.1, affine=True, track_running_stats=True)
    (5): Dropout(p=0.25, inplace=False)
    (6): Linear(in_features=128, out_features=128, bias=True)
    (7): ReLU()
    (8): BatchNorm1d(128, eps=1e-05, momentum=0.1, affine=True, track_running_stats=True)
    (9): Dropout(p=0.25, inplace=False)
    (10): Linear(in_features=128, out_features=128, bias=True)
    (11): ReLU()
    (12): BatchNorm1d(128, eps=1e-05, momentum=0.1, affine=True, track_running_stats=True)
    (13): Dropout(p=0.25, inplace=False)
    (14): Linear(in_features=128, out_features=128, bias=True)
    (15): ReLU()
    (16): BatchNorm1d(128, eps=1e-05, momentum=0.1, affine=True, track_running_stats=True)
    (17): Dropout(p=0.25, inplace=False)
    (18): Linear(in_features=128, out_features=4, bias=True)
  )
)
N epochs:  30
Batch size:  256
Left margin:  30
Right margin:  30
------------------------------------------------------------------------------------
     epoch      |      name      |      loss      |   acc_frames   |  acc_samples   
------------------------------------------------------------------------------------
       1        | trénovací sada |     0.918      |     0.580      |
       1        | validační sada |     0.801      |     0.637      |     0.836      
       1        | testovací sada |     0.807      |     0.638      |     0.829      
------------------------------------------------------------------------------------
       2        | trénovací sada |     0.768      |     0.655      |
       2        | validační sada |     0.746      |     0.663      |     0.859      
       2        | testovací sada |     0.746      |     0.663      |     0.870      
------------------------------------------------------------------------------------
       3        | trénovací sada |     0.718      |     0.680      |
       3        | validační sada |     0.717      |     0.679      |     0.868      
       3        | testovací sada |     0.716      |     0.687      |     0.879      
------------------------------------------------------------------------------------
       4        | trénovací sada |     0.686      |     0.696      |
       4        | validační sada |     0.715      |     0.681      |     0.883      
       4        | testovací sada |     0.708      |     0.692      |     0.889      
------------------------------------------------------------------------------------
       5        | trénovací sada |     0.664      |     0.708      |
       5        | validační sada |     0.705      |     0.690      |     0.883      
       5        | testovací sada |     0.699      |     0.697      |     0.881      
------------------------------------------------------------------------------------
       6        | trénovací sada |     0.647      |     0.716      |
       6        | validační sada |     0.695      |     0.694      |     0.887      
       6        | testovací sada |     0.692      |     0.697      |     0.895      
------------------------------------------------------------------------------------
       7        | trénovací sada |     0.631      |     0.724      |
       7        | validační sada |     0.696      |     0.693      |     0.898      
       7        | testovací sada |     0.684      |     0.699      |     0.902      
------------------------------------------------------------------------------------
       8        | trénovací sada |     0.619      |     0.730      |
       8        | validační sada |     0.689      |     0.700      |     0.891      
       8        | testovací sada |     0.680      |     0.707      |     0.898      
------------------------------------------------------------------------------------
       9        | trénovací sada |     0.609      |     0.735      |
       9        | validační sada |     0.686      |     0.699      |     0.898      
       9        | testovací sada |     0.690      |     0.701      |     0.895      
------------------------------------------------------------------------------------
       10       | trénovací sada |     0.601      |     0.739      |
       10       | validační sada |     0.683      |     0.702      |     0.893      
       10       | testovací sada |     0.686      |     0.706      |     0.898      
------------------------------------------------------------------------------------
       11       | trénovací sada |     0.594      |     0.742      |
       11       | validační sada |     0.684      |     0.703      |     0.893      
       11       | testovací sada |     0.680      |     0.712      |     0.902      
------------------------------------------------------------------------------------
       12       | trénovací sada |     0.587      |     0.746      |
       12       | validační sada |     0.682      |     0.704      |     0.891      
       12       | testovací sada |     0.682      |     0.709      |     0.913      
------------------------------------------------------------------------------------
       13       | trénovací sada |     0.580      |     0.749      |
       13       | validační sada |     0.681      |     0.704      |     0.896      
       13       | testovací sada |     0.674      |     0.710      |     0.895      
------------------------------------------------------------------------------------
       14       | trénovací sada |     0.576      |     0.751      |
       14       | validační sada |     0.675      |     0.706      |     0.896      
       14       | testovací sada |     0.676      |     0.711      |     0.898      
------------------------------------------------------------------------------------
       15       | trénovací sada |     0.571      |     0.754      |
       15       | validační sada |     0.676      |     0.709      |     0.893      
       15       | testovací sada |     0.680      |     0.709      |     0.898      
------------------------------------------------------------------------------------
       16       | trénovací sada |     0.567      |     0.756      |
       16       | validační sada |     0.685      |     0.708      |     0.902      
       16       | testovací sada |     0.688      |     0.711      |     0.910      
------------------------------------------------------------------------------------
       17       | trénovací sada |     0.563      |     0.758      |
       17       | validační sada |     0.681      |     0.707      |     0.893      
       17       | testovací sada |     0.683      |     0.712      |     0.906      
------------------------------------------------------------------------------------
       18       | trénovací sada |     0.560      |     0.759      |
       18       | validační sada |     0.682      |     0.709      |     0.891      
       18       | testovací sada |     0.677      |     0.713      |     0.911      
------------------------------------------------------------------------------------
       19       | trénovací sada |     0.556      |     0.761      |
       19       | validační sada |     0.677      |     0.712      |     0.908      
       19       | testovací sada |     0.682      |     0.715      |     0.913      
------------------------------------------------------------------------------------
       20       | trénovací sada |     0.554      |     0.762      |
       20       | validační sada |     0.683      |     0.711      |     0.904      
       20       | testovací sada |     0.690      |     0.715      |     0.911      
------------------------------------------------------------------------------------
       21       | trénovací sada |     0.550      |     0.764      |
       21       | validační sada |     0.686      |     0.711      |     0.893      
       21       | testovací sada |     0.684      |     0.716      |     0.911      
------------------------------------------------------------------------------------
       22       | trénovací sada |     0.548      |     0.765      |
       22       | validační sada |     0.683      |     0.713      |     0.895      
       22       | testovací sada |     0.677      |     0.717      |     0.923      
------------------------------------------------------------------------------------
       23       | trénovací sada |     0.545      |     0.766      |
       23       | validační sada |     0.678      |     0.714      |     0.902      
       23       | testovací sada |     0.679      |     0.718      |     0.921      
------------------------------------------------------------------------------------
       24       | trénovací sada |     0.542      |     0.768      |
       24       | validační sada |     0.676      |     0.713      |     0.902      
       24       | testovací sada |     0.673      |     0.720      |     0.921      
------------------------------------------------------------------------------------
       25       | trénovací sada |     0.540      |     0.768      |
       25       | validační sada |     0.673      |     0.713      |     0.900      
       25       | testovací sada |     0.676      |     0.717      |     0.921      
------------------------------------------------------------------------------------
       26       | trénovací sada |     0.539      |     0.770      |
       26       | validační sada |     0.675      |     0.715      |     0.895      
       26       | testovací sada |     0.683      |     0.715      |     0.915      
------------------------------------------------------------------------------------
       27       | trénovací sada |     0.536      |     0.771      |
       27       | validační sada |     0.684      |     0.711      |     0.911      
       27       | testovací sada |     0.688      |     0.715      |     0.917      
------------------------------------------------------------------------------------
       28       | trénovací sada |     0.535      |     0.772      |
       28       | validační sada |     0.678      |     0.718      |     0.902      
       28       | testovací sada |     0.675      |     0.722      |     0.927      
------------------------------------------------------------------------------------
       29       | trénovací sada |     0.533      |     0.773      |
       29       | validační sada |     0.684      |     0.712      |     0.896      
       29       | testovací sada |     0.683      |     0.718      |     0.925      
------------------------------------------------------------------------------------
       30       | trénovací sada |     0.531      |     0.773      |
       30       | validační sada |     0.683      |     0.714      |     0.908      
       30       | testovací sada |     0.687      |     0.717      |     0.921      
------------------------------------------------------------------------------------
