Optimizer:
Adam (
Parameter Group 0
    amsgrad: False
    betas: (0.9, 0.999)
    eps: 1e-08
    lr: 0.001
    weight_decay: 0
)
Criterion:
CrossEntropyLoss()
Model:
FeedForwardNet(
  (layers): ModuleList(
    (0): Linear(in_features=2379, out_features=128, bias=True)
    (1): ReLU()
    (2): Linear(in_features=128, out_features=128, bias=True)
    (3): ReLU()
    (4): BatchNorm1d(128, eps=1e-05, momentum=0.1, affine=True, track_running_stats=True)
    (5): Dropout(p=0.25, inplace=False)
    (6): Linear(in_features=128, out_features=128, bias=True)
    (7): ReLU()
    (8): BatchNorm1d(128, eps=1e-05, momentum=0.1, affine=True, track_running_stats=True)
    (9): Dropout(p=0.25, inplace=False)
    (10): Linear(in_features=128, out_features=128, bias=True)
    (11): ReLU()
    (12): BatchNorm1d(128, eps=1e-05, momentum=0.1, affine=True, track_running_stats=True)
    (13): Dropout(p=0.25, inplace=False)
    (14): Linear(in_features=128, out_features=7, bias=True)
  )
)
N epochs:  10
Batch size:  256
Left margin:  30
Right margin:  30
------------------------------------------------------------------------------------
     epoch      |      name      |      loss      |   acc_frames   |  acc_samples   
------------------------------------------------------------------------------------
       1        |train: anglický |     1.174      |     0.548      |
       1        | val: anglický  |     1.016      |     0.608      |     0.831      
       1        | test: italský  |     2.228      |     0.209      |     0.236      
------------------------------------------------------------------------------------
       2        |train: anglický |     0.987      |     0.622      |
       2        | val: anglický  |     0.962      |     0.633      |     0.854      
       2        | test: italský  |     2.417      |     0.211      |     0.235      
------------------------------------------------------------------------------------
       3        |train: anglický |     0.927      |     0.645      |
       3        | val: anglický  |     0.948      |     0.639      |     0.852      
       3        | test: italský  |     2.460      |     0.207      |     0.236      
------------------------------------------------------------------------------------
       4        |train: anglický |     0.890      |     0.659      |
       4        | val: anglický  |     0.929      |     0.645      |     0.850      
       4        | test: italský  |     2.492      |     0.206      |     0.250      
------------------------------------------------------------------------------------
       5        |train: anglický |     0.864      |     0.670      |
       5        | val: anglický  |     0.918      |     0.651      |     0.856      
       5        | test: italský  |     2.648      |     0.205      |     0.231      
------------------------------------------------------------------------------------
       6        |train: anglický |     0.846      |     0.677      |
       6        | val: anglický  |     0.907      |     0.657      |     0.888      
       6        | test: italský  |     2.661      |     0.212      |     0.243      
------------------------------------------------------------------------------------
       7        |train: anglický |     0.830      |     0.683      |
       7        | val: anglický  |     0.897      |     0.665      |     0.877      
       7        | test: italský  |     2.721      |     0.206      |     0.240      
------------------------------------------------------------------------------------
       8        |train: anglický |     0.818      |     0.688      |
       8        | val: anglický  |     0.905      |     0.663      |     0.871      
       8        | test: italský  |     2.779      |     0.208      |     0.248      
------------------------------------------------------------------------------------
       9        |train: anglický |     0.807      |     0.692      |
       9        | val: anglický  |     0.900      |     0.665      |     0.881      
       9        | test: italský  |     2.728      |     0.205      |     0.252      
------------------------------------------------------------------------------------
       10       |train: anglický |     0.798      |     0.696      |
       10       | val: anglický  |     0.904      |     0.664      |     0.867      
       10       | test: italský  |     2.774      |     0.207      |     0.243      
------------------------------------------------------------------------------------
