Optimizer:
Adam (
Parameter Group 0
    amsgrad: False
    betas: (0.9, 0.999)
    eps: 1e-08
    lr: 0.001
    weight_decay: 0
)
Criterion:
CrossEntropyLoss()
Model:
FeedForwardNet(
  (layers): ModuleList(
    (0): Linear(in_features=2379, out_features=64, bias=True)
    (1): ReLU()
    (2): Linear(in_features=64, out_features=64, bias=True)
    (3): ReLU()
    (4): BatchNorm1d(64, eps=1e-05, momentum=0.1, affine=True, track_running_stats=True)
    (5): Dropout(p=0.25, inplace=False)
    (6): Linear(in_features=64, out_features=64, bias=True)
    (7): ReLU()
    (8): BatchNorm1d(64, eps=1e-05, momentum=0.1, affine=True, track_running_stats=True)
    (9): Dropout(p=0.25, inplace=False)
    (10): Linear(in_features=64, out_features=64, bias=True)
    (11): ReLU()
    (12): BatchNorm1d(64, eps=1e-05, momentum=0.1, affine=True, track_running_stats=True)
    (13): Dropout(p=0.25, inplace=False)
    (14): Linear(in_features=64, out_features=3, bias=True)
  )
)
N epochs:  30
Batch size:  256
Left margin:  30
Right margin:  30
------------------------------------------------------------------------------------
     epoch      |      name      |      loss      |   acc_frames   |  acc_samples   
------------------------------------------------------------------------------------
       1        | trénovací sada |     0.726      |     0.660      |
       1        | validační sada |     0.652      |     0.690      |     0.785      
       1        | testovací sada |     0.640      |     0.699      |     0.798      
------------------------------------------------------------------------------------
       2        | trénovací sada |     0.630      |     0.705      |
       2        | validační sada |     0.626      |     0.700      |     0.789      
       2        | testovací sada |     0.614      |     0.708      |     0.800      
------------------------------------------------------------------------------------
       3        | trénovací sada |     0.599      |     0.720      |
       3        | validační sada |     0.605      |     0.713      |     0.804      
       3        | testovací sada |     0.591      |     0.723      |     0.817      
------------------------------------------------------------------------------------
       4        | trénovací sada |     0.578      |     0.730      |
       4        | validační sada |     0.604      |     0.719      |     0.800      
       4        | testovací sada |     0.593      |     0.727      |     0.812      
------------------------------------------------------------------------------------
       5        | trénovací sada |     0.564      |     0.738      |
       5        | validační sada |     0.590      |     0.724      |     0.808      
       5        | testovací sada |     0.576      |     0.733      |     0.836      
------------------------------------------------------------------------------------
       6        | trénovací sada |     0.553      |     0.743      |
       6        | validační sada |     0.589      |     0.726      |     0.810      
       6        | testovací sada |     0.573      |     0.738      |     0.834      
------------------------------------------------------------------------------------
       7        | trénovací sada |     0.545      |     0.747      |
       7        | validační sada |     0.579      |     0.729      |     0.815      
       7        | testovací sada |     0.562      |     0.743      |     0.840      
------------------------------------------------------------------------------------
       8        | trénovací sada |     0.538      |     0.751      |
       8        | validační sada |     0.592      |     0.726      |     0.808      
       8        | testovací sada |     0.575      |     0.738      |     0.827      
------------------------------------------------------------------------------------
       9        | trénovací sada |     0.536      |     0.752      |
       9        | validační sada |     0.575      |     0.732      |     0.819      
       9        | testovací sada |     0.557      |     0.743      |     0.834      
------------------------------------------------------------------------------------
       10       | trénovací sada |     0.528      |     0.756      |
       10       | validační sada |     0.583      |     0.729      |     0.836      
       10       | testovací sada |     0.562      |     0.744      |     0.849      
------------------------------------------------------------------------------------
       11       | trénovací sada |     0.524      |     0.758      |
       11       | validační sada |     0.581      |     0.729      |     0.819      
       11       | testovací sada |     0.558      |     0.746      |     0.838      
------------------------------------------------------------------------------------
       12       | trénovací sada |     0.520      |     0.760      |
       12       | validační sada |     0.574      |     0.731      |     0.823      
       12       | testovací sada |     0.553      |     0.748      |     0.836      
------------------------------------------------------------------------------------
       13       | trénovací sada |     0.517      |     0.762      |
       13       | validační sada |     0.576      |     0.733      |     0.827      
       13       | testovací sada |     0.559      |     0.747      |     0.840      
------------------------------------------------------------------------------------
       14       | trénovací sada |     0.514      |     0.763      |
       14       | validační sada |     0.585      |     0.730      |     0.821      
       14       | testovací sada |     0.553      |     0.750      |     0.838      
------------------------------------------------------------------------------------
       15       | trénovací sada |     0.512      |     0.765      |
       15       | validační sada |     0.581      |     0.732      |     0.844      
       15       | testovací sada |     0.551      |     0.751      |     0.851      
------------------------------------------------------------------------------------
       16       | trénovací sada |     0.510      |     0.765      |
       16       | validační sada |     0.584      |     0.728      |     0.842      
       16       | testovací sada |     0.552      |     0.752      |     0.859      
------------------------------------------------------------------------------------
       17       | trénovací sada |     0.507      |     0.767      |
       17       | validační sada |     0.576      |     0.735      |     0.821      
       17       | testovací sada |     0.551      |     0.751      |     0.838      
------------------------------------------------------------------------------------
       18       | trénovací sada |     0.506      |     0.768      |
       18       | validační sada |     0.579      |     0.734      |     0.825      
       18       | testovací sada |     0.550      |     0.752      |     0.851      
------------------------------------------------------------------------------------
       19       | trénovací sada |     0.504      |     0.769      |
       19       | validační sada |     0.577      |     0.734      |     0.832      
       19       | testovací sada |     0.555      |     0.753      |     0.847      
------------------------------------------------------------------------------------
       20       | trénovací sada |     0.502      |     0.769      |
       20       | validační sada |     0.580      |     0.731      |     0.829      
       20       | testovací sada |     0.556      |     0.749      |     0.851      
------------------------------------------------------------------------------------
       21       | trénovací sada |     0.501      |     0.770      |
       21       | validační sada |     0.587      |     0.729      |     0.847      
       21       | testovací sada |     0.559      |     0.748      |     0.864      
------------------------------------------------------------------------------------
       22       | trénovací sada |     0.499      |     0.771      |
       22       | validační sada |     0.585      |     0.732      |     0.842      
       22       | testovací sada |     0.559      |     0.746      |     0.847      
------------------------------------------------------------------------------------
       23       | trénovací sada |     0.498      |     0.771      |
       23       | validační sada |     0.579      |     0.731      |     0.825      
       23       | testovací sada |     0.555      |     0.749      |     0.836      
------------------------------------------------------------------------------------
       24       | trénovací sada |     0.496      |     0.773      |
       24       | validační sada |     0.577      |     0.735      |     0.849      
       24       | testovací sada |     0.552      |     0.753      |     0.855      
------------------------------------------------------------------------------------
       25       | trénovací sada |     0.495      |     0.773      |
       25       | validační sada |     0.577      |     0.735      |     0.836      
       25       | testovací sada |     0.555      |     0.754      |     0.847      
------------------------------------------------------------------------------------
       26       | trénovací sada |     0.494      |     0.774      |
       26       | validační sada |     0.577      |     0.734      |     0.832      
       26       | testovací sada |     0.549      |     0.754      |     0.847      
------------------------------------------------------------------------------------
       27       | trénovací sada |     0.493      |     0.774      |
       27       | validační sada |     0.581      |     0.732      |     0.853      
       27       | testovací sada |     0.550      |     0.751      |     0.861      
------------------------------------------------------------------------------------
       28       | trénovací sada |     0.491      |     0.775      |
       28       | validační sada |     0.578      |     0.736      |     0.842      
       28       | testovací sada |     0.551      |     0.751      |     0.859      
------------------------------------------------------------------------------------
       29       | trénovací sada |     0.490      |     0.775      |
       29       | validační sada |     0.586      |     0.734      |     0.842      
       29       | testovací sada |     0.556      |     0.751      |     0.859      
------------------------------------------------------------------------------------
       30       | trénovací sada |     0.489      |     0.776      |
       30       | validační sada |     0.582      |     0.735      |     0.834      
       30       | testovací sada |     0.554      |     0.751      |     0.849      
------------------------------------------------------------------------------------
