Optimizer:
Adam (
Parameter Group 0
    amsgrad: False
    betas: (0.9, 0.999)
    eps: 1e-08
    lr: 0.001
    weight_decay: 0
)
Criterion:
CrossEntropyLoss()
Model:
FeedForwardNet(
  (layers): ModuleList(
    (0): Linear(in_features=2379, out_features=128, bias=True)
    (1): ReLU()
    (2): Linear(in_features=128, out_features=128, bias=True)
    (3): ReLU()
    (4): BatchNorm1d(128, eps=1e-05, momentum=0.1, affine=True, track_running_stats=True)
    (5): Dropout(p=0.25, inplace=False)
    (6): Linear(in_features=128, out_features=128, bias=True)
    (7): ReLU()
    (8): BatchNorm1d(128, eps=1e-05, momentum=0.1, affine=True, track_running_stats=True)
    (9): Dropout(p=0.25, inplace=False)
    (10): Linear(in_features=128, out_features=128, bias=True)
    (11): ReLU()
    (12): BatchNorm1d(128, eps=1e-05, momentum=0.1, affine=True, track_running_stats=True)
    (13): Dropout(p=0.25, inplace=False)
    (14): Linear(in_features=128, out_features=7, bias=True)
  )
)
N epochs:  30
Batch size:  256
Left margin:  30
Right margin:  30
------------------------------------------------------------------------------------
     epoch      |      name      |      loss      |   acc_frames   |  acc_samples   
------------------------------------------------------------------------------------
       1        |train: anglický |     1.171      |     0.549      |
       1        | val: anglický  |     1.024      |     0.612      |     0.831      
       1        | test: italský  |     2.254      |     0.208      |     0.233      
------------------------------------------------------------------------------------
       2        |train: anglický |     0.991      |     0.620      |
       2        | val: anglický  |     0.971      |     0.633      |     0.835      
       2        | test: italský  |     2.427      |     0.213      |     0.277      
------------------------------------------------------------------------------------
       3        |train: anglický |     0.935      |     0.643      |
       3        | val: anglický  |     0.943      |     0.643      |     0.858      
       3        | test: italský  |     2.440      |     0.211      |     0.257      
------------------------------------------------------------------------------------
       4        |train: anglický |     0.899      |     0.656      |
       4        | val: anglický  |     0.929      |     0.645      |     0.873      
       4        | test: italský  |     2.477      |     0.208      |     0.247      
------------------------------------------------------------------------------------
       5        |train: anglický |     0.873      |     0.666      |
       5        | val: anglický  |     0.909      |     0.655      |     0.877      
       5        | test: italský  |     2.590      |     0.205      |     0.250      
------------------------------------------------------------------------------------
       6        |train: anglický |     0.853      |     0.674      |
       6        | val: anglický  |     0.901      |     0.657      |     0.871      
       6        | test: italský  |     2.632      |     0.211      |     0.262      
------------------------------------------------------------------------------------
       7        |train: anglický |     0.837      |     0.680      |
       7        | val: anglický  |     0.902      |     0.660      |     0.875      
       7        | test: italský  |     2.613      |     0.201      |     0.243      
------------------------------------------------------------------------------------
       8        |train: anglický |     0.824      |     0.685      |
       8        | val: anglický  |     0.894      |     0.664      |     0.877      
       8        | test: italský  |     2.652      |     0.204      |     0.243      
------------------------------------------------------------------------------------
       9        |train: anglický |     0.812      |     0.690      |
       9        | val: anglický  |     0.888      |     0.663      |     0.875      
       9        | test: italský  |     2.693      |     0.209      |     0.253      
------------------------------------------------------------------------------------
       10       |train: anglický |     0.802      |     0.694      |
       10       | val: anglický  |     0.895      |     0.663      |     0.869      
       10       | test: italský  |     2.648      |     0.208      |     0.252      
------------------------------------------------------------------------------------
       11       |train: anglický |     0.794      |     0.697      |
       11       | val: anglický  |     0.886      |     0.671      |     0.873      
       11       | test: italský  |     2.730      |     0.209      |     0.241      
------------------------------------------------------------------------------------
       12       |train: anglický |     0.787      |     0.700      |
       12       | val: anglický  |     0.888      |     0.668      |     0.890      
       12       | test: italský  |     2.799      |     0.210      |     0.270      
------------------------------------------------------------------------------------
       13       |train: anglický |     0.781      |     0.703      |
       13       | val: anglický  |     0.886      |     0.669      |     0.875      
       13       | test: italský  |     2.781      |     0.215      |     0.255      
------------------------------------------------------------------------------------
       14       |train: anglický |     0.775      |     0.704      |
       14       | val: anglický  |     0.885      |     0.674      |     0.890      
       14       | test: italský  |     2.795      |     0.209      |     0.240      
------------------------------------------------------------------------------------
       15       |train: anglický |     0.769      |     0.708      |
       15       | val: anglický  |     0.885      |     0.674      |     0.875      
       15       | test: italský  |     2.802      |     0.212      |     0.245      
------------------------------------------------------------------------------------
       16       |train: anglický |     0.764      |     0.709      |
       16       | val: anglický  |     0.874      |     0.675      |     0.883      
       16       | test: italský  |     2.796      |     0.210      |     0.260      
------------------------------------------------------------------------------------
       17       |train: anglický |     0.760      |     0.710      |
       17       | val: anglický  |     0.878      |     0.674      |     0.875      
       17       | test: italský  |     2.825      |     0.212      |     0.259      
------------------------------------------------------------------------------------
       18       |train: anglický |     0.756      |     0.712      |
       18       | val: anglický  |     0.881      |     0.675      |     0.890      
       18       | test: italský  |     2.794      |     0.214      |     0.265      
------------------------------------------------------------------------------------
       19       |train: anglický |     0.752      |     0.714      |
       19       | val: anglický  |     0.886      |     0.671      |     0.883      
       19       | test: italský  |     2.797      |     0.217      |     0.255      
------------------------------------------------------------------------------------
       20       |train: anglický |     0.749      |     0.715      |
       20       | val: anglický  |     0.880      |     0.675      |     0.888      
       20       | test: italský  |     2.858      |     0.206      |     0.252      
------------------------------------------------------------------------------------
       21       |train: anglický |     0.746      |     0.717      |
       21       | val: anglický  |     0.880      |     0.676      |     0.886      
       21       | test: italský  |     2.831      |     0.213      |     0.248      
------------------------------------------------------------------------------------
       22       |train: anglický |     0.742      |     0.718      |
       22       | val: anglický  |     0.884      |     0.675      |     0.896      
       22       | test: italský  |     2.949      |     0.209      |     0.253      
------------------------------------------------------------------------------------
       23       |train: anglický |     0.739      |     0.720      |
       23       | val: anglický  |     0.880      |     0.677      |     0.896      
       23       | test: italský  |     2.912      |     0.209      |     0.248      
------------------------------------------------------------------------------------
       24       |train: anglický |     0.736      |     0.720      |
       24       | val: anglický  |     0.880      |     0.676      |     0.896      
       24       | test: italský  |     2.864      |     0.212      |     0.248      
------------------------------------------------------------------------------------
       25       |train: anglický |     0.733      |     0.721      |
       25       | val: anglický  |     0.879      |     0.679      |     0.888      
       25       | test: italský  |     2.881      |     0.215      |     0.257      
------------------------------------------------------------------------------------
       26       |train: anglický |     0.732      |     0.722      |
       26       | val: anglický  |     0.879      |     0.674      |     0.892      
       26       | test: italský  |     2.934      |     0.209      |     0.255      
------------------------------------------------------------------------------------
       27       |train: anglický |     0.729      |     0.723      |
       27       | val: anglický  |     0.889      |     0.675      |     0.890      
       27       | test: italský  |     2.862      |     0.206      |     0.250      
------------------------------------------------------------------------------------
       28       |train: anglický |     0.727      |     0.724      |
       28       | val: anglický  |     0.888      |     0.671      |     0.886      
       28       | test: italský  |     2.883      |     0.216      |     0.259      
------------------------------------------------------------------------------------
       29       |train: anglický |     0.724      |     0.725      |
       29       | val: anglický  |     0.878      |     0.681      |     0.900      
       29       | test: italský  |     2.892      |     0.212      |     0.257      
------------------------------------------------------------------------------------
       30       |train: anglický |     0.722      |     0.726      |
       30       | val: anglický  |     0.881      |     0.678      |     0.894      
       30       | test: italský  |     2.952      |     0.215      |     0.260      
------------------------------------------------------------------------------------
