Optimizer:
Adam (
Parameter Group 0
    amsgrad: False
    betas: (0.9, 0.999)
    eps: 1e-08
    lr: 0.001
    weight_decay: 0
)
Criterion:
CrossEntropyLoss()
Model:
FeedForwardNet(
  (layers): ModuleList(
    (0): Linear(in_features=1989, out_features=128, bias=True)
    (1): ReLU()
    (2): Linear(in_features=128, out_features=128, bias=True)
    (3): ReLU()
    (4): BatchNorm1d(128, eps=1e-05, momentum=0.1, affine=True, track_running_stats=True)
    (5): Linear(in_features=128, out_features=128, bias=True)
    (6): ReLU()
    (7): BatchNorm1d(128, eps=1e-05, momentum=0.1, affine=True, track_running_stats=True)
    (8): Linear(in_features=128, out_features=128, bias=True)
    (9): ReLU()
    (10): BatchNorm1d(128, eps=1e-05, momentum=0.1, affine=True, track_running_stats=True)
    (11): Linear(in_features=128, out_features=7, bias=True)
  )
)
N epochs:  10
Batch size:  256
Left margin:  25
Right margin:  25
------------------------------------------------------------------------------------
     epoch      |      name      |      loss      |   acc_frames   |  acc_samples   
------------------------------------------------------------------------------------
       1        | trénovací sada |     1.012      |     0.615      |
       1        | validační sada |     1.027      |     0.608      |     0.859      
       1        | testovací sada |     1.053      |     0.605      |     0.853      
------------------------------------------------------------------------------------
       2        | trénovací sada |     0.751      |     0.717      |
       2        | validační sada |     1.084      |     0.628      |     0.885      
       2        | testovací sada |     1.095      |     0.617      |     0.883      
------------------------------------------------------------------------------------
       3        | trénovací sada |     0.649      |     0.757      |
       3        | validační sada |     1.073      |     0.632      |     0.879      
       3        | testovací sada |     1.143      |     0.617      |     0.887      
------------------------------------------------------------------------------------
       4        | trénovací sada |     0.587      |     0.780      |
       4        | validační sada |     1.097      |     0.639      |     0.900      
       4        | testovací sada |     1.165      |     0.626      |     0.895      
------------------------------------------------------------------------------------
       5        | trénovací sada |     0.543      |     0.797      |
       5        | validační sada |     1.147      |     0.633      |     0.889      
       5        | testovací sada |     1.216      |     0.625      |     0.878      
------------------------------------------------------------------------------------
       6        | trénovací sada |     0.509      |     0.810      |
       6        | validační sada |     1.201      |     0.636      |     0.898      
       6        | testovací sada |     1.266      |     0.625      |     0.900      
------------------------------------------------------------------------------------
       7        | trénovací sada |     0.483      |     0.819      |
       7        | validační sada |     1.220      |     0.638      |     0.917      
       7        | testovací sada |     1.311      |     0.627      |     0.902      
------------------------------------------------------------------------------------
       8        | trénovací sada |     0.462      |     0.827      |
       8        | validační sada |     1.215      |     0.636      |     0.904      
       8        | testovací sada |     1.329      |     0.625      |     0.896      
------------------------------------------------------------------------------------
       9        | trénovací sada |     0.444      |     0.834      |
       9        | validační sada |     1.269      |     0.639      |     0.913      
       9        | testovací sada |     1.373      |     0.626      |     0.895      
------------------------------------------------------------------------------------
       10       | trénovací sada |     0.429      |     0.840      |
       10       | validační sada |     1.288      |     0.638      |     0.908      
       10       | testovací sada |     1.387      |     0.627      |     0.906      
------------------------------------------------------------------------------------
