Optimizer:
Adam (
Parameter Group 0
    amsgrad: False
    betas: (0.9, 0.999)
    eps: 1e-08
    lr: 0.001
    weight_decay: 0
)
Criterion:
CrossEntropyLoss()
Model:
FeedForwardNet(
  (layers): ModuleList(
    (0): Linear(in_features=3939, out_features=256, bias=True)
    (1): ReLU()
    (2): Linear(in_features=256, out_features=256, bias=True)
    (3): ReLU()
    (4): BatchNorm1d(256, eps=1e-05, momentum=0.1, affine=True, track_running_stats=True)
    (5): Dropout(p=0.25, inplace=False)
    (6): Linear(in_features=256, out_features=256, bias=True)
    (7): ReLU()
    (8): BatchNorm1d(256, eps=1e-05, momentum=0.1, affine=True, track_running_stats=True)
    (9): Dropout(p=0.25, inplace=False)
    (10): Linear(in_features=256, out_features=256, bias=True)
    (11): ReLU()
    (12): BatchNorm1d(256, eps=1e-05, momentum=0.1, affine=True, track_running_stats=True)
    (13): Dropout(p=0.25, inplace=False)
    (14): Linear(in_features=256, out_features=256, bias=True)
    (15): ReLU()
    (16): BatchNorm1d(256, eps=1e-05, momentum=0.1, affine=True, track_running_stats=True)
    (17): Dropout(p=0.25, inplace=False)
    (18): Linear(in_features=256, out_features=4, bias=True)
  )
)
N epochs:  10
Batch size:  256
Left margin:  50
Right margin:  50
------------------------------------------------------------------------------------
     epoch      |      name      |      loss      |   acc_frames   |  acc_samples   
------------------------------------------------------------------------------------
       1        | trénovací sada |     0.770      |     0.655      |
       1        | validační sada |     0.692      |     0.693      |     0.864      
       1        | testovací sada |     0.690      |     0.708      |     0.872      
------------------------------------------------------------------------------------
       2        | trénovací sada |     0.574      |     0.752      |
       2        | validační sada |     0.655      |     0.719      |     0.893      
       2        | testovací sada |     0.649      |     0.727      |     0.908      
------------------------------------------------------------------------------------
       3        | trénovací sada |     0.498      |     0.787      |
       3        | validační sada |     0.603      |     0.744      |     0.910      
       3        | testovací sada |     0.619      |     0.744      |     0.928      
------------------------------------------------------------------------------------
       4        | trénovací sada |     0.450      |     0.810      |
       4        | validační sada |     0.606      |     0.751      |     0.917      
       4        | testovací sada |     0.614      |     0.751      |     0.930      
------------------------------------------------------------------------------------
       5        | trénovací sada |     0.414      |     0.827      |
       5        | validační sada |     0.621      |     0.755      |     0.915      
       5        | testovací sada |     0.659      |     0.748      |     0.925      
------------------------------------------------------------------------------------
       6        | trénovací sada |     0.387      |     0.839      |
       6        | validační sada |     0.631      |     0.758      |     0.923      
       6        | testovací sada |     0.654      |     0.755      |     0.927      
------------------------------------------------------------------------------------
       7        | trénovací sada |     0.366      |     0.849      |
       7        | validační sada |     0.633      |     0.760      |     0.921      
       7        | testovací sada |     0.649      |     0.757      |     0.932      
------------------------------------------------------------------------------------
       8        | trénovací sada |     0.346      |     0.858      |
       8        | validační sada |     0.650      |     0.761      |     0.917      
       8        | testovací sada |     0.663      |     0.758      |     0.930      
------------------------------------------------------------------------------------
       9        | trénovací sada |     0.331      |     0.865      |
       9        | validační sada |     0.651      |     0.762      |     0.923      
       9        | testovací sada |     0.670      |     0.757      |     0.930      
------------------------------------------------------------------------------------
       10       | trénovací sada |     0.316      |     0.871      |
       10       | validační sada |     0.661      |     0.763      |     0.928      
       10       | testovací sada |     0.696      |     0.757      |     0.936      
------------------------------------------------------------------------------------
Train time: 38.33 min