Optimizer:
Adam (
Parameter Group 0
    amsgrad: False
    betas: (0.9, 0.999)
    eps: 1e-08
    lr: 0.001
    weight_decay: 0
)
Criterion:
CrossEntropyLoss()
Model:
FeedForwardNet(
  (layers): ModuleList(
    (0): Linear(in_features=1209, out_features=128, bias=True)
    (1): ReLU()
    (2): Linear(in_features=128, out_features=128, bias=True)
    (3): ReLU()
    (4): Linear(in_features=128, out_features=128, bias=True)
    (5): ReLU()
    (6): Linear(in_features=128, out_features=128, bias=True)
    (7): ReLU()
    (8): Linear(in_features=128, out_features=7, bias=True)
  )
)
N epochs:  10
Batch size:  256
Left margin:  15
Right margin:  15
------------------------------------------------------------------------------------
     epoch      |      name      |      loss      |   acc_frames   |  acc_samples   
------------------------------------------------------------------------------------
       1        | trénovací sada |     1.154      |     0.559      |
       1        | validační sada |     1.206      |     0.554      |     0.851      
       1        | testovací sada |     1.223      |     0.552      |     0.846      
------------------------------------------------------------------------------------
       2        | trénovací sada |     0.909      |     0.656      |
       2        | validační sada |     1.208      |     0.565      |     0.874      
       2        | testovací sada |     1.243      |     0.560      |     0.859      
------------------------------------------------------------------------------------
       3        | trénovací sada |     0.814      |     0.693      |
       3        | validační sada |     1.258      |     0.573      |     0.885      
       3        | testovací sada |     1.291      |     0.565      |     0.857      
------------------------------------------------------------------------------------
       4        | trénovací sada |     0.758      |     0.715      |
       4        | validační sada |     1.306      |     0.572      |     0.878      
       4        | testovací sada |     1.354      |     0.563      |     0.851      
------------------------------------------------------------------------------------
       5        | trénovací sada |     0.720      |     0.730      |
       5        | validační sada |     1.329      |     0.575      |     0.881      
       5        | testovací sada |     1.405      |     0.562      |     0.872      
------------------------------------------------------------------------------------
       6        | trénovací sada |     0.692      |     0.740      |
       6        | validační sada |     1.385      |     0.572      |     0.891      
       6        | testovací sada |     1.441      |     0.563      |     0.868      
------------------------------------------------------------------------------------
       7        | trénovací sada |     0.669      |     0.749      |
       7        | validační sada |     1.417      |     0.572      |     0.889      
       7        | testovací sada |     1.487      |     0.561      |     0.861      
------------------------------------------------------------------------------------
       8        | trénovací sada |     0.652      |     0.756      |
       8        | validační sada |     1.475      |     0.570      |     0.900      
       8        | testovací sada |     1.519      |     0.565      |     0.891      
------------------------------------------------------------------------------------
       9        | trénovací sada |     0.637      |     0.761      |
       9        | validační sada |     1.498      |     0.569      |     0.881      
       9        | testovací sada |     1.572      |     0.561      |     0.866      
------------------------------------------------------------------------------------
       10       | trénovací sada |     0.626      |     0.766      |
       10       | validační sada |     1.507      |     0.573      |     0.887      
       10       | testovací sada |     1.591      |     0.560      |     0.870      
------------------------------------------------------------------------------------
