Optimizer:
Adam (
Parameter Group 0
    amsgrad: False
    betas: (0.9, 0.999)
    eps: 1e-08
    lr: 0.001
    weight_decay: 0
)
Criterion:
CrossEntropyLoss()
Model:
FeedForwardNet(
  (layers): ModuleList(
    (0): Linear(in_features=1989, out_features=16, bias=True)
    (1): ReLU()
    (2): Linear(in_features=16, out_features=16, bias=True)
    (3): ReLU()
    (4): Linear(in_features=16, out_features=16, bias=True)
    (5): ReLU()
    (6): Linear(in_features=16, out_features=16, bias=True)
    (7): ReLU()
    (8): Linear(in_features=16, out_features=7, bias=True)
  )
)
N epochs:  10
Batch size:  256
Left margin:  25
Right margin:  25
------------------------------------------------------------------------------------
     epoch      |      name      |      loss      |   acc_frames   |  acc_samples   
------------------------------------------------------------------------------------
       1        | trénovací sada |     1.508      |     0.410      |
       1        | validační sada |     1.423      |     0.442      |     0.697      
       1        | testovací sada |     1.453      |     0.434      |     0.702      
------------------------------------------------------------------------------------
       2        | trénovací sada |     1.411      |     0.453      |
       2        | validační sada |     1.387      |     0.456      |     0.714      
       2        | testovací sada |     1.420      |     0.452      |     0.701      
------------------------------------------------------------------------------------
       3        | trénovací sada |     1.379      |     0.468      |
       3        | validační sada |     1.375      |     0.464      |     0.733      
       3        | testovací sada |     1.396      |     0.460      |     0.710      
------------------------------------------------------------------------------------
       4        | trénovací sada |     1.358      |     0.476      |
       4        | validační sada |     1.350      |     0.472      |     0.702      
       4        | testovací sada |     1.366      |     0.472      |     0.712      
------------------------------------------------------------------------------------
       5        | trénovací sada |     1.342      |     0.482      |
       5        | validační sada |     1.339      |     0.476      |     0.746      
       5        | testovací sada |     1.361      |     0.476      |     0.731      
------------------------------------------------------------------------------------
       6        | trénovací sada |     1.326      |     0.489      |
       6        | validační sada |     1.341      |     0.475      |     0.731      
       6        | testovací sada |     1.343      |     0.478      |     0.731      
------------------------------------------------------------------------------------
       7        | trénovací sada |     1.314      |     0.493      |
       7        | validační sada |     1.333      |     0.480      |     0.727      
       7        | testovací sada |     1.345      |     0.478      |     0.731      
------------------------------------------------------------------------------------
       8        | trénovací sada |     1.306      |     0.495      |
       8        | validační sada |     1.335      |     0.477      |     0.716      
       8        | testovací sada |     1.352      |     0.472      |     0.716      
------------------------------------------------------------------------------------
       9        | trénovací sada |     1.299      |     0.498      |
       9        | validační sada |     1.314      |     0.485      |     0.729      
       9        | testovací sada |     1.327      |     0.484      |     0.725      
------------------------------------------------------------------------------------
       10       | trénovací sada |     1.293      |     0.500      |
       10       | validační sada |     1.309      |     0.486      |     0.738      
       10       | testovací sada |     1.321      |     0.488      |     0.731      
------------------------------------------------------------------------------------
