Optimizer:
Adam (
Parameter Group 0
    amsgrad: False
    betas: (0.9, 0.999)
    eps: 1e-08
    lr: 0.001
    weight_decay: 0
)
Criterion:
CrossEntropyLoss()
Model:
FeedForwardNet(
  (layers): ModuleList(
    (0): Linear(in_features=3939, out_features=128, bias=True)
    (1): ReLU()
    (2): Linear(in_features=128, out_features=128, bias=True)
    (3): ReLU()
    (4): BatchNorm1d(128, eps=1e-05, momentum=0.1, affine=True, track_running_stats=True)
    (5): Dropout(p=0.25, inplace=False)
    (6): Linear(in_features=128, out_features=128, bias=True)
    (7): ReLU()
    (8): BatchNorm1d(128, eps=1e-05, momentum=0.1, affine=True, track_running_stats=True)
    (9): Dropout(p=0.25, inplace=False)
    (10): Linear(in_features=128, out_features=3, bias=True)
  )
)
N epochs:  10
Batch size:  256
Left margin:  50
Right margin:  50
------------------------------------------------------------------------------------
     epoch      |      name      |      loss      |   acc_frames   |  acc_samples   
------------------------------------------------------------------------------------
       1        | trénovací sada |     0.608      |     0.715      |
       1        | validační sada |     0.569      |     0.735      |     0.819      
       1        | testovací sada |     0.558      |     0.744      |     0.831      
------------------------------------------------------------------------------------
       2        | trénovací sada |     0.478      |     0.780      |
       2        | validační sada |     0.524      |     0.759      |     0.876      
       2        | testovací sada |     0.514      |     0.762      |     0.881      
------------------------------------------------------------------------------------
       3        | trénovací sada |     0.433      |     0.803      |
       3        | validační sada |     0.531      |     0.765      |     0.868      
       3        | testovací sada |     0.514      |     0.764      |     0.868      
------------------------------------------------------------------------------------
       4        | trénovací sada |     0.404      |     0.817      |
       4        | validační sada |     0.530      |     0.766      |     0.881      
       4        | testovací sada |     0.524      |     0.764      |     0.881      
------------------------------------------------------------------------------------
       5        | trénovací sada |     0.383      |     0.828      |
       5        | validační sada |     0.529      |     0.769      |     0.887      
       5        | testovací sada |     0.506      |     0.774      |     0.891      
------------------------------------------------------------------------------------
       6        | trénovací sada |     0.366      |     0.837      |
       6        | validační sada |     0.532      |     0.775      |     0.896      
       6        | testovací sada |     0.511      |     0.774      |     0.900      
------------------------------------------------------------------------------------
       7        | trénovací sada |     0.352      |     0.844      |
       7        | validační sada |     0.545      |     0.771      |     0.885      
       7        | testovací sada |     0.524      |     0.775      |     0.879      
------------------------------------------------------------------------------------
       8        | trénovací sada |     0.341      |     0.849      |
       8        | validační sada |     0.618      |     0.774      |     0.878      
       8        | testovací sada |     0.558      |     0.771      |     0.876      
------------------------------------------------------------------------------------
       9        | trénovací sada |     0.331      |     0.854      |
       9        | validační sada |     0.564      |     0.774      |     0.887      
       9        | testovací sada |     0.557      |     0.775      |     0.896      
------------------------------------------------------------------------------------
       10       | trénovací sada |     0.322      |     0.858      |
       10       | validační sada |     0.571      |     0.776      |     0.895      
       10       | testovací sada |     0.564      |     0.775      |     0.889      
------------------------------------------------------------------------------------
