Optimizer:
Adam (
Parameter Group 0
    amsgrad: False
    betas: (0.9, 0.999)
    eps: 1e-08
    lr: 0.001
    weight_decay: 0
)
Criterion:
CrossEntropyLoss()
Model:
FeedForwardNet(
  (layers): ModuleList(
    (0): Linear(in_features=1989, out_features=128, bias=True)
    (1): ReLU()
    (2): Linear(in_features=128, out_features=128, bias=True)
    (3): ReLU()
    (4): Linear(in_features=128, out_features=128, bias=True)
    (5): ReLU()
    (6): Linear(in_features=128, out_features=128, bias=True)
    (7): ReLU()
    (8): Linear(in_features=128, out_features=4, bias=True)
  )
)
N epochs:  10
Batch size:  256
Left margin:  25
Right margin:  25
------------------------------------------------------------------------------------
     epoch      |      name      |      loss      |   acc_frames   |  acc_samples   
------------------------------------------------------------------------------------
       1        | trénovací sada |     0.761      |     0.662      |
       1        | validační sada |     0.876      |     0.637      |     0.872      
       1        | testovací sada |     0.879      |     0.640      |     0.872      
------------------------------------------------------------------------------------
       2        | trénovací sada |     0.553      |     0.763      |
       2        | validační sada |     0.958      |     0.651      |     0.900      
       2        | testovací sada |     0.959      |     0.654      |     0.896      
------------------------------------------------------------------------------------
       3        | trénovací sada |     0.467      |     0.804      |
       3        | validační sada |     1.035      |     0.650      |     0.896      
       3        | testovací sada |     1.007      |     0.656      |     0.904      
------------------------------------------------------------------------------------
       4        | trénovací sada |     0.415      |     0.828      |
       4        | validační sada |     1.141      |     0.654      |     0.895      
       4        | testovací sada |     1.068      |     0.660      |     0.902      
------------------------------------------------------------------------------------
       5        | trénovací sada |     0.379      |     0.844      |
       5        | validační sada |     1.208      |     0.651      |     0.900      
       5        | testovací sada |     1.201      |     0.653      |     0.896      
------------------------------------------------------------------------------------
       6        | trénovací sada |     0.355      |     0.855      |
       6        | validační sada |     1.253      |     0.653      |     0.895      
       6        | testovací sada |     1.215      |     0.656      |     0.900      
------------------------------------------------------------------------------------
       7        | trénovací sada |     0.336      |     0.864      |
       7        | validační sada |     1.376      |     0.652      |     0.887      
       7        | testovací sada |     1.327      |     0.658      |     0.898      
------------------------------------------------------------------------------------
       8        | trénovací sada |     0.322      |     0.870      |
       8        | validační sada |     1.441      |     0.651      |     0.911      
       8        | testovací sada |     1.405      |     0.654      |     0.915      
------------------------------------------------------------------------------------
       9        | trénovací sada |     0.309      |     0.876      |
       9        | validační sada |     1.526      |     0.654      |     0.902      
       9        | testovací sada |     1.484      |     0.656      |     0.925      
------------------------------------------------------------------------------------
       10       | trénovací sada |     0.299      |     0.880      |
       10       | validační sada |     1.582      |     0.653      |     0.904      
       10       | testovací sada |     1.543      |     0.654      |     0.898      
------------------------------------------------------------------------------------
