Optimizer:
Adam (
Parameter Group 0
    amsgrad: False
    betas: (0.9, 0.999)
    eps: 1e-08
    lr: 0.001
    weight_decay: 0
)
Criterion:
CrossEntropyLoss()
Model:
FeedForwardNet(
  (layers): ModuleList(
    (0): Linear(in_features=1989, out_features=128, bias=True)
    (1): ReLU()
    (2): Linear(in_features=128, out_features=128, bias=True)
    (3): ReLU()
    (4): Dropout(p=0.25, inplace=False)
    (5): Linear(in_features=128, out_features=128, bias=True)
    (6): ReLU()
    (7): Dropout(p=0.25, inplace=False)
    (8): Linear(in_features=128, out_features=128, bias=True)
    (9): ReLU()
    (10): Dropout(p=0.25, inplace=False)
    (11): Linear(in_features=128, out_features=7, bias=True)
  )
)
N epochs:  10
Batch size:  256
Left margin:  25
Right margin:  25
------------------------------------------------------------------------------------
     epoch      |      name      |      loss      |   acc_frames   |  acc_samples   
------------------------------------------------------------------------------------
       1        | trénovací sada |     1.287      |     0.502      |
       1        | validační sada |     1.153      |     0.550      |     0.778      
       1        | testovací sada |     1.164      |     0.552      |     0.797      
------------------------------------------------------------------------------------
       2        | trénovací sada |     1.129      |     0.568      |
       2        | validační sada |     1.111      |     0.570      |     0.823      
       2        | testovací sada |     1.129      |     0.569      |     0.825      
------------------------------------------------------------------------------------
       3        | trénovací sada |     1.083      |     0.587      |
       3        | validační sada |     1.087      |     0.581      |     0.825      
       3        | testovací sada |     1.112      |     0.573      |     0.819      
------------------------------------------------------------------------------------
       4        | trénovací sada |     1.055      |     0.598      |
       4        | validační sada |     1.077      |     0.582      |     0.829      
       4        | testovací sada |     1.089      |     0.582      |     0.812      
------------------------------------------------------------------------------------
       5        | trénovací sada |     1.035      |     0.605      |
       5        | validační sada |     1.066      |     0.589      |     0.832      
       5        | testovací sada |     1.089      |     0.585      |     0.827      
------------------------------------------------------------------------------------
       6        | trénovací sada |     1.018      |     0.613      |
       6        | validační sada |     1.072      |     0.590      |     0.836      
       6        | testovací sada |     1.089      |     0.586      |     0.834      
------------------------------------------------------------------------------------
       7        | trénovací sada |     1.006      |     0.618      |
       7        | validační sada |     1.063      |     0.592      |     0.838      
       7        | testovací sada |     1.079      |     0.589      |     0.838      
------------------------------------------------------------------------------------
       8        | trénovací sada |     0.996      |     0.622      |
       8        | validační sada |     1.061      |     0.595      |     0.832      
       8        | testovací sada |     1.086      |     0.588      |     0.838      
------------------------------------------------------------------------------------
       9        | trénovací sada |     0.988      |     0.626      |
       9        | validační sada |     1.061      |     0.595      |     0.846      
       9        | testovací sada |     1.080      |     0.589      |     0.838      
------------------------------------------------------------------------------------
       10       | trénovací sada |     0.980      |     0.629      |
       10       | validační sada |     1.071      |     0.590      |     0.836      
       10       | testovací sada |     1.089      |     0.588      |     0.819      
------------------------------------------------------------------------------------
