Optimizer:  Adam (
Parameter Group 0
    amsgrad: False
    betas: (0.9, 0.999)
    eps: 1e-08
    lr: 0.001
    weight_decay: 0
)
Criterion:  CrossEntropyLoss()
Model:  FeedForwardNet(
  (layers): ModuleList(
    (0): Linear(in_features=1989, out_features=64, bias=True)
    (1): ReLU()
    (2): Linear(in_features=64, out_features=64, bias=True)
    (3): ReLU()
    (4): Linear(in_features=64, out_features=64, bias=True)
    (5): ReLU()
    (6): Linear(in_features=64, out_features=64, bias=True)
    (7): ReLU()
    (8): Linear(in_features=64, out_features=7, bias=True)
  )
)
N epochs: 10
Batch size:  32
Left margin:  25
Right margin:  25
------------------------------------------------------------------------------------
     epoch      |      name      |      loss      |   acc_frames   |  acc_samples   
------------------------------------------------------------------------------------
       1        |train: anglický |     1.185      |     0.543      |
       1        | val: anglický  |     1.193      |     0.552      |     0.841      
       1        | test: italský  |     2.440      |     0.211      |     0.231      
------------------------------------------------------------------------------------
       2        |train: anglický |     1.042      |     0.603      |
       2        | val: anglický  |     1.178      |     0.567      |     0.837      
       2        | test: italský  |     2.575      |     0.197      |     0.228      
------------------------------------------------------------------------------------
       3        |train: anglický |     1.001      |     0.620      |
       3        | val: anglický  |     1.175      |     0.565      |     0.820      
       3        | test: italský  |     2.668      |     0.199      |     0.247      
------------------------------------------------------------------------------------
       4        |train: anglický |     0.977      |     0.630      |
       4        | val: anglický  |     1.199      |     0.566      |     0.828      
       4        | test: italský  |     2.649      |     0.192      |     0.196      
------------------------------------------------------------------------------------
       5        |train: anglický |     0.962      |     0.637      |
       5        | val: anglický  |     1.175      |     0.574      |     0.826      
       5        | test: italský  |     2.599      |     0.198      |     0.216      
------------------------------------------------------------------------------------
       6        |train: anglický |     0.952      |     0.640      |
       6        | val: anglický  |     1.166      |     0.574      |     0.854      
       6        | test: italský  |     2.591      |     0.198      |     0.223      
------------------------------------------------------------------------------------
       7        |train: anglický |     0.944      |     0.643      |
       7        | val: anglický  |     1.214      |     0.571      |     0.831      
       7        | test: italský  |     2.820      |     0.200      |     0.247      
------------------------------------------------------------------------------------
       8        |train: anglický |     0.938      |     0.646      |
       8        | val: anglický  |     1.181      |     0.580      |     0.860      
       8        | test: italský  |     2.758      |     0.196      |     0.236      
------------------------------------------------------------------------------------
       9        |train: anglický |     0.933      |     0.648      |
       9        | val: anglický  |     1.167      |     0.580      |     0.847      
       9        | test: italský  |     2.663      |     0.191      |     0.201      
------------------------------------------------------------------------------------
       10       |train: anglický |     0.931      |     0.650      |
       10       | val: anglický  |     1.212      |     0.576      |     0.833      
       10       | test: italský  |     2.777      |     0.193      |     0.233      
------------------------------------------------------------------------------------
