Runs on device: cpu
Neural Network Architecture:
Sequential(
  (0): Linear(in_features=3939, out_features=16, bias=True)
  (1): ReLU()
  (2): Linear(in_features=16, out_features=16, bias=True)
  (3): ReLU()
  (4): Linear(in_features=16, out_features=16, bias=True)
  (5): ReLU()
  (6): Linear(in_features=16, out_features=7, bias=True)
)
Epoch 1/30
train_loss: 1.543 - train_accuracy: 0.404  - val_loss: 1.350 - val_accuracy: 0.644  - test_loss: 2.840 - test_accuracy: 0.286
Epoch 2/30
train_loss: 1.394 - train_accuracy: 0.470  - val_loss: 1.285 - val_accuracy: 0.660  - test_loss: 3.023 - test_accuracy: 0.286
Epoch 3/30
train_loss: 1.354 - train_accuracy: 0.485  - val_loss: 1.257 - val_accuracy: 0.640  - test_loss: 3.036 - test_accuracy: 0.317
Epoch 4/30
train_loss: 1.333 - train_accuracy: 0.493  - val_loss: 1.240 - val_accuracy: 0.664  - test_loss: 3.049 - test_accuracy: 0.302
Epoch 5/30
train_loss: 1.319 - train_accuracy: 0.498  - val_loss: 1.226 - val_accuracy: 0.656  - test_loss: 3.133 - test_accuracy: 0.317
Epoch 6/30
train_loss: 1.307 - train_accuracy: 0.502  - val_loss: 1.223 - val_accuracy: 0.652  - test_loss: 3.168 - test_accuracy: 0.254
Epoch 7/30
train_loss: 1.297 - train_accuracy: 0.505  - val_loss: 1.202 - val_accuracy: 0.660  - test_loss: 3.150 - test_accuracy: 0.333
Epoch 8/30
train_loss: 1.289 - train_accuracy: 0.507  - val_loss: 1.197 - val_accuracy: 0.644  - test_loss: 3.233 - test_accuracy: 0.270
Epoch 9/30
train_loss: 1.282 - train_accuracy: 0.510  - val_loss: 1.197 - val_accuracy: 0.652  - test_loss: 3.266 - test_accuracy: 0.254
Epoch 10/30
train_loss: 1.275 - train_accuracy: 0.512  - val_loss: 1.188 - val_accuracy: 0.652  - test_loss: 3.300 - test_accuracy: 0.222
Epoch 11/30
train_loss: 1.268 - train_accuracy: 0.515  - val_loss: 1.185 - val_accuracy: 0.660  - test_loss: 3.371 - test_accuracy: 0.238
Epoch 12/30
train_loss: 1.263 - train_accuracy: 0.517  - val_loss: 1.171 - val_accuracy: 0.668  - test_loss: 3.483 - test_accuracy: 0.238
Epoch 13/30
train_loss: 1.257 - train_accuracy: 0.519  - val_loss: 1.164 - val_accuracy: 0.660  - test_loss: 3.514 - test_accuracy: 0.222
Epoch 14/30
train_loss: 1.253 - train_accuracy: 0.520  - val_loss: 1.159 - val_accuracy: 0.668  - test_loss: 3.471 - test_accuracy: 0.238
Epoch 15/30
train_loss: 1.248 - train_accuracy: 0.521  - val_loss: 1.151 - val_accuracy: 0.680  - test_loss: 3.506 - test_accuracy: 0.238
Epoch 16/30
train_loss: 1.244 - train_accuracy: 0.522  - val_loss: 1.148 - val_accuracy: 0.676  - test_loss: 3.522 - test_accuracy: 0.254
Epoch 17/30
train_loss: 1.241 - train_accuracy: 0.524  - val_loss: 1.146 - val_accuracy: 0.668  - test_loss: 3.569 - test_accuracy: 0.254
Epoch 18/30
train_loss: 1.237 - train_accuracy: 0.525  - val_loss: 1.147 - val_accuracy: 0.684  - test_loss: 3.518 - test_accuracy: 0.238
Epoch 19/30
train_loss: 1.234 - train_accuracy: 0.526  - val_loss: 1.142 - val_accuracy: 0.680  - test_loss: 3.558 - test_accuracy: 0.238
Epoch 20/30
train_loss: 1.231 - train_accuracy: 0.528  - val_loss: 1.134 - val_accuracy: 0.680  - test_loss: 3.570 - test_accuracy: 0.254
Epoch 21/30
train_loss: 1.228 - train_accuracy: 0.529  - val_loss: 1.127 - val_accuracy: 0.676  - test_loss: 3.535 - test_accuracy: 0.238
Epoch 22/30
train_loss: 1.226 - train_accuracy: 0.529  - val_loss: 1.128 - val_accuracy: 0.684  - test_loss: 3.475 - test_accuracy: 0.222
Epoch 23/30
train_loss: 1.223 - train_accuracy: 0.531  - val_loss: 1.125 - val_accuracy: 0.680  - test_loss: 3.587 - test_accuracy: 0.238
Epoch 24/30
train_loss: 1.221 - train_accuracy: 0.531  - val_loss: 1.121 - val_accuracy: 0.688  - test_loss: 3.579 - test_accuracy: 0.238
Epoch 25/30
train_loss: 1.219 - train_accuracy: 0.532  - val_loss: 1.120 - val_accuracy: 0.688  - test_loss: 3.541 - test_accuracy: 0.238
Epoch 26/30
train_loss: 1.217 - train_accuracy: 0.533  - val_loss: 1.125 - val_accuracy: 0.688  - test_loss: 3.575 - test_accuracy: 0.238
Epoch 27/30
train_loss: 1.215 - train_accuracy: 0.534  - val_loss: 1.120 - val_accuracy: 0.700  - test_loss: 3.503 - test_accuracy: 0.254
Epoch 28/30
train_loss: 1.214 - train_accuracy: 0.534  - val_loss: 1.115 - val_accuracy: 0.704  - test_loss: 3.544 - test_accuracy: 0.254
Epoch 29/30
train_loss: 1.212 - train_accuracy: 0.535  - val_loss: 1.110 - val_accuracy: 0.688  - test_loss: 3.581 - test_accuracy: 0.222
Epoch 30/30
train_loss: 1.211 - train_accuracy: 0.535  - val_loss: 1.112 - val_accuracy: 0.696  - test_loss: 3.513 - test_accuracy: 0.238
Finished Training
