Runs on device: cpu
Neural Network Architecture:
Sequential(
  (0): Linear(in_features=3939, out_features=128, bias=True)
  (1): ReLU()
  (2): Linear(in_features=128, out_features=128, bias=True)
  (3): ReLU()
  (4): Linear(in_features=128, out_features=128, bias=True)
  (5): ReLU()
  (6): Linear(in_features=128, out_features=7, bias=True)
)
Epoch 1/30
train_loss: 1.146 - train_accuracy: 0.569  - val_loss: 0.919 - val_accuracy: 0.791  - test_loss: 4.330 - test_accuracy: 0.159
Epoch 2/30
train_loss: 0.878 - train_accuracy: 0.673  - val_loss: 0.877 - val_accuracy: 0.826  - test_loss: 5.712 - test_accuracy: 0.079
Epoch 3/30
train_loss: 0.780 - train_accuracy: 0.711  - val_loss: 0.869 - val_accuracy: 0.822  - test_loss: 6.156 - test_accuracy: 0.127
Epoch 4/30
train_loss: 0.714 - train_accuracy: 0.737  - val_loss: 0.877 - val_accuracy: 0.834  - test_loss: 7.492 - test_accuracy: 0.048
Epoch 5/30
train_loss: 0.663 - train_accuracy: 0.757  - val_loss: 0.911 - val_accuracy: 0.818  - test_loss: 7.408 - test_accuracy: 0.175
Epoch 6/30
train_loss: 0.621 - train_accuracy: 0.773  - val_loss: 0.924 - val_accuracy: 0.838  - test_loss: 8.109 - test_accuracy: 0.159
Epoch 7/30
train_loss: 0.586 - train_accuracy: 0.786  - val_loss: 0.931 - val_accuracy: 0.866  - test_loss: 8.934 - test_accuracy: 0.159
Epoch 8/30
train_loss: 0.555 - train_accuracy: 0.798  - val_loss: 0.961 - val_accuracy: 0.866  - test_loss: 8.901 - test_accuracy: 0.159
Epoch 9/30
train_loss: 0.529 - train_accuracy: 0.808  - val_loss: 0.973 - val_accuracy: 0.874  - test_loss: 9.539 - test_accuracy: 0.175
Epoch 10/30
train_loss: 0.505 - train_accuracy: 0.816  - val_loss: 1.016 - val_accuracy: 0.854  - test_loss: 9.897 - test_accuracy: 0.175
Epoch 11/30
train_loss: 0.483 - train_accuracy: 0.825  - val_loss: 1.031 - val_accuracy: 0.877  - test_loss: 10.474 - test_accuracy: 0.159
Epoch 12/30
train_loss: 0.464 - train_accuracy: 0.832  - val_loss: 1.072 - val_accuracy: 0.874  - test_loss: 10.199 - test_accuracy: 0.175
Epoch 13/30
train_loss: 0.447 - train_accuracy: 0.838  - val_loss: 1.083 - val_accuracy: 0.866  - test_loss: 11.252 - test_accuracy: 0.190
Epoch 14/30
train_loss: 0.430 - train_accuracy: 0.845  - val_loss: 1.123 - val_accuracy: 0.870  - test_loss: 11.637 - test_accuracy: 0.175
Epoch 15/30
train_loss: 0.416 - train_accuracy: 0.850  - val_loss: 1.163 - val_accuracy: 0.854  - test_loss: 11.879 - test_accuracy: 0.159
Epoch 16/30
train_loss: 0.402 - train_accuracy: 0.855  - val_loss: 1.185 - val_accuracy: 0.862  - test_loss: 12.901 - test_accuracy: 0.159
Epoch 17/30
train_loss: 0.389 - train_accuracy: 0.860  - val_loss: 1.197 - val_accuracy: 0.874  - test_loss: 12.849 - test_accuracy: 0.175
Epoch 18/30
train_loss: 0.377 - train_accuracy: 0.864  - val_loss: 1.231 - val_accuracy: 0.870  - test_loss: 14.057 - test_accuracy: 0.175
Epoch 19/30
train_loss: 0.366 - train_accuracy: 0.869  - val_loss: 1.271 - val_accuracy: 0.874  - test_loss: 13.338 - test_accuracy: 0.175
Epoch 20/30
train_loss: 0.355 - train_accuracy: 0.872  - val_loss: 1.306 - val_accuracy: 0.870  - test_loss: 14.599 - test_accuracy: 0.175
Epoch 21/30
train_loss: 0.345 - train_accuracy: 0.876  - val_loss: 1.321 - val_accuracy: 0.881  - test_loss: 14.785 - test_accuracy: 0.175
Epoch 22/30
train_loss: 0.335 - train_accuracy: 0.880  - val_loss: 1.372 - val_accuracy: 0.885  - test_loss: 14.922 - test_accuracy: 0.159
Epoch 23/30
train_loss: 0.326 - train_accuracy: 0.883  - val_loss: 1.383 - val_accuracy: 0.877  - test_loss: 15.373 - test_accuracy: 0.159
Epoch 24/30
train_loss: 0.318 - train_accuracy: 0.886  - val_loss: 1.421 - val_accuracy: 0.870  - test_loss: 15.107 - test_accuracy: 0.159
Epoch 25/30
train_loss: 0.309 - train_accuracy: 0.889  - val_loss: 1.469 - val_accuracy: 0.877  - test_loss: 16.565 - test_accuracy: 0.175
Epoch 26/30
train_loss: 0.302 - train_accuracy: 0.892  - val_loss: 1.488 - val_accuracy: 0.885  - test_loss: 15.627 - test_accuracy: 0.175
Epoch 27/30
train_loss: 0.294 - train_accuracy: 0.894  - val_loss: 1.506 - val_accuracy: 0.877  - test_loss: 16.339 - test_accuracy: 0.159
Epoch 28/30
train_loss: 0.287 - train_accuracy: 0.897  - val_loss: 1.573 - val_accuracy: 0.877  - test_loss: 16.652 - test_accuracy: 0.175
Epoch 29/30
train_loss: 0.281 - train_accuracy: 0.900  - val_loss: 1.595 - val_accuracy: 0.889  - test_loss: 16.955 - test_accuracy: 0.175
Epoch 30/30
train_loss: 0.274 - train_accuracy: 0.902  - val_loss: 1.616 - val_accuracy: 0.881  - test_loss: 18.759 - test_accuracy: 0.159
Finished Training
