Runs on device: cpu
Neural Network Architecture:
Sequential(
  (0): Linear(in_features=1989, out_features=128, bias=True)
  (1): ReLU()
  (2): Linear(in_features=128, out_features=128, bias=True)
  (3): ReLU()
  (4): Linear(in_features=128, out_features=128, bias=True)
  (5): ReLU()
  (6): Linear(in_features=128, out_features=7, bias=True)
)
Epoch 1/30
train_loss: 1.317 - train_accuracy: 0.501  - val_loss: 1.088 - val_accuracy: 0.763  - test_loss: 2.976 - test_accuracy: 0.206
Epoch 2/30
train_loss: 1.086 - train_accuracy: 0.592  - val_loss: 1.010 - val_accuracy: 0.791  - test_loss: 3.679 - test_accuracy: 0.206
Epoch 3/30
train_loss: 1.003 - train_accuracy: 0.625  - val_loss: 0.999 - val_accuracy: 0.794  - test_loss: 4.210 - test_accuracy: 0.206
Epoch 4/30
train_loss: 0.949 - train_accuracy: 0.645  - val_loss: 0.977 - val_accuracy: 0.822  - test_loss: 4.866 - test_accuracy: 0.222
Epoch 5/30
train_loss: 0.909 - train_accuracy: 0.660  - val_loss: 0.966 - val_accuracy: 0.814  - test_loss: 4.708 - test_accuracy: 0.222
Epoch 6/30
train_loss: 0.877 - train_accuracy: 0.673  - val_loss: 0.965 - val_accuracy: 0.826  - test_loss: 5.447 - test_accuracy: 0.206
Epoch 7/30
train_loss: 0.850 - train_accuracy: 0.683  - val_loss: 0.966 - val_accuracy: 0.818  - test_loss: 5.304 - test_accuracy: 0.190
Epoch 8/30
train_loss: 0.826 - train_accuracy: 0.692  - val_loss: 0.967 - val_accuracy: 0.846  - test_loss: 5.433 - test_accuracy: 0.206
Epoch 9/30
train_loss: 0.805 - train_accuracy: 0.700  - val_loss: 0.977 - val_accuracy: 0.842  - test_loss: 6.052 - test_accuracy: 0.206
Epoch 10/30
train_loss: 0.786 - train_accuracy: 0.708  - val_loss: 0.969 - val_accuracy: 0.846  - test_loss: 6.129 - test_accuracy: 0.206
Epoch 11/30
train_loss: 0.770 - train_accuracy: 0.715  - val_loss: 0.996 - val_accuracy: 0.854  - test_loss: 6.463 - test_accuracy: 0.222
Epoch 12/30
