Optimizer:
Adam (
Parameter Group 0
    amsgrad: False
    betas: (0.9, 0.999)
    eps: 1e-08
    lr: 0.001
    weight_decay: 0
)
Criterion:
CrossEntropyLoss()
Model:
FeedForwardNet(
  (layers): ModuleList(
    (0): Linear(in_features=2379, out_features=128, bias=True)
    (1): ReLU()
    (2): Linear(in_features=128, out_features=128, bias=True)
    (3): ReLU()
    (4): BatchNorm1d(128, eps=1e-05, momentum=0.1, affine=True, track_running_stats=True)
    (5): Dropout(p=0.25, inplace=False)
    (6): Linear(in_features=128, out_features=128, bias=True)
    (7): ReLU()
    (8): BatchNorm1d(128, eps=1e-05, momentum=0.1, affine=True, track_running_stats=True)
    (9): Dropout(p=0.25, inplace=False)
    (10): Linear(in_features=128, out_features=7, bias=True)
  )
)
N epochs:  10
Batch size:  256
Left margin:  30
Right margin:  30
------------------------------------------------------------------------------------
     epoch      |      name      |      loss      |   acc_frames   |  acc_samples   
------------------------------------------------------------------------------------
       1        | trénovací sada |     1.249      |     0.519      |
       1        | validační sada |     1.069      |     0.582      |     0.800      
       1        | testovací sada |     1.102      |     0.574      |     0.785      
------------------------------------------------------------------------------------
       2        | trénovací sada |     1.055      |     0.598      |
       2        | validační sada |     1.012      |     0.610      |     0.815      
       2        | testovací sada |     1.044      |     0.596      |     0.825      
------------------------------------------------------------------------------------
       3        | trénovací sada |     0.989      |     0.623      |
       3        | validační sada |     0.986      |     0.618      |     0.853      
       3        | testovací sada |     1.015      |     0.608      |     0.836      
------------------------------------------------------------------------------------
       4        | trénovací sada |     0.947      |     0.640      |
       4        | validační sada |     0.974      |     0.625      |     0.834      
       4        | testovací sada |     1.001      |     0.614      |     0.844      
------------------------------------------------------------------------------------
       5        | trénovací sada |     0.919      |     0.651      |
       5        | validační sada |     0.971      |     0.628      |     0.851      
       5        | testovací sada |     0.997      |     0.619      |     0.857      
------------------------------------------------------------------------------------
       6        | trénovací sada |     0.899      |     0.658      |
       6        | validační sada |     0.958      |     0.634      |     0.853      
       6        | testovací sada |     0.982      |     0.623      |     0.855      
------------------------------------------------------------------------------------
       7        | trénovací sada |     0.882      |     0.666      |
       7        | validační sada |     0.949      |     0.639      |     0.868      
       7        | testovací sada |     0.985      |     0.624      |     0.859      
------------------------------------------------------------------------------------
       8        | trénovací sada |     0.871      |     0.669      |
       8        | validační sada |     0.951      |     0.635      |     0.853      
       8        | testovací sada |     0.970      |     0.627      |     0.863      
------------------------------------------------------------------------------------
       9        | trénovací sada |     0.861      |     0.674      |
       9        | validační sada |     0.945      |     0.639      |     0.853      
       9        | testovací sada |     0.969      |     0.630      |     0.849      
------------------------------------------------------------------------------------
       10       | trénovací sada |     0.851      |     0.677      |
       10       | validační sada |     0.947      |     0.640      |     0.861      
       10       | testovací sada |     0.966      |     0.631      |     0.859      
------------------------------------------------------------------------------------
