Optimizer:  Adam (
Parameter Group 0
    amsgrad: False
    betas: (0.9, 0.999)
    eps: 1e-08
    lr: 0.001
    weight_decay: 0
)
Criterion:  CrossEntropyLoss()
Model:  FeedForwardNet(
  (layers): ModuleList(
    (0): Linear(in_features=2379, out_features=64, bias=True)
    (1): ReLU()
    (2): BatchNorm1d(64, eps=1e-05, momentum=0.1, affine=True, track_running_stats=True)
    (3): BasicResidual(
      (layers): ModuleList(
        (0): Linear(in_features=64, out_features=64, bias=True)
        (1): ReLU()
        (2): BatchNorm1d(64, eps=1e-05, momentum=0.1, affine=True, track_running_stats=True)
        (3): Linear(in_features=64, out_features=64, bias=True)
        (4): ReLU()
        (5): BatchNorm1d(64, eps=1e-05, momentum=0.1, affine=True, track_running_stats=True)
      )
    )
    (4): Linear(in_features=64, out_features=7, bias=True)
  )
)
------------------------------------------------------------------------------------
     epoch      |      name      |      loss      |   acc_frames   |  acc_samples   
------------------------------------------------------------------------------------
       1        |train: anglický |     1.145      |     0.563      |
       1        | val: anglický  |     1.328      |     0.592      |     0.818      
       1        | test: italský  |     2.529      |     0.203      |     0.216      
------------------------------------------------------------------------------------
       2        |train: anglický |     1.017      |     0.612      |
       2        | val: anglický  |     1.131      |     0.617      |     0.847      
       2        | test: italský  |     2.518      |     0.203      |     0.245      
------------------------------------------------------------------------------------
       3        |train: anglický |     0.977      |     0.628      |
       3        | val: anglický  |     1.114      |     0.624      |     0.831      
       3        | test: italský  |     2.578      |     0.205      |     0.243      
------------------------------------------------------------------------------------
       4        |train: anglický |     0.955      |     0.636      |
       4        | val: anglický  |     1.092      |     0.617      |     0.862      
       4        | test: italský  |     2.591      |     0.208      |     0.247      
------------------------------------------------------------------------------------
       5        |train: anglický |     0.938      |     0.643      |
       5        | val: anglický  |     1.134      |     0.629      |     0.850      
       5        | test: italský  |     2.574      |     0.205      |     0.235      
------------------------------------------------------------------------------------
       6        |train: anglický |     0.926      |     0.647      |
       6        | val: anglický  |     1.157      |     0.629      |     0.856      
       6        | test: italský  |     2.723      |     0.215      |     0.247      
------------------------------------------------------------------------------------
       7        |train: anglický |     0.916      |     0.651      |
       7        | val: anglický  |     1.271      |     0.629      |     0.822      
       7        | test: italský  |     2.784      |     0.206      |     0.228      
------------------------------------------------------------------------------------
       8        |train: anglický |     0.908      |     0.654      |
       8        | val: anglický  |     1.067      |     0.633      |     0.862      
       8        | test: italský  |     2.783      |     0.205      |     0.235      
------------------------------------------------------------------------------------
       9        |train: anglický |     0.901      |     0.657      |
       9        | val: anglický  |     1.114      |     0.635      |     0.852      
       9        | test: italský  |     2.754      |     0.210      |     0.245      
------------------------------------------------------------------------------------
       10       |train: anglický |     0.896      |     0.659      |
       10       | val: anglický  |     1.285      |     0.633      |     0.860      
       10       | test: italský  |     2.773      |     0.206      |     0.224      
------------------------------------------------------------------------------------
