Optimizer:
Adam (
Parameter Group 0
    amsgrad: False
    betas: (0.9, 0.999)
    eps: 1e-08
    lr: 0.001
    weight_decay: 0
)
Criterion:
CrossEntropyLoss()
Model:
FeedForwardNet(
  (layers): ModuleList(
    (0): Linear(in_features=1989, out_features=128, bias=True)
    (1): ReLU()
    (2): Linear(in_features=128, out_features=128, bias=True)
    (3): ReLU()
    (4): Linear(in_features=128, out_features=128, bias=True)
    (5): ReLU()
    (6): Linear(in_features=128, out_features=128, bias=True)
    (7): ReLU()
    (8): Linear(in_features=128, out_features=3, bias=True)
  )
)
N epochs:  10
Batch size:  256
Left margin:  25
Right margin:  25
------------------------------------------------------------------------------------
     epoch      |      name      |      loss      |   acc_frames   |  acc_samples   
------------------------------------------------------------------------------------
       1        | trénovací sada |     0.580      |     0.733      |
       1        | validační sada |     0.634      |     0.717      |     0.861      
       1        | testovací sada |     0.619      |     0.723      |     0.881      
------------------------------------------------------------------------------------
       2        | trénovací sada |     0.428      |     0.808      |
       2        | validační sada |     0.691      |     0.721      |     0.866      
       2        | testovací sada |     0.688      |     0.724      |     0.895      
------------------------------------------------------------------------------------
       3        | trénovací sada |     0.359      |     0.841      |
       3        | validační sada |     0.772      |     0.718      |     0.857      
       3        | testovací sada |     0.756      |     0.727      |     0.874      
------------------------------------------------------------------------------------
       4        | trénovací sada |     0.316      |     0.862      |
       4        | validační sada |     0.828      |     0.727      |     0.885      
       4        | testovací sada |     0.826      |     0.731      |     0.889      
------------------------------------------------------------------------------------
       5        | trénovací sada |     0.284      |     0.878      |
       5        | validační sada |     0.887      |     0.721      |     0.902      
       5        | testovací sada |     0.882      |     0.726      |     0.902      
------------------------------------------------------------------------------------
       6        | trénovací sada |     0.263      |     0.888      |
       6        | validační sada |     0.956      |     0.723      |     0.891      
       6        | testovací sada |     0.940      |     0.729      |     0.919      
------------------------------------------------------------------------------------
       7        | trénovací sada |     0.245      |     0.896      |
       7        | validační sada |     1.055      |     0.721      |     0.891      
       7        | testovací sada |     1.022      |     0.727      |     0.896      
------------------------------------------------------------------------------------
       8        | trénovací sada |     0.232      |     0.902      |
       8        | validační sada |     1.097      |     0.725      |     0.878      
       8        | testovací sada |     1.072      |     0.730      |     0.895      
------------------------------------------------------------------------------------
       9        | trénovací sada |     0.221      |     0.907      |
       9        | validační sada |     1.149      |     0.721      |     0.878      
       9        | testovací sada |     1.156      |     0.730      |     0.887      
------------------------------------------------------------------------------------
       10       | trénovací sada |     0.213      |     0.911      |
       10       | validační sada |     1.205      |     0.713      |     0.904      
       10       | testovací sada |     1.185      |     0.720      |     0.910      
------------------------------------------------------------------------------------
