Runs on device: cpu
Neural Network Architecture:
Sequential(
  (0): Linear(in_features=1989, out_features=128, bias=True)
  (1): ReLU()
  (2): Linear(in_features=128, out_features=128, bias=True)
  (3): ReLU()
  (4): Linear(in_features=128, out_features=128, bias=True)
  (5): ReLU()
  (6): Linear(in_features=128, out_features=7, bias=True)
)
Batch size: 512
Learning rate: 0.0001
------------------------------------------------------------------------------------
     epoch      |      name      |      loss      |   acc_frames   |  acc_samples   
------------------------------------------------------------------------------------
------------------------------------------------------------------------------------
       1        |  train: inter  |     1.253      |     0.528      |
       1        |   val: inter   |     1.150      |     0.565      |     0.824      
       1        |   test: ital   |     2.376      |     0.197      |     0.247      
       1        |  test: czech   |     4.279      |     0.079      |     0.143      
------------------------------------------------------------------------------------
       2        |  train: inter  |     1.000      |     0.625      |
       2        |   val: inter   |     1.081      |     0.595      |     0.852      
       2        |   test: ital   |     2.575      |     0.202      |     0.250      
       2        |  test: czech   |     5.151      |     0.076      |     0.143      
------------------------------------------------------------------------------------
       3        |  train: inter  |     0.916      |     0.657      |
       3        |   val: inter   |     1.060      |     0.604      |     0.877      
       3        |   test: ital   |     2.707      |     0.203      |     0.260      
       3        |  test: czech   |     6.039      |     0.091      |     0.159      
------------------------------------------------------------------------------------
       4        |  train: inter  |     0.863      |     0.677      |
       4        |   val: inter   |     1.056      |     0.611      |     0.875      
       4        |   test: ital   |     2.879      |     0.198      |     0.241      
       4        |  test: czech   |     6.387      |     0.086      |     0.159      
------------------------------------------------------------------------------------
       5        |  train: inter  |     0.824      |     0.692      |
       5        |   val: inter   |     1.052      |     0.614      |     0.886      
       5        |   test: ital   |     3.063      |     0.198      |     0.240      
       5        |  test: czech   |     7.332      |     0.087      |     0.159      
------------------------------------------------------------------------------------
       6        |  train: inter  |     0.792      |     0.705      |
       6        |   val: inter   |     1.050      |     0.625      |     0.875      
       6        |   test: ital   |     3.084      |     0.194      |     0.243      
       6        |  test: czech   |     6.927      |     0.094      |     0.159      
------------------------------------------------------------------------------------
       7        |  train: inter  |     0.765      |     0.715      |
       7        |   val: inter   |     1.059      |     0.621      |     0.888      
       7        |   test: ital   |     3.232      |     0.194      |     0.248      
       7        |  test: czech   |     7.460      |     0.097      |     0.159      
------------------------------------------------------------------------------------
       8        |  train: inter  |     0.741      |     0.724      |
       8        |   val: inter   |     1.053      |     0.629      |     0.886      
       8        |   test: ital   |     3.301      |     0.199      |     0.247      
       8        |  test: czech   |     7.190      |     0.103      |     0.159      
------------------------------------------------------------------------------------
       9        |  train: inter  |     0.720      |     0.732      |
       9        |   val: inter   |     1.062      |     0.627      |     0.898      
       9        |   test: ital   |     3.369      |     0.193      |     0.250      
       9        |  test: czech   |     8.056      |     0.096      |     0.159      
------------------------------------------------------------------------------------
       10       |  train: inter  |     0.702      |     0.739      |
       10       |   val: inter   |     1.069      |     0.627      |     0.892      
       10       |   test: ital   |     3.467      |     0.195      |     0.240      
       10       |  test: czech   |     8.370      |     0.103      |     0.159      
------------------------------------------------------------------------------------
       11       |  train: inter  |     0.685      |     0.745      |
       11       |   val: inter   |     1.073      |     0.628      |     0.898      
       11       |   test: ital   |     3.550      |     0.196      |     0.253      
       11       |  test: czech   |     8.239      |     0.103      |     0.159      
------------------------------------------------------------------------------------
       12       |  train: inter  |     0.670      |     0.751      |
       12       |   val: inter   |     1.080      |     0.630      |     0.900      
       12       |   test: ital   |     3.648      |     0.194      |     0.250      
       12       |  test: czech   |     8.321      |     0.097      |     0.175      
------------------------------------------------------------------------------------
       13       |  train: inter  |     0.656      |     0.757      |
       13       |   val: inter   |     1.091      |     0.632      |     0.907      
       13       |   test: ital   |     3.782      |     0.191      |     0.250      
       13       |  test: czech   |     8.783      |     0.108      |     0.175      
------------------------------------------------------------------------------------
       14       |  train: inter  |     0.643      |     0.761      |
       14       |   val: inter   |     1.109      |     0.627      |     0.905      
       14       |   test: ital   |     3.900      |     0.192      |     0.228      
       14       |  test: czech   |     8.810      |     0.112      |     0.190      
------------------------------------------------------------------------------------
       15       |  train: inter  |     0.631      |     0.766      |
       15       |   val: inter   |     1.119      |     0.628      |     0.915      
       15       |   test: ital   |     3.955      |     0.193      |     0.247      
       15       |  test: czech   |     8.831      |     0.119      |     0.175      
------------------------------------------------------------------------------------
       16       |  train: inter  |     0.619      |     0.770      |
       16       |   val: inter   |     1.127      |     0.630      |     0.903      
       16       |   test: ital   |     4.062      |     0.194      |     0.236      
       16       |  test: czech   |     8.930      |     0.116      |     0.175      
------------------------------------------------------------------------------------
       17       |  train: inter  |     0.608      |     0.775      |
       17       |   val: inter   |     1.135      |     0.633      |     0.907      
       17       |   test: ital   |     4.122      |     0.189      |     0.245      
       17       |  test: czech   |     9.186      |     0.108      |     0.175      
------------------------------------------------------------------------------------
       18       |  train: inter  |     0.599      |     0.778      |
       18       |   val: inter   |     1.146      |     0.629      |     0.909      
       18       |   test: ital   |     4.265      |     0.188      |     0.233      
       18       |  test: czech   |     9.213      |     0.113      |     0.175      
------------------------------------------------------------------------------------
       19       |  train: inter  |     0.589      |     0.782      |
       19       |   val: inter   |     1.161      |     0.631      |     0.909      
       19       |   test: ital   |     4.258      |     0.189      |     0.248      
       19       |  test: czech   |     9.943      |     0.115      |     0.175      
------------------------------------------------------------------------------------
       20       |  train: inter  |     0.580      |     0.786      |
       20       |   val: inter   |     1.175      |     0.626      |     0.915      
       20       |   test: ital   |     4.352      |     0.187      |     0.250      
       20       |  test: czech   |     9.773      |     0.113      |     0.175      
------------------------------------------------------------------------------------
       21       |  train: inter  |     0.571      |     0.789      |
       21       |   val: inter   |     1.189      |     0.627      |     0.919      
       21       |   test: ital   |     4.496      |     0.186      |     0.231      
       21       |  test: czech   |     10.203     |     0.120      |     0.190      
------------------------------------------------------------------------------------
       22       |  train: inter  |     0.563      |     0.792      |
       22       |   val: inter   |     1.201      |     0.627      |     0.911      
       22       |   test: ital   |     4.512      |     0.187      |     0.238      
       22       |  test: czech   |     10.205     |     0.125      |     0.175      
------------------------------------------------------------------------------------
       23       |  train: inter  |     0.555      |     0.795      |
       23       |   val: inter   |     1.217      |     0.630      |     0.903      
       23       |   test: ital   |     4.538      |     0.191      |     0.247      
       23       |  test: czech   |     10.250     |     0.125      |     0.175      
------------------------------------------------------------------------------------
       24       |  train: inter  |     0.549      |     0.797      |
       24       |   val: inter   |     1.221      |     0.627      |     0.907      
       24       |   test: ital   |     4.694      |     0.188      |     0.243      
       24       |  test: czech   |     10.096     |     0.128      |     0.175      
------------------------------------------------------------------------------------
       25       |  train: inter  |     0.541      |     0.800      |
       25       |   val: inter   |     1.227      |     0.630      |     0.907      
       25       |   test: ital   |     4.666      |     0.182      |     0.228      
       25       |  test: czech   |     10.596     |     0.121      |     0.159      
------------------------------------------------------------------------------------
       26       |  train: inter  |     0.534      |     0.803      |
       26       |   val: inter   |     1.238      |     0.631      |     0.909      
       26       |   test: ital   |     4.798      |     0.187      |     0.223      
       26       |  test: czech   |     11.060     |     0.127      |     0.175      
------------------------------------------------------------------------------------
       27       |  train: inter  |     0.528      |     0.805      |
       27       |   val: inter   |     1.262      |     0.627      |     0.915      
       27       |   test: ital   |     4.876      |     0.186      |     0.226      
       27       |  test: czech   |     11.300     |     0.129      |     0.159      
------------------------------------------------------------------------------------
       28       |  train: inter  |     0.522      |     0.807      |
       28       |   val: inter   |     1.264      |     0.625      |     0.915      
       28       |   test: ital   |     4.851      |     0.186      |     0.233      
       28       |  test: czech   |     10.905     |     0.124      |     0.175      
------------------------------------------------------------------------------------
       29       |  train: inter  |     0.515      |     0.810      |
       29       |   val: inter   |     1.283      |     0.624      |     0.917      
       29       |   test: ital   |     4.974      |     0.182      |     0.236      
       29       |  test: czech   |     11.500     |     0.122      |     0.159      
------------------------------------------------------------------------------------
       30       |  train: inter  |     0.510      |     0.812      |
       30       |   val: inter   |     1.280      |     0.631      |     0.911      
       30       |   test: ital   |     4.990      |     0.187      |     0.238      
       30       |  test: czech   |     11.713     |     0.145      |     0.222      
Finished Training
